FUSE library version: 2.9.7
unique: 1, opcode: INIT (26), nodeid: 0, insize: 56, pid: 0
INIT: 7.23
flags=0x0003f7fb
max_readahead=0x00020000
   INIT: 7.19
   flags=0x00000000
   max_readahead=0x00020000
   max_write=0x00020000
   max_background=0
   congestion_threshold=0
   unique: 1, success, outsize: 40
unique: 2, opcode: ACCESS (34), nodeid: 1, insize: 48, pid: 1672
   unique: 2, error: -38 (Function not implemented), outsize: 16
unique: 3, opcode: LOOKUP (1), nodeid: 1, insize: 47, pid: 1672
isdir: 1 is a dir
isdir: 1 is a dir
   unique: 3, error: -2 (No such file or directory), outsize: 16
unique: 4, opcode: LOOKUP (1), nodeid: 1, insize: 52, pid: 1672
isdir: 1 is a dir
isdir: 1 is a dir
   unique: 4, error: -2 (No such file or directory), outsize: 16
unique: 5, opcode: OPENDIR (27), nodeid: 1, insize: 48, pid: 1601
   unique: 5, success, outsize: 32
unique: 6, opcode: READDIR (28), nodeid: 1, insize: 80, pid: 1601
fuseserver_readdir
isdir: 1 is a dir
isdir: 1 is a dir
   unique: 6, success, outsize: 16
unique: 7, opcode: RELEASEDIR (29), nodeid: 1, insize: 64, pid: 0
   unique: 7, success, outsize: 16
unique: 8, opcode: OPENDIR (27), nodeid: 1, insize: 48, pid: 1601
   unique: 8, success, outsize: 32
unique: 9, opcode: READDIR (28), nodeid: 1, insize: 80, pid: 1601
fuseserver_readdir
isdir: 1 is a dir
isdir: 1 is a dir
   unique: 9, success, outsize: 16
unique: 10, opcode: RELEASEDIR (29), nodeid: 1, insize: 64, pid: 0
   unique: 10, success, outsize: 16
unique: 11, opcode: OPENDIR (27), nodeid: 1, insize: 48, pid: 1601
   unique: 11, success, outsize: 32
unique: 12, opcode: READDIR (28), nodeid: 1, insize: 80, pid: 1601
fuseserver_readdir
isdir: 1 is a dir
isdir: 1 is a dir
   unique: 12, success, outsize: 16
unique: 13, opcode: RELEASEDIR (29), nodeid: 1, insize: 64, pid: 0
   unique: 13, success, outsize: 16
unique: 14, opcode: OPENDIR (27), nodeid: 1, insize: 48, pid: 1601
   unique: 14, success, outsize: 32
unique: 15, opcode: READDIR (28), nodeid: 1, insize: 80, pid: 1601
fuseserver_readdir
isdir: 1 is a dir
isdir: 1 is a dir
   unique: 15, success, outsize: 16
unique: 16, opcode: RELEASEDIR (29), nodeid: 1, insize: 64, pid: 0
   unique: 16, success, outsize: 16
unique: 17, opcode: OPENDIR (27), nodeid: 1, insize: 48, pid: 1601
   unique: 17, success, outsize: 32
unique: 18, opcode: READDIR (28), nodeid: 1, insize: 80, pid: 1601
fuseserver_readdir
isdir: 1 is a dir
isdir: 1 is a dir
   unique: 18, success, outsize: 16
unique: 19, opcode: RELEASEDIR (29), nodeid: 1, insize: 64, pid: 0
   unique: 19, success, outsize: 16
unique: 20, opcode: OPENDIR (27), nodeid: 1, insize: 48, pid: 1601
   unique: 20, success, outsize: 32
unique: 21, opcode: READDIR (28), nodeid: 1, insize: 80, pid: 1601
fuseserver_readdir
isdir: 1 is a dir
isdir: 1 is a dir
   unique: 21, success, outsize: 16
unique: 22, opcode: RELEASEDIR (29), nodeid: 1, insize: 64, pid: 0
   unique: 22, success, outsize: 16
unique: 23, opcode: OPENDIR (27), nodeid: 1, insize: 48, pid: 1601
   unique: 23, success, outsize: 32
unique: 24, opcode: READDIR (28), nodeid: 1, insize: 80, pid: 1601
fuseserver_readdir
isdir: 1 is a dir
isdir: 1 is a dir
   unique: 24, success, outsize: 16
unique: 25, opcode: RELEASEDIR (29), nodeid: 1, insize: 64, pid: 0
   unique: 25, success, outsize: 16
unique: 26, opcode: OPENDIR (27), nodeid: 1, insize: 48, pid: 1601
   unique: 26, success, outsize: 32
unique: 27, opcode: READDIR (28), nodeid: 1, insize: 80, pid: 1601
fuseserver_readdir
isdir: 1 is a dir
isdir: 1 is a dir
   unique: 27, success, outsize: 16
unique: 28, opcode: RELEASEDIR (29), nodeid: 1, insize: 64, pid: 0
   unique: 28, success, outsize: 16
unique: 29, opcode: OPENDIR (27), nodeid: 1, insize: 48, pid: 1601
   unique: 29, success, outsize: 32
unique: 30, opcode: READDIR (28), nodeid: 1, insize: 80, pid: 1601
fuseserver_readdir
isdir: 1 is a dir
isdir: 1 is a dir
   unique: 30, success, outsize: 16
unique: 31, opcode: RELEASEDIR (29), nodeid: 1, insize: 64, pid: 0
   unique: 31, success, outsize: 16
unique: 32, opcode: OPENDIR (27), nodeid: 1, insize: 48, pid: 1601
   unique: 32, success, outsize: 32
unique: 33, opcode: READDIR (28), nodeid: 1, insize: 80, pid: 1601
fuseserver_readdir
isdir: 1 is a dir
isdir: 1 is a dir
   unique: 33, success, outsize: 16
unique: 34, opcode: RELEASEDIR (29), nodeid: 1, insize: 64, pid: 0
   unique: 34, success, outsize: 16
unique: 35, opcode: OPENDIR (27), nodeid: 1, insize: 48, pid: 1601
   unique: 35, success, outsize: 32
unique: 36, opcode: READDIR (28), nodeid: 1, insize: 80, pid: 1601
fuseserver_readdir
isdir: 1 is a dir
isdir: 1 is a dir
   unique: 36, success, outsize: 16
unique: 37, opcode: RELEASEDIR (29), nodeid: 1, insize: 64, pid: 0
   unique: 37, success, outsize: 16
unique: 38, opcode: OPENDIR (27), nodeid: 1, insize: 48, pid: 1601
   unique: 38, success, outsize: 32
unique: 39, opcode: READDIR (28), nodeid: 1, insize: 80, pid: 1601
fuseserver_readdir
isdir: 1 is a dir
isdir: 1 is a dir
   unique: 39, success, outsize: 16
unique: 40, opcode: RELEASEDIR (29), nodeid: 1, insize: 64, pid: 0
   unique: 40, success, outsize: 16
unique: 41, opcode: OPENDIR (27), nodeid: 1, insize: 48, pid: 1601
   unique: 41, success, outsize: 32
unique: 42, opcode: READDIR (28), nodeid: 1, insize: 80, pid: 1601
fuseserver_readdir
isdir: 1 is a dir
isdir: 1 is a dir
   unique: 42, success, outsize: 16
unique: 43, opcode: RELEASEDIR (29), nodeid: 1, insize: 64, pid: 0
   unique: 43, success, outsize: 16
unique: 44, opcode: OPENDIR (27), nodeid: 1, insize: 48, pid: 1601
   unique: 44, success, outsize: 32
unique: 45, opcode: READDIR (28), nodeid: 1, insize: 80, pid: 1601
fuseserver_readdir
isdir: 1 is a dir
isdir: 1 is a dir
   unique: 45, success, outsize: 16
unique: 46, opcode: RELEASEDIR (29), nodeid: 1, insize: 64, pid: 0
   unique: 46, success, outsize: 16
unique: 47, opcode: OPENDIR (27), nodeid: 1, insize: 48, pid: 1601
   unique: 47, success, outsize: 32
unique: 48, opcode: READDIR (28), nodeid: 1, insize: 80, pid: 1601
fuseserver_readdir
isdir: 1 is a dir
isdir: 1 is a dir
   unique: 48, success, outsize: 16
unique: 49, opcode: RELEASEDIR (29), nodeid: 1, insize: 64, pid: 0
   unique: 49, success, outsize: 16
unique: 50, opcode: OPENDIR (27), nodeid: 1, insize: 48, pid: 1601
   unique: 50, success, outsize: 32
unique: 51, opcode: READDIR (28), nodeid: 1, insize: 80, pid: 1601
fuseserver_readdir
isdir: 1 is a dir
isdir: 1 is a dir
   unique: 51, success, outsize: 16
unique: 52, opcode: RELEASEDIR (29), nodeid: 1, insize: 64, pid: 0
   unique: 52, success, outsize: 16
unique: 53, opcode: OPENDIR (27), nodeid: 1, insize: 48, pid: 1601
   unique: 53, success, outsize: 32
unique: 54, opcode: READDIR (28), nodeid: 1, insize: 80, pid: 1601
fuseserver_readdir
isdir: 1 is a dir
isdir: 1 is a dir
   unique: 54, success, outsize: 16
unique: 55, opcode: RELEASEDIR (29), nodeid: 1, insize: 64, pid: 0
   unique: 55, success, outsize: 16
unique: 56, opcode: OPENDIR (27), nodeid: 1, insize: 48, pid: 1601
   unique: 56, success, outsize: 32
unique: 57, opcode: READDIR (28), nodeid: 1, insize: 80, pid: 1601
fuseserver_readdir
isdir: 1 is a dir
isdir: 1 is a dir
   unique: 57, success, outsize: 16
unique: 58, opcode: RELEASEDIR (29), nodeid: 1, insize: 64, pid: 0
   unique: 58, success, outsize: 16
unique: 59, opcode: OPENDIR (27), nodeid: 1, insize: 48, pid: 1601
   unique: 59, success, outsize: 32
unique: 60, opcode: READDIR (28), nodeid: 1, insize: 80, pid: 1601
fuseserver_readdir
isdir: 1 is a dir
isdir: 1 is a dir
   unique: 60, success, outsize: 16
unique: 61, opcode: RELEASEDIR (29), nodeid: 1, insize: 64, pid: 0
   unique: 61, success, outsize: 16
unique: 62, opcode: OPENDIR (27), nodeid: 1, insize: 48, pid: 1601
   unique: 62, success, outsize: 32
unique: 63, opcode: READDIR (28), nodeid: 1, insize: 80, pid: 1601
fuseserver_readdir
isdir: 1 is a dir
isdir: 1 is a dir
   unique: 63, success, outsize: 16
unique: 64, opcode: RELEASEDIR (29), nodeid: 1, insize: 64, pid: 0
   unique: 64, success, outsize: 16
unique: 65, opcode: OPENDIR (27), nodeid: 1, insize: 48, pid: 1601
   unique: 65, success, outsize: 32
unique: 66, opcode: READDIR (28), nodeid: 1, insize: 80, pid: 1601
fuseserver_readdir
isdir: 1 is a dir
isdir: 1 is a dir
   unique: 66, success, outsize: 16
unique: 67, opcode: RELEASEDIR (29), nodeid: 1, insize: 64, pid: 0
   unique: 67, success, outsize: 16
unique: 68, opcode: OPENDIR (27), nodeid: 1, insize: 48, pid: 1601
   unique: 68, success, outsize: 32
unique: 69, opcode: READDIR (28), nodeid: 1, insize: 80, pid: 1601
fuseserver_readdir
isdir: 1 is a dir
isdir: 1 is a dir
   unique: 69, success, outsize: 16
unique: 70, opcode: RELEASEDIR (29), nodeid: 1, insize: 64, pid: 0
   unique: 70, success, outsize: 16
unique: 71, opcode: GETATTR (3), nodeid: 1, insize: 56, pid: 27127
isfile: 1 is not a file
getattr 0000000000000001 0
isfile: 1 is not a file
isdir: 1 is a dir
getdir 0000000000000001
   getattr -> 1480767381 1480767383 1480767383
   unique: 71, success, outsize: 120
unique: 72, opcode: LOOKUP (1), nodeid: 1, insize: 57, pid: 30359
isdir: 1 is a dir
isdir: 1 is a dir
   unique: 72, error: -2 (No such file or directory), outsize: 16
unique: 73, opcode: LOOKUP (1), nodeid: 1, insize: 52, pid: 30360
isdir: 1 is a dir
isdir: 1 is a dir
   unique: 73, error: -2 (No such file or directory), outsize: 16
unique: 74, opcode: OPENDIR (27), nodeid: 1, insize: 48, pid: 30359
   unique: 74, success, outsize: 32
unique: 75, opcode: READDIR (28), nodeid: 1, insize: 80, pid: 30360
fuseserver_readdir
isdir: 1 is a dir
isdir: 1 is a dir
   unique: 75, success, outsize: 16
unique: 76, opcode: RELEASEDIR (29), nodeid: 1, insize: 64, pid: 0
   unique: 76, success, outsize: 16
unique: 77, opcode: GETATTR (3), nodeid: 1, insize: 56, pid: 27127
isfile: 1 is not a file
getattr 0000000000000001 0
isfile: 1 is not a file
isdir: 1 is a dir
getdir 0000000000000001
   getattr -> 1480767381 1480767383 1480767383
   unique: 77, success, outsize: 120
unique: 78, opcode: LOOKUP (1), nodeid: 1, insize: 47, pid: 30367
isdir: 1 is a dir
isdir: 1 is a dir
   unique: 78, error: -2 (No such file or directory), outsize: 16
unique: 79, opcode: MKDIR (9), nodeid: 1, insize: 55, pid: 30367
isdir: 1 is a dir
isdir: 1 is a dir
isdir: 1 is a dir
isfile: 2 is not a file
getattr 0000000000000002 0
isfile: 2 is not a file
isdir: 2 is a dir
getdir 0000000000000002
   getattr -> 1480767395 1480767395 1480767395
   unique: 79, success, outsize: 144
unique: 80, opcode: LOOKUP (1), nodeid: 1, insize: 47, pid: 1673
isdir: 1 is a dir
isdir: 1 is a dir
isfile: 2 is not a file
getattr 0000000000000002 0
isfile: 2 is not a file
isdir: 2 is a dir
getdir 0000000000000002
   getattr -> 1480767395 1480767395 1480767395
   unique: 80, success, outsize: 144
unique: 81, opcode: GETATTR (3), nodeid: 2, insize: 56, pid: 1673
isfile: 2 is not a file
getattr 0000000000000002 0
isfile: 2 is not a file
isdir: 2 is a dir
getdir 0000000000000002
   getattr -> 1480767395 1480767395 1480767395
   unique: 81, success, outsize: 120
unique: 82, opcode: LOOKUP (1), nodeid: 1, insize: 47, pid: 1673
isdir: 1 is a dir
isdir: 1 is a dir
isfile: 2 is not a file
getattr 0000000000000002 0
isfile: 2 is not a file
isdir: 2 is a dir
getdir 0000000000000002
   getattr -> 1480767395 1480767395 1480767395
   unique: 82, success, outsize: 144
unique: 83, opcode: GETATTR (3), nodeid: 2, insize: 56, pid: 1673
isfile: 2 is not a file
getattr 0000000000000002 0
isfile: 2 is not a file
isdir: 2 is a dir
getdir 0000000000000002
   getattr -> 1480767395 1480767395 1480767395
   unique: 83, success, outsize: 120
unique: 84, opcode: GETATTR (3), nodeid: 1, insize: 56, pid: 27128
isfile: 1 is not a file
getattr 0000000000000001 0
isfile: 1 is not a file
isdir: 1 is a dir
getdir 0000000000000001
   getattr -> 1480767381 1480767395 1480767395
   unique: 84, success, outsize: 120
unique: 85, opcode: GETATTR (3), nodeid: 1, insize: 56, pid: 27127
isfile: 1 is not a file
getattr 0000000000000001 0
isfile: 1 is not a file
isdir: 1 is a dir
getdir 0000000000000001
   getattr -> 1480767381 1480767395 1480767395
   unique: 85, success, outsize: 120
unique: 86, opcode: GETATTR (3), nodeid: 1, insize: 56, pid: 27128
isfile: 1 is not a file
getattr 0000000000000001 0
isfile: 1 is not a file
isdir: 1 is a dir
getdir 0000000000000001
   getattr -> 1480767381 1480767395 1480767395
   unique: 86, success, outsize: 120
unique: 87, opcode: GETATTR (3), nodeid: 1, insize: 56, pid: 27130
isfile: 1 is not a file
getattr 0000000000000001 0
isfile: 1 is not a file
isdir: 1 is a dir
getdir 0000000000000001
   getattr -> 1480767381 1480767395 1480767395
   unique: 87, success, outsize: 120
unique: 88, opcode: GETATTR (3), nodeid: 1, insize: 56, pid: 27129
isfile: 1 is not a file
getattr 0000000000000001 0
isfile: 1 is not a file
isdir: 1 is a dir
getdir 0000000000000001
   getattr -> 1480767381 1480767395 1480767395
   unique: 88, success, outsize: 120
unique: 89, opcode: GETATTR (3), nodeid: 1, insize: 56, pid: 27129
isfile: 1 is not a file
getattr 0000000000000001 0
isfile: 1 is not a file
isdir: 1 is a dir
getdir 0000000000000001
   getattr -> 1480767381 1480767395 1480767395
   unique: 89, success, outsize: 120
unique: 90, opcode: LOOKUP (1), nodeid: 1, insize: 47, pid: 30367
isdir: 1 is a dir
isdir: 1 is a dir
isfile: 2 is not a file
getattr 0000000000000002 0
isfile: 2 is not a file
isdir: 2 is a dir
getdir 0000000000000002
   getattr -> 1480767395 1480767395 1480767395
   unique: 90, success, outsize: 144
unique: 91, opcode: LOOKUP (1), nodeid: 2, insize: 43, pid: 30367
isdir: 2 is a dir
isdir: 2 is a dir
   unique: 91, error: -2 (No such file or directory), outsize: 16
unique: 92, opcode: CREATE (35), nodeid: 2, insize: 59, pid: 30367
isdir: 2 is a dir
isdir: 2 is a dir
isdir: 2 is a dir
isfile: 3 is a file
getattr 0000000000000003 1
isfile: 3 is a file
getfile 0000000000000003
getfile 0000000000000003 -> sz 0
   getattr -> 0
   unique: 92, success, outsize: 160
OK: create returns.
unique: 93, opcode: GETXATTR (22), nodeid: 3, insize: 68, pid: 30367
   unique: 93, error: -38 (Function not implemented), outsize: 16
unique: 94, opcode: WRITE (16), nodeid: 3, insize: 83, pid: 30367
   unique: 94, success, outsize: 24
unique: 95, opcode: FLUSH (25), nodeid: 3, insize: 64, pid: 30367
   unique: 95, error: -38 (Function not implemented), outsize: 16
unique: 96, opcode: RELEASE (18), nodeid: 3, insize: 64, pid: 0
   unique: 96, success, outsize: 16
unique: 97, opcode: GETATTR (3), nodeid: 1, insize: 56, pid: 27130
isfile: 1 is not a file
getattr 0000000000000001 0
isfile: 1 is not a file
isdir: 1 is a dir
getdir 0000000000000001
   getattr -> 1480767381 1480767395 1480767395
   unique: 97, success, outsize: 120
commit a new version
unique: 98, opcode: GETATTR (3), nodeid: 1, insize: 56, pid: 27127
isfile: 1 is not a file
getattr 0000000000000001 0
isfile: 1 is not a file
isdir: 1 is a dir
getdir 0000000000000001
   getattr -> 1480767381 1480767395 1480767395
   unique: 98, success, outsize: 120
unique: 99, opcode: LOOKUP (1), nodeid: 1, insize: 47, pid: 30367
isdir: 1 is a dir
isdir: 1 is a dir
isfile: 2 is not a file
getattr 0000000000000002 0
isfile: 2 is not a file
isdir: 2 is a dir
getdir 0000000000000002
   getattr -> 1480767395 1480767396 1480767396
   unique: 99, success, outsize: 144
unique: 100, opcode: LOOKUP (1), nodeid: 2, insize: 43, pid: 30367
isdir: 2 is a dir
isdir: 2 is a dir
isfile: 3 is a file
getattr 0000000000000003 1
isfile: 3 is a file
getfile 0000000000000003
getfile 0000000000000003 -> sz 3
   getattr -> 3
   unique: 100, success, outsize: 144
unique: 101, opcode: OPEN (14), nodeid: 3, insize: 48, pid: 30367
   unique: 101, success, outsize: 32
unique: 102, opcode: GETATTR (3), nodeid: 3, insize: 56, pid: 30367
isfile: 3 is a file
getattr 0000000000000003 1
isfile: 3 is a file
getfile 0000000000000003
getfile 0000000000000003 -> sz 3
   getattr -> 3
   unique: 102, success, outsize: 120
unique: 103, opcode: READ (15), nodeid: 3, insize: 80, pid: 30367
   unique: 103, success, outsize: 19
unique: 104, opcode: RELEASE (18), nodeid: 3, insize: 64, pid: 0
   unique: 104, success, outsize: 16
unique: 105, opcode: GETATTR (3), nodeid: 1, insize: 56, pid: 27128
isfile: 1 is not a file
getattr 0000000000000001 0
isfile: 1 is not a file
isdir: 1 is a dir
getdir 0000000000000001
   getattr -> 1480767381 1480767395 1480767395
   unique: 105, success, outsize: 120
unique: 106, opcode: GETATTR (3), nodeid: 1, insize: 56, pid: 27127
isfile: 1 is not a file
getattr 0000000000000001 0
isfile: 1 is not a file
isdir: 1 is a dir
getdir 0000000000000001
   getattr -> 1480767381 1480767395 1480767395
   unique: 106, success, outsize: 120
unique: 107, opcode: GETATTR (3), nodeid: 1, insize: 56, pid: 27129
isfile: 1 is not a file
getattr 0000000000000001 0
isfile: 1 is not a file
isdir: 1 is a dir
getdir 0000000000000001
   getattr -> 1480767381 1480767395 1480767395
   unique: 107, success, outsize: 120
unique: 108, opcode: GETATTR (3), nodeid: 1, insize: 56, pid: 27130
isfile: 1 is not a file
getattr 0000000000000001 0
isfile: 1 is not a file
isdir: 1 is a dir
getdir 0000000000000001
   getattr -> 1480767381 1480767395 1480767395
   unique: 108, success, outsize: 120
unique: 109, opcode: GETATTR (3), nodeid: 1, insize: 56, pid: 27128
isfile: 1 is not a file
getattr 0000000000000001 0
isfile: 1 is not a file
isdir: 1 is a dir
getdir 0000000000000001
   getattr -> 1480767381 1480767395 1480767395
   unique: 109, success, outsize: 120
unique: 110, opcode: LOOKUP (1), nodeid: 1, insize: 47, pid: 30367
isdir: 1 is a dir
isdir: 1 is a dir
isfile: 2 is not a file
getattr 0000000000000002 0
isfile: 2 is not a file
isdir: 2 is a dir
getdir 0000000000000002
   getattr -> 1480767395 1480767396 1480767396
   unique: 110, success, outsize: 144
unique: 111, opcode: LOOKUP (1), nodeid: 2, insize: 43, pid: 30367
isdir: 2 is a dir
isdir: 2 is a dir
isfile: 3 is a file
getattr 0000000000000003 1
isfile: 3 is a file
getfile 0000000000000003
getfile 0000000000000003 -> sz 3
   getattr -> 3
   unique: 111, success, outsize: 144
unique: 112, opcode: UNLINK (10), nodeid: 2, insize: 43, pid: 30367
isdir: 2 is a dir
isdir: 2 is a dir
   unique: 112, success, outsize: 16
unique: 113, opcode: FORGET (2), nodeid: 3, insize: 48, pid: 0
unique: 114, opcode: GETATTR (3), nodeid: 1, insize: 56, pid: 27129
isfile: 1 is not a file
getattr 0000000000000001 0
isfile: 1 is not a file
isdir: 1 is a dir
getdir 0000000000000001
   getattr -> 1480767381 1480767395 1480767395
   unique: 114, success, outsize: 120
unique: 115, opcode: LOOKUP (1), nodeid: 1, insize: 47, pid: 30367
isdir: 1 is a dir
isdir: 1 is a dir
isfile: 2 is not a file
getattr 0000000000000002 0
isfile: 2 is not a file
isdir: 2 is a dir
getdir 0000000000000002
   getattr -> 1480767395 1480767397 1480767397
   unique: 115, success, outsize: 144
unique: 116, opcode: LOOKUP (1), nodeid: 2, insize: 44, pid: 30367
isdir: 2 is a dir
isdir: 2 is a dir
   unique: 116, error: -2 (No such file or directory), outsize: 16
unique: 117, opcode: CREATE (35), nodeid: 2, insize: 60, pid: 30367
isdir: 2 is a dir
isdir: 2 is a dir
isdir: 2 is a dir
isfile: 4 is a file
getattr 0000000000000004 1
isfile: 4 is a file
getfile 0000000000000004
getfile 0000000000000004 -> sz 0
   getattr -> 0
   unique: 117, success, outsize: 160
OK: create returns.
unique: 118, opcode: GETATTR (3), nodeid: 1, insize: 56, pid: 27129
isfile: 1 is not a file
getattr 0000000000000001 0
isfile: 1 is not a file
isdir: 1 is a dir
getdir 0000000000000001
   getattr -> 1480767381 1480767395 1480767395
   unique: 118, success, outsize: 120
unique: 119, opcode: WRITE (16), nodeid: 4, insize: 83, pid: 30367
   unique: 119, success, outsize: 24
unique: 120, opcode: RELEASE (18), nodeid: 4, insize: 64, pid: 0
   unique: 120, success, outsize: 16
unique: 121, opcode: GETATTR (3), nodeid: 1, insize: 56, pid: 27130
isfile: 1 is not a file
getattr 0000000000000001 0
isfile: 1 is not a file
isdir: 1 is a dir
getdir 0000000000000001
   getattr -> 1480767381 1480767395 1480767395
   unique: 121, success, outsize: 120
unique: 122, opcode: LOOKUP (1), nodeid: 1, insize: 47, pid: 30367
isdir: 1 is a dir
isdir: 1 is a dir
isfile: 2 is not a file
getattr 0000000000000002 0
isfile: 2 is not a file
isdir: 2 is a dir
getdir 0000000000000002
   getattr -> 1480767395 1480767398 1480767398
   unique: 122, success, outsize: 144
unique: 123, opcode: LOOKUP (1), nodeid: 2, insize: 44, pid: 30367
isdir: 2 is a dir
isdir: 2 is a dir
isfile: 4 is a file
getattr 0000000000000004 1
isfile: 4 is a file
getfile 0000000000000004
getfile 0000000000000004 -> sz 3
   getattr -> 3
   unique: 123, success, outsize: 144
unique: 124, opcode: UNLINK (10), nodeid: 2, insize: 44, pid: 30367
isdir: 2 is a dir
isdir: 2 is a dir
   unique: 124, success, outsize: 16
unique: 125, opcode: GETATTR (3), nodeid: 1, insize: 56, pid: 27130
isfile: 1 is not a file
getattr 0000000000000001 0
isfile: 1 is not a file
isdir: 1 is a dir
getdir 0000000000000001
   getattr -> 1480767381 1480767395 1480767395
   unique: 125, success, outsize: 120
unique: 126, opcode: FORGET (2), nodeid: 4, insize: 48, pid: 0
unique: 127, opcode: LOOKUP (1), nodeid: 1, insize: 47, pid: 30367
isdir: 1 is a dir
isdir: 1 is a dir
isfile: 2 is not a file
getattr 0000000000000002 0
isfile: 2 is not a file
isdir: 2 is a dir
getdir 0000000000000002
   getattr -> 1480767395 1480767399 1480767399
   unique: 127, success, outsize: 144
unique: 128, opcode: LOOKUP (1), nodeid: 2, insize: 43, pid: 30367
isdir: 2 is a dir
isdir: 2 is a dir
   unique: 128, error: -2 (No such file or directory), outsize: 16
unique: 129, opcode: CREATE (35), nodeid: 2, insize: 59, pid: 30367
isdir: 2 is a dir
isdir: 2 is a dir
isdir: 2 is a dir
isfile: 5 is a file
getattr 0000000000000005 1
isfile: 5 is a file
getfile 0000000000000005
getfile 0000000000000005 -> sz 0
   getattr -> 0
   unique: 129, success, outsize: 160
OK: create returns.
unique: 130, opcode: WRITE (16), nodeid: 5, insize: 83, pid: 30367
   unique: 130, success, outsize: 24
unique: 131, opcode: RELEASE (18), nodeid: 5, insize: 64, pid: 0
   unique: 131, success, outsize: 16
unique: 132, opcode: GETATTR (3), nodeid: 1, insize: 56, pid: 27128
isfile: 1 is not a file
getattr 0000000000000001 0
isfile: 1 is not a file
isdir: 1 is a dir
getdir 0000000000000001
   getattr -> 1480767381 1480767395 1480767395
   unique: 132, success, outsize: 120
unique: 133, opcode: LOOKUP (1), nodeid: 1, insize: 47, pid: 30367
isdir: 1 is a dir
isdir: 1 is a dir
isfile: 2 is not a file
getattr 0000000000000002 0
isfile: 2 is not a file
isdir: 2 is a dir
getdir 0000000000000002
   getattr -> 1480767395 1480767400 1480767400
   unique: 133, success, outsize: 144
unique: 134, opcode: LOOKUP (1), nodeid: 2, insize: 43, pid: 30367
isdir: 2 is a dir
isdir: 2 is a dir
isfile: 5 is a file
getattr 0000000000000005 1
isfile: 5 is a file
getfile 0000000000000005
getfile 0000000000000005 -> sz 3
   getattr -> 3
   unique: 134, success, outsize: 144
unique: 135, opcode: UNLINK (10), nodeid: 2, insize: 43, pid: 30367
isdir: 2 is a dir
isdir: 2 is a dir
   unique: 135, success, outsize: 16
unique: 136, opcode: FORGET (2), nodeid: 5, insize: 48, pid: 0
unique: 137, opcode: GETATTR (3), nodeid: 1, insize: 56, pid: 27128
isfile: 1 is not a file
getattr 0000000000000001 0
isfile: 1 is not a file
isdir: 1 is a dir
getdir 0000000000000001
   getattr -> 1480767381 1480767395 1480767395
   unique: 137, success, outsize: 120
unique: 138, opcode: LOOKUP (1), nodeid: 1, insize: 47, pid: 30367
isdir: 1 is a dir
isdir: 1 is a dir
isfile: 2 is not a file
getattr 0000000000000002 0
isfile: 2 is not a file
isdir: 2 is a dir
getdir 0000000000000002
   getattr -> 1480767395 1480767401 1480767401
   unique: 138, success, outsize: 144
unique: 139, opcode: LOOKUP (1), nodeid: 2, insize: 43, pid: 30367
isdir: 2 is a dir
isdir: 2 is a dir
   unique: 139, error: -2 (No such file or directory), outsize: 16
unique: 140, opcode: CREATE (35), nodeid: 2, insize: 59, pid: 30367
isdir: 2 is a dir
isdir: 2 is a dir
isdir: 2 is a dir
isfile: 6 is a file
getattr 0000000000000006 1
isfile: 6 is a file
getfile 0000000000000006
getfile 0000000000000006 -> sz 0
   getattr -> 0
   unique: 140, success, outsize: 160
OK: create returns.
unique: 141, opcode: WRITE (16), nodeid: 6, insize: 83, pid: 30367
   unique: 141, success, outsize: 24
unique: 142, opcode: RELEASE (18), nodeid: 6, insize: 64, pid: 0
   unique: 142, success, outsize: 16
unique: 143, opcode: LOOKUP (1), nodeid: 1, insize: 47, pid: 30367
isdir: 1 is a dir
isdir: 1 is a dir
isfile: 2 is not a file
getattr 0000000000000002 0
isfile: 2 is not a file
isdir: 2 is a dir
getdir 0000000000000002
   getattr -> 1480767395 1480767402 1480767402
   unique: 143, success, outsize: 144
unique: 144, opcode: LOOKUP (1), nodeid: 2, insize: 43, pid: 30367
isdir: 2 is a dir
isdir: 2 is a dir
isfile: 6 is a file
getattr 0000000000000006 1
isfile: 6 is a file
getfile 0000000000000006
getfile 0000000000000006 -> sz 3
   getattr -> 3
   unique: 144, success, outsize: 144
unique: 145, opcode: OPEN (14), nodeid: 6, insize: 48, pid: 30367
   unique: 145, success, outsize: 32
unique: 146, opcode: GETATTR (3), nodeid: 6, insize: 56, pid: 30367
isfile: 6 is a file
getattr 0000000000000006 1
isfile: 6 is a file
getfile 0000000000000006
getfile 0000000000000006 -> sz 3
   getattr -> 3
   unique: 146, success, outsize: 120
unique: 147, opcode: READ (15), nodeid: 6, insize: 80, pid: 30367
   unique: 147, success, outsize: 19
unique: 148, opcode: RELEASE (18), nodeid: 6, insize: 64, pid: 0
   unique: 148, success, outsize: 16
unique: 149, opcode: GETATTR (3), nodeid: 1, insize: 56, pid: 27130
isfile: 1 is not a file
getattr 0000000000000001 0
isfile: 1 is not a file
isdir: 1 is a dir
getdir 0000000000000001
   getattr -> 1480767381 1480767395 1480767395
   unique: 149, success, outsize: 120
unique: 150, opcode: LOOKUP (1), nodeid: 1, insize: 47, pid: 30367
isdir: 1 is a dir
isdir: 1 is a dir
isfile: 2 is not a file
getattr 0000000000000002 0
isfile: 2 is not a file
isdir: 2 is a dir
getdir 0000000000000002
   getattr -> 1480767395 1480767402 1480767402
   unique: 150, success, outsize: 144
unique: 151, opcode: LOOKUP (1), nodeid: 2, insize: 43, pid: 30367
isdir: 2 is a dir
isdir: 2 is a dir
isfile: 6 is a file
getattr 0000000000000006 1
isfile: 6 is a file
getfile 0000000000000006
getfile 0000000000000006 -> sz 3
   getattr -> 3
   unique: 151, success, outsize: 144
unique: 152, opcode: UNLINK (10), nodeid: 2, insize: 43, pid: 30367
isdir: 2 is a dir
isdir: 2 is a dir
   unique: 152, success, outsize: 16
unique: 153, opcode: FORGET (2), nodeid: 6, insize: 48, pid: 0
unique: 154, opcode: GETATTR (3), nodeid: 1, insize: 56, pid: 27129
isfile: 1 is not a file
getattr 0000000000000001 0
isfile: 1 is not a file
isdir: 1 is a dir
getdir 0000000000000001
   getattr -> 1480767381 1480767395 1480767395
   unique: 154, success, outsize: 120
unique: 155, opcode: GETATTR (3), nodeid: 1, insize: 56, pid: 27127
isfile: 1 is not a file
getattr 0000000000000001 0
isfile: 1 is not a file
isdir: 1 is a dir
getdir 0000000000000001
   getattr -> 1480767381 1480767395 1480767395
   unique: 155, success, outsize: 120
unique: 156, opcode: GETATTR (3), nodeid: 1, insize: 56, pid: 27129
isfile: 1 is not a file
getattr 0000000000000001 0
isfile: 1 is not a file
isdir: 1 is a dir
getdir 0000000000000001
   getattr -> 1480767381 1480767395 1480767395
   unique: 156, success, outsize: 120
unique: 157, opcode: GETATTR (3), nodeid: 1, insize: 56, pid: 27127
isfile: 1 is not a file
getattr 0000000000000001 0
isfile: 1 is not a file
isdir: 1 is a dir
getdir 0000000000000001
   getattr -> 1480767381 1480767395 1480767395
   unique: 157, success, outsize: 120
unique: 158, opcode: GETATTR (3), nodeid: 1, insize: 56, pid: 27130
isfile: 1 is not a file
getattr 0000000000000001 0
isfile: 1 is not a file
isdir: 1 is a dir
getdir 0000000000000001
   getattr -> 1480767381 1480767395 1480767395
   unique: 158, success, outsize: 120
unique: 159, opcode: GETATTR (3), nodeid: 1, insize: 56, pid: 27127
isfile: 1 is not a file
getattr 0000000000000001 0
isfile: 1 is not a file
isdir: 1 is a dir
getdir 0000000000000001
   getattr -> 1480767381 1480767395 1480767395
   unique: 159, success, outsize: 120
commit a new version
unique: 160, opcode: GETATTR (3), nodeid: 1, insize: 56, pid: 27128
isfile: 1 is not a file
getattr 0000000000000001 0
isfile: 1 is not a file
isdir: 1 is a dir
getdir 0000000000000001
   getattr -> 1480767381 1480767395 1480767395
   unique: 160, success, outsize: 120
unique: 161, opcode: LOOKUP (1), nodeid: 1, insize: 47, pid: 30367
isdir: 1 is a dir
isdir: 1 is a dir
isfile: 2 is not a file
getattr 0000000000000002 0
isfile: 2 is not a file
isdir: 2 is a dir
getdir 0000000000000002
   getattr -> 1480767395 1480767403 1480767403
   unique: 161, success, outsize: 144
unique: 162, opcode: LOOKUP (1), nodeid: 2, insize: 43, pid: 30367
isdir: 2 is a dir
isdir: 2 is a dir
   unique: 162, error: -2 (No such file or directory), outsize: 16
unique: 163, opcode: LOOKUP (1), nodeid: 1, insize: 47, pid: 30367
isdir: 1 is a dir
isdir: 1 is a dir
isfile: 2 is not a file
getattr 0000000000000002 0
isfile: 2 is not a file
isdir: 2 is a dir
getdir 0000000000000002
   getattr -> 1480767395 1480767403 1480767403
   unique: 163, success, outsize: 144
unique: 164, opcode: LOOKUP (1), nodeid: 2, insize: 43, pid: 30367
isdir: 2 is a dir
isdir: 2 is a dir
   unique: 164, error: -2 (No such file or directory), outsize: 16
unique: 165, opcode: LOOKUP (1), nodeid: 1, insize: 47, pid: 30367
isdir: 1 is a dir
isdir: 1 is a dir
isfile: 2 is not a file
getattr 0000000000000002 0
isfile: 2 is not a file
isdir: 2 is a dir
getdir 0000000000000002
   getattr -> 1480767395 1480767403 1480767403
   unique: 165, success, outsize: 144
unique: 166, opcode: LOOKUP (1), nodeid: 2, insize: 43, pid: 30367
isdir: 2 is a dir
isdir: 2 is a dir
   unique: 166, error: -2 (No such file or directory), outsize: 16
unique: 167, opcode: GETATTR (3), nodeid: 1, insize: 56, pid: 27128
isfile: 1 is not a file
getattr 0000000000000001 0
isfile: 1 is not a file
isdir: 1 is a dir
getdir 0000000000000001
   getattr -> 1480767381 1480767395 1480767395
   unique: 167, success, outsize: 120
unique: 168, opcode: LOOKUP (1), nodeid: 1, insize: 47, pid: 30367
isdir: 1 is a dir
isdir: 1 is a dir
isfile: 2 is not a file
getattr 0000000000000002 0
isfile: 2 is not a file
isdir: 2 is a dir
getdir 0000000000000002
   getattr -> 1480767395 1480767403 1480767403
   unique: 168, success, outsize: 144
unique: 169, opcode: LOOKUP (1), nodeid: 2, insize: 43, pid: 30367
isdir: 2 is a dir
isdir: 2 is a dir
   unique: 169, error: -2 (No such file or directory), outsize: 16
unique: 170, opcode: CREATE (35), nodeid: 2, insize: 59, pid: 30367
isdir: 2 is a dir
isdir: 2 is a dir
isdir: 2 is a dir
isfile: 7 is a file
getattr 0000000000000007 1
isfile: 7 is a file
getfile 0000000000000007
getfile 0000000000000007 -> sz 0
   getattr -> 0
   unique: 170, success, outsize: 160
OK: create returns.
unique: 171, opcode: WRITE (16), nodeid: 7, insize: 83, pid: 30367
   unique: 171, success, outsize: 24
unique: 172, opcode: RELEASE (18), nodeid: 7, insize: 64, pid: 0
   unique: 172, success, outsize: 16
unique: 173, opcode: GETATTR (3), nodeid: 1, insize: 56, pid: 27130
isfile: 1 is not a file
getattr 0000000000000001 0
isfile: 1 is not a file
isdir: 1 is a dir
getdir 0000000000000001
   getattr -> 1480767381 1480767395 1480767395
   unique: 173, success, outsize: 120
unique: 174, opcode: LOOKUP (1), nodeid: 1, insize: 47, pid: 30367
isdir: 1 is a dir
isdir: 1 is a dir
isfile: 2 is not a file
getattr 0000000000000002 0
isfile: 2 is not a file
isdir: 2 is a dir
getdir 0000000000000002
   getattr -> 1480767395 1480767404 1480767404
   unique: 174, success, outsize: 144
unique: 175, opcode: LOOKUP (1), nodeid: 2, insize: 43, pid: 30367
isdir: 2 is a dir
isdir: 2 is a dir
isfile: 7 is a file
getattr 0000000000000007 1
isfile: 7 is a file
getfile 0000000000000007
getfile 0000000000000007 -> sz 3
   getattr -> 3
   unique: 175, success, outsize: 144
unique: 176, opcode: OPEN (14), nodeid: 7, insize: 48, pid: 30367
   unique: 176, success, outsize: 32
unique: 177, opcode: WRITE (16), nodeid: 7, insize: 83, pid: 30367
   unique: 177, success, outsize: 24
unique: 178, opcode: RELEASE (18), nodeid: 7, insize: 64, pid: 0
   unique: 178, success, outsize: 16
unique: 179, opcode: GETATTR (3), nodeid: 1, insize: 56, pid: 27127
isfile: 1 is not a file
getattr 0000000000000001 0
isfile: 1 is not a file
isdir: 1 is a dir
getdir 0000000000000001
   getattr -> 1480767381 1480767395 1480767395
   unique: 179, success, outsize: 120
unique: 180, opcode: LOOKUP (1), nodeid: 1, insize: 47, pid: 30367
isdir: 1 is a dir
isdir: 1 is a dir
isfile: 2 is not a file
getattr 0000000000000002 0
isfile: 2 is not a file
isdir: 2 is a dir
getdir 0000000000000002
   getattr -> 1480767395 1480767404 1480767404
   unique: 180, success, outsize: 144
unique: 181, opcode: LOOKUP (1), nodeid: 2, insize: 43, pid: 30367
isdir: 2 is a dir
isdir: 2 is a dir
isfile: 7 is a file
getattr 0000000000000007 1
isfile: 7 is a file
getfile 0000000000000007
getfile 0000000000000007 -> sz 6
   getattr -> 6
   unique: 181, success, outsize: 144
unique: 182, opcode: OPEN (14), nodeid: 7, insize: 48, pid: 30367
   unique: 182, success, outsize: 32
unique: 183, opcode: WRITE (16), nodeid: 7, insize: 83, pid: 30367
   unique: 183, success, outsize: 24
unique: 184, opcode: RELEASE (18), nodeid: 7, insize: 64, pid: 0
   unique: 184, success, outsize: 16
unique: 185, opcode: GETATTR (3), nodeid: 1, insize: 56, pid: 27129
isfile: 1 is not a file
getattr 0000000000000001 0
isfile: 1 is not a file
isdir: 1 is a dir
getdir 0000000000000001
   getattr -> 1480767381 1480767395 1480767395
   unique: 185, success, outsize: 120
commit a new version
unique: 186, opcode: LOOKUP (1), nodeid: 1, insize: 47, pid: 30367
isdir: 1 is a dir
isdir: 1 is a dir
isfile: 2 is not a file
getattr 0000000000000002 0
isfile: 2 is not a file
isdir: 2 is a dir
getdir 0000000000000002
   getattr -> 1480767395 1480767404 1480767404
   unique: 186, success, outsize: 144
unique: 187, opcode: LOOKUP (1), nodeid: 2, insize: 43, pid: 30367
isdir: 2 is a dir
isdir: 2 is a dir
isfile: 7 is a file
getattr 0000000000000007 1
isfile: 7 is a file
getfile 0000000000000007
getfile 0000000000000007 -> sz 9
   getattr -> 9
   unique: 187, success, outsize: 144
unique: 188, opcode: OPEN (14), nodeid: 7, insize: 48, pid: 30367
   unique: 188, success, outsize: 32
unique: 189, opcode: GETATTR (3), nodeid: 7, insize: 56, pid: 30367
isfile: 7 is a file
getattr 0000000000000007 1
isfile: 7 is a file
getfile 0000000000000007
getfile 0000000000000007 -> sz 9
   getattr -> 9
   unique: 189, success, outsize: 120
unique: 190, opcode: READ (15), nodeid: 7, insize: 80, pid: 30367
   unique: 190, success, outsize: 25
unique: 191, opcode: RELEASE (18), nodeid: 7, insize: 64, pid: 0
   unique: 191, success, outsize: 16
unique: 192, opcode: LOOKUP (1), nodeid: 1, insize: 47, pid: 30367
isdir: 1 is a dir
isdir: 1 is a dir
isfile: 2 is not a file
getattr 0000000000000002 0
isfile: 2 is not a file
isdir: 2 is a dir
getdir 0000000000000002
   getattr -> 1480767395 1480767404 1480767404
   unique: 192, success, outsize: 144
unique: 193, opcode: OPENDIR (27), nodeid: 2, insize: 48, pid: 30367
   unique: 193, success, outsize: 32
unique: 194, opcode: READDIR (28), nodeid: 2, insize: 80, pid: 30367
fuseserver_readdir
isdir: 2 is a dir
isdir: 2 is a dir
   unique: 194, success, outsize: 48
unique: 195, opcode: GETATTR (3), nodeid: 1, insize: 56, pid: 27129
isfile: 1 is not a file
getattr 0000000000000001 0
isfile: 1 is not a file
isdir: 1 is a dir
getdir 0000000000000001
   getattr -> 1480767381 1480767395 1480767395
   unique: 195, success, outsize: 120
unique: 196, opcode: READDIR (28), nodeid: 2, insize: 80, pid: 30367
fuseserver_readdir
isdir: 2 is a dir
isdir: 2 is a dir
   unique: 196, success, outsize: 16
unique: 197, opcode: RELEASEDIR (29), nodeid: 2, insize: 64, pid: 0
   unique: 197, success, outsize: 16
unique: 198, opcode: LOOKUP (1), nodeid: 1, insize: 47, pid: 30367
isdir: 1 is a dir
isdir: 1 is a dir
isfile: 2 is not a file
getattr 0000000000000002 0
isfile: 2 is not a file
isdir: 2 is a dir
getdir 0000000000000002
   getattr -> 1480767395 1480767404 1480767404
   unique: 198, success, outsize: 144
unique: 199, opcode: LOOKUP (1), nodeid: 2, insize: 43, pid: 30367
isdir: 2 is a dir
isdir: 2 is a dir
isfile: 7 is a file
getattr 0000000000000007 1
isfile: 7 is a file
getfile 0000000000000007
getfile 0000000000000007 -> sz 9
   getattr -> 9
   unique: 199, success, outsize: 144
unique: 200, opcode: UNLINK (10), nodeid: 2, insize: 43, pid: 30367
isdir: 2 is a dir
isdir: 2 is a dir
   unique: 200, success, outsize: 16
unique: 201, opcode: FORGET (2), nodeid: 7, insize: 48, pid: 0
unique: 202, opcode: GETATTR (3), nodeid: 1, insize: 56, pid: 27130
isfile: 1 is not a file
getattr 0000000000000001 0
isfile: 1 is not a file
isdir: 1 is a dir
getdir 0000000000000001
   getattr -> 1480767381 1480767395 1480767395
   unique: 202, success, outsize: 120
unique: 203, opcode: GETATTR (3), nodeid: 1, insize: 56, pid: 27128
isfile: 1 is not a file
getattr 0000000000000001 0
isfile: 1 is not a file
isdir: 1 is a dir
getdir 0000000000000001
   getattr -> 1480767381 1480767395 1480767395
   unique: 203, success, outsize: 120
commit a new version
unique: 204, opcode: LOOKUP (1), nodeid: 1, insize: 47, pid: 30367
isdir: 1 is a dir
isdir: 1 is a dir
isfile: 2 is not a file
getattr 0000000000000002 0
isfile: 2 is not a file
isdir: 2 is a dir
getdir 0000000000000002
   getattr -> 1480767395 1480767407 1480767407
   unique: 204, success, outsize: 144
unique: 205, opcode: OPENDIR (27), nodeid: 2, insize: 48, pid: 30367
   unique: 205, success, outsize: 32
unique: 206, opcode: READDIR (28), nodeid: 2, insize: 80, pid: 30367
fuseserver_readdir
isdir: 2 is a dir
isdir: 2 is a dir
   unique: 206, success, outsize: 16
unique: 207, opcode: RELEASEDIR (29), nodeid: 2, insize: 64, pid: 0
   unique: 207, success, outsize: 16
unique: 208, opcode: GETATTR (3), nodeid: 1, insize: 56, pid: 27128
isfile: 1 is not a file
getattr 0000000000000001 0
isfile: 1 is not a file
isdir: 1 is a dir
getdir 0000000000000001
   getattr -> 1480767381 1480767395 1480767395
   unique: 208, success, outsize: 120
unique: 209, opcode: GETATTR (3), nodeid: 1, insize: 56, pid: 27130
isfile: 1 is not a file
getattr 0000000000000001 0
isfile: 1 is not a file
isdir: 1 is a dir
getdir 0000000000000001
   getattr -> 1480767381 1480767395 1480767395
   unique: 209, success, outsize: 120
unique: 210, opcode: LOOKUP (1), nodeid: 1, insize: 47, pid: 30367
isdir: 1 is a dir
isdir: 1 is a dir
isfile: 2 is not a file
getattr 0000000000000002 0
isfile: 2 is not a file
isdir: 2 is a dir
getdir 0000000000000002
   getattr -> 1480767395 1480767407 1480767407
   unique: 210, success, outsize: 144
unique: 211, opcode: LOOKUP (1), nodeid: 2, insize: 45, pid: 30367
isdir: 2 is a dir
isdir: 2 is a dir
   unique: 211, error: -2 (No such file or directory), outsize: 16
unique: 212, opcode: CREATE (35), nodeid: 2, insize: 61, pid: 30367
isdir: 2 is a dir
isdir: 2 is a dir
isdir: 2 is a dir
isfile: 8 is a file
getattr 0000000000000008 1
isfile: 8 is a file
getfile 0000000000000008
getfile 0000000000000008 -> sz 0
   getattr -> 0
   unique: 212, success, outsize: 160
OK: create returns.
unique: 213, opcode: WRITE (16), nodeid: 8, insize: 84, pid: 30367
   unique: 213, success, outsize: 24
unique: 214, opcode: RELEASE (18), nodeid: 8, insize: 64, pid: 0
   unique: 214, success, outsize: 16
unique: 215, opcode: LOOKUP (1), nodeid: 1, insize: 47, pid: 30367
isdir: 1 is a dir
isdir: 1 is a dir
isfile: 2 is not a file
getattr 0000000000000002 0
isfile: 2 is not a file
isdir: 2 is a dir
getdir 0000000000000002
   getattr -> 1480767395 1480767408 1480767408
   unique: 215, success, outsize: 144
unique: 216, opcode: LOOKUP (1), nodeid: 2, insize: 45, pid: 30367
isdir: 2 is a dir
isdir: 2 is a dir
   unique: 216, error: -2 (No such file or directory), outsize: 16
unique: 217, opcode: CREATE (35), nodeid: 2, insize: 61, pid: 30367
isdir: 2 is a dir
isdir: 2 is a dir
isdir: 2 is a dir
isfile: 9 is a file
getattr 0000000000000009 1
isfile: 9 is a file
getfile 0000000000000009
getfile 0000000000000009 -> sz 0
   getattr -> 0
   unique: 217, success, outsize: 160
OK: create returns.
unique: 218, opcode: WRITE (16), nodeid: 9, insize: 84, pid: 30367
   unique: 218, success, outsize: 24
unique: 219, opcode: RELEASE (18), nodeid: 9, insize: 64, pid: 0
   unique: 219, success, outsize: 16
unique: 220, opcode: LOOKUP (1), nodeid: 1, insize: 47, pid: 30367
isdir: 1 is a dir
isdir: 1 is a dir
isfile: 2 is not a file
getattr 0000000000000002 0
isfile: 2 is not a file
isdir: 2 is a dir
getdir 0000000000000002
   getattr -> 1480767395 1480767408 1480767408
   unique: 220, success, outsize: 144
unique: 221, opcode: LOOKUP (1), nodeid: 2, insize: 45, pid: 30367
isdir: 2 is a dir
isdir: 2 is a dir
   unique: 221, error: -2 (No such file or directory), outsize: 16
unique: 222, opcode: CREATE (35), nodeid: 2, insize: 61, pid: 30367
isdir: 2 is a dir
isdir: 2 is a dir
isdir: 2 is a dir
isfile: 10 is a file
getattr 000000000000000a 1
isfile: 10 is a file
getfile 000000000000000a
getfile 000000000000000a -> sz 0
   getattr -> 0
   unique: 222, success, outsize: 160
OK: create returns.
unique: 223, opcode: WRITE (16), nodeid: 10, insize: 84, pid: 30367
   unique: 223, success, outsize: 24
unique: 224, opcode: RELEASE (18), nodeid: 10, insize: 64, pid: 0
   unique: 224, success, outsize: 16
unique: 225, opcode: LOOKUP (1), nodeid: 1, insize: 47, pid: 30367
isdir: 1 is a dir
isdir: 1 is a dir
isfile: 2 is not a file
getattr 0000000000000002 0
isfile: 2 is not a file
isdir: 2 is a dir
getdir 0000000000000002
   getattr -> 1480767395 1480767408 1480767408
   unique: 225, success, outsize: 144
unique: 226, opcode: LOOKUP (1), nodeid: 2, insize: 45, pid: 30367
isdir: 2 is a dir
isdir: 2 is a dir
   unique: 226, error: -2 (No such file or directory), outsize: 16
unique: 227, opcode: CREATE (35), nodeid: 2, insize: 61, pid: 30367
isdir: 2 is a dir
isdir: 2 is a dir
isdir: 2 is a dir
isfile: 11 is a file
getattr 000000000000000b 1
isfile: 11 is a file
getfile 000000000000000b
getfile 000000000000000b -> sz 0
   getattr -> 0
   unique: 227, success, outsize: 160
OK: create returns.
unique: 228, opcode: WRITE (16), nodeid: 11, insize: 84, pid: 30367
   unique: 228, success, outsize: 24
unique: 229, opcode: RELEASE (18), nodeid: 11, insize: 64, pid: 0
   unique: 229, success, outsize: 16
unique: 230, opcode: LOOKUP (1), nodeid: 1, insize: 47, pid: 30367
isdir: 1 is a dir
isdir: 1 is a dir
isfile: 2 is not a file
getattr 0000000000000002 0
isfile: 2 is not a file
isdir: 2 is a dir
getdir 0000000000000002
   getattr -> 1480767395 1480767408 1480767408
   unique: 230, success, outsize: 144
unique: 231, opcode: GETATTR (3), nodeid: 1, insize: 56, pid: 27130
isfile: 1 is not a file
getattr 0000000000000001 0
isfile: 1 is not a file
isdir: 1 is a dir
getdir 0000000000000001
   getattr -> 1480767381 1480767395 1480767395
   unique: 231, success, outsize: 120
unique: 232, opcode: LOOKUP (1), nodeid: 2, insize: 45, pid: 30367
isdir: 2 is a dir
isdir: 2 is a dir
   unique: 232, error: -2 (No such file or directory), outsize: 16
unique: 233, opcode: CREATE (35), nodeid: 2, insize: 61, pid: 30367
isdir: 2 is a dir
isdir: 2 is a dir
isdir: 2 is a dir
isfile: 12 is a file
getattr 000000000000000c 1
isfile: 12 is a file
getfile 000000000000000c
getfile 000000000000000c -> sz 0
   getattr -> 0
   unique: 233, success, outsize: 160
OK: create returns.
unique: 234, opcode: WRITE (16), nodeid: 12, insize: 84, pid: 30367
   unique: 234, success, outsize: 24
unique: 235, opcode: RELEASE (18), nodeid: 12, insize: 64, pid: 0
   unique: 235, success, outsize: 16
unique: 236, opcode: LOOKUP (1), nodeid: 1, insize: 47, pid: 30367
isdir: 1 is a dir
isdir: 1 is a dir
isfile: 2 is not a file
getattr 0000000000000002 0
isfile: 2 is not a file
isdir: 2 is a dir
getdir 0000000000000002
   getattr -> 1480767395 1480767408 1480767408
   unique: 236, success, outsize: 144
unique: 237, opcode: LOOKUP (1), nodeid: 2, insize: 45, pid: 30367
isdir: 2 is a dir
isdir: 2 is a dir
   unique: 237, error: -2 (No such file or directory), outsize: 16
unique: 238, opcode: CREATE (35), nodeid: 2, insize: 61, pid: 30367
isdir: 2 is a dir
isdir: 2 is a dir
isdir: 2 is a dir
isfile: 13 is a file
getattr 000000000000000d 1
isfile: 13 is a file
getfile 000000000000000d
getfile 000000000000000d -> sz 0
   getattr -> 0
   unique: 238, success, outsize: 160
OK: create returns.
unique: 239, opcode: WRITE (16), nodeid: 13, insize: 84, pid: 30367
   unique: 239, success, outsize: 24
unique: 240, opcode: RELEASE (18), nodeid: 13, insize: 64, pid: 0
   unique: 240, success, outsize: 16
unique: 241, opcode: LOOKUP (1), nodeid: 1, insize: 47, pid: 30367
isdir: 1 is a dir
isdir: 1 is a dir
isfile: 2 is not a file
getattr 0000000000000002 0
isfile: 2 is not a file
isdir: 2 is a dir
getdir 0000000000000002
   getattr -> 1480767395 1480767408 1480767408
   unique: 241, success, outsize: 144
unique: 242, opcode: LOOKUP (1), nodeid: 2, insize: 45, pid: 30367
isdir: 2 is a dir
isdir: 2 is a dir
   unique: 242, error: -2 (No such file or directory), outsize: 16
unique: 243, opcode: CREATE (35), nodeid: 2, insize: 61, pid: 30367
isdir: 2 is a dir
isdir: 2 is a dir
isdir: 2 is a dir
isfile: 14 is a file
getattr 000000000000000e 1
isfile: 14 is a file
getfile 000000000000000e
getfile 000000000000000e -> sz 0
   getattr -> 0
   unique: 243, success, outsize: 160
OK: create returns.
unique: 244, opcode: WRITE (16), nodeid: 14, insize: 84, pid: 30367
   unique: 244, success, outsize: 24
unique: 245, opcode: RELEASE (18), nodeid: 14, insize: 64, pid: 0
   unique: 245, success, outsize: 16
unique: 246, opcode: LOOKUP (1), nodeid: 1, insize: 47, pid: 30367
isdir: 1 is a dir
isdir: 1 is a dir
isfile: 2 is not a file
getattr 0000000000000002 0
isfile: 2 is not a file
isdir: 2 is a dir
getdir 0000000000000002
   getattr -> 1480767395 1480767408 1480767408
   unique: 246, success, outsize: 144
unique: 247, opcode: LOOKUP (1), nodeid: 2, insize: 45, pid: 30367
isdir: 2 is a dir
isdir: 2 is a dir
   unique: 247, error: -2 (No such file or directory), outsize: 16
unique: 248, opcode: CREATE (35), nodeid: 2, insize: 61, pid: 30367
isdir: 2 is a dir
isdir: 2 is a dir
isdir: 2 is a dir
isfile: 15 is a file
getattr 000000000000000f 1
isfile: 15 is a file
getfile 000000000000000f
getfile 000000000000000f -> sz 0
   getattr -> 0
   unique: 248, success, outsize: 160
OK: create returns.
unique: 249, opcode: GETATTR (3), nodeid: 1, insize: 56, pid: 27130
isfile: 1 is not a file
getattr 0000000000000001 0
isfile: 1 is not a file
isdir: 1 is a dir
getdir 0000000000000001
   getattr -> 1480767381 1480767395 1480767395
   unique: 249, success, outsize: 120
unique: 250, opcode: WRITE (16), nodeid: 15, insize: 84, pid: 30367
   unique: 250, success, outsize: 24
unique: 251, opcode: RELEASE (18), nodeid: 15, insize: 64, pid: 0
   unique: 251, success, outsize: 16
unique: 252, opcode: LOOKUP (1), nodeid: 1, insize: 47, pid: 30367
isdir: 1 is a dir
isdir: 1 is a dir
isfile: 2 is not a file
getattr 0000000000000002 0
isfile: 2 is not a file
isdir: 2 is a dir
getdir 0000000000000002
   getattr -> 1480767395 1480767408 1480767408
   unique: 252, success, outsize: 144
unique: 253, opcode: LOOKUP (1), nodeid: 2, insize: 45, pid: 30367
isdir: 2 is a dir
isdir: 2 is a dir
   unique: 253, error: -2 (No such file or directory), outsize: 16
unique: 254, opcode: CREATE (35), nodeid: 2, insize: 61, pid: 30367
isdir: 2 is a dir
isdir: 2 is a dir
isdir: 2 is a dir
isfile: 16 is a file
getattr 0000000000000010 1
isfile: 16 is a file
getfile 0000000000000010
getfile 0000000000000010 -> sz 0
   getattr -> 0
   unique: 254, success, outsize: 160
OK: create returns.
unique: 255, opcode: WRITE (16), nodeid: 16, insize: 84, pid: 30367
   unique: 255, success, outsize: 24
unique: 256, opcode: RELEASE (18), nodeid: 16, insize: 64, pid: 0
   unique: 256, success, outsize: 16
unique: 257, opcode: LOOKUP (1), nodeid: 1, insize: 47, pid: 30367
isdir: 1 is a dir
isdir: 1 is a dir
isfile: 2 is not a file
getattr 0000000000000002 0
isfile: 2 is not a file
isdir: 2 is a dir
getdir 0000000000000002
   getattr -> 1480767395 1480767408 1480767408
   unique: 257, success, outsize: 144
unique: 258, opcode: LOOKUP (1), nodeid: 2, insize: 45, pid: 30367
isdir: 2 is a dir
isdir: 2 is a dir
   unique: 258, error: -2 (No such file or directory), outsize: 16
unique: 259, opcode: CREATE (35), nodeid: 2, insize: 61, pid: 30367
isdir: 2 is a dir
isdir: 2 is a dir
isdir: 2 is a dir
isfile: 17 is a file
getattr 0000000000000011 1
isfile: 17 is a file
getfile 0000000000000011
getfile 0000000000000011 -> sz 0
   getattr -> 0
   unique: 259, success, outsize: 160
OK: create returns.
unique: 260, opcode: WRITE (16), nodeid: 17, insize: 84, pid: 30367
   unique: 260, success, outsize: 24
unique: 261, opcode: RELEASE (18), nodeid: 17, insize: 64, pid: 0
   unique: 261, success, outsize: 16
unique: 262, opcode: GETATTR (3), nodeid: 1, insize: 56, pid: 27128
isfile: 1 is not a file
getattr 0000000000000001 0
isfile: 1 is not a file
isdir: 1 is a dir
getdir 0000000000000001
   getattr -> 1480767381 1480767395 1480767395
   unique: 262, success, outsize: 120
unique: 263, opcode: LOOKUP (1), nodeid: 1, insize: 47, pid: 30367
isdir: 1 is a dir
isdir: 1 is a dir
isfile: 2 is not a file
getattr 0000000000000002 0
isfile: 2 is not a file
isdir: 2 is a dir
getdir 0000000000000002
   getattr -> 1480767395 1480767408 1480767408
   unique: 263, success, outsize: 144
unique: 264, opcode: LOOKUP (1), nodeid: 2, insize: 45, pid: 30367
isdir: 2 is a dir
isdir: 2 is a dir
   unique: 264, error: -2 (No such file or directory), outsize: 16
unique: 265, opcode: CREATE (35), nodeid: 2, insize: 61, pid: 30367
isdir: 2 is a dir
isdir: 2 is a dir
isdir: 2 is a dir
isfile: 18 is a file
getattr 0000000000000012 1
isfile: 18 is a file
getfile 0000000000000012
getfile 0000000000000012 -> sz 0
   getattr -> 0
   unique: 265, success, outsize: 160
OK: create returns.
unique: 266, opcode: WRITE (16), nodeid: 18, insize: 84, pid: 30367
   unique: 266, success, outsize: 24
unique: 267, opcode: RELEASE (18), nodeid: 18, insize: 64, pid: 0
   unique: 267, success, outsize: 16
unique: 268, opcode: LOOKUP (1), nodeid: 1, insize: 47, pid: 30367
isdir: 1 is a dir
isdir: 1 is a dir
isfile: 2 is not a file
getattr 0000000000000002 0
isfile: 2 is not a file
isdir: 2 is a dir
getdir 0000000000000002
   getattr -> 1480767395 1480767409 1480767409
   unique: 268, success, outsize: 144
unique: 269, opcode: LOOKUP (1), nodeid: 2, insize: 45, pid: 30367
isdir: 2 is a dir
isdir: 2 is a dir
   unique: 269, error: -2 (No such file or directory), outsize: 16
unique: 270, opcode: CREATE (35), nodeid: 2, insize: 61, pid: 30367
isdir: 2 is a dir
isdir: 2 is a dir
isdir: 2 is a dir
isfile: 19 is a file
getattr 0000000000000013 1
isfile: 19 is a file
getfile 0000000000000013
getfile 0000000000000013 -> sz 0
   getattr -> 0
   unique: 270, success, outsize: 160
OK: create returns.
unique: 271, opcode: WRITE (16), nodeid: 19, insize: 84, pid: 30367
   unique: 271, success, outsize: 24
unique: 272, opcode: RELEASE (18), nodeid: 19, insize: 64, pid: 0
   unique: 272, success, outsize: 16
unique: 273, opcode: LOOKUP (1), nodeid: 1, insize: 47, pid: 30367
isdir: 1 is a dir
isdir: 1 is a dir
isfile: 2 is not a file
getattr 0000000000000002 0
isfile: 2 is not a file
isdir: 2 is a dir
getdir 0000000000000002
   getattr -> 1480767395 1480767409 1480767409
   unique: 273, success, outsize: 144
unique: 274, opcode: LOOKUP (1), nodeid: 2, insize: 45, pid: 30367
isdir: 2 is a dir
isdir: 2 is a dir
   unique: 274, error: -2 (No such file or directory), outsize: 16
unique: 275, opcode: CREATE (35), nodeid: 2, insize: 61, pid: 30367
isdir: 2 is a dir
isdir: 2 is a dir
isdir: 2 is a dir
isfile: 20 is a file
getattr 0000000000000014 1
isfile: 20 is a file
getfile 0000000000000014
getfile 0000000000000014 -> sz 0
   getattr -> 0
   unique: 275, success, outsize: 160
OK: create returns.
unique: 276, opcode: WRITE (16), nodeid: 20, insize: 84, pid: 30367
   unique: 276, success, outsize: 24
unique: 277, opcode: RELEASE (18), nodeid: 20, insize: 64, pid: 0
   unique: 277, success, outsize: 16
unique: 278, opcode: LOOKUP (1), nodeid: 1, insize: 47, pid: 30367
isdir: 1 is a dir
isdir: 1 is a dir
isfile: 2 is not a file
getattr 0000000000000002 0
isfile: 2 is not a file
isdir: 2 is a dir
getdir 0000000000000002
   getattr -> 1480767395 1480767409 1480767409
   unique: 278, success, outsize: 144
unique: 279, opcode: LOOKUP (1), nodeid: 2, insize: 45, pid: 30367
isdir: 2 is a dir
isdir: 2 is a dir
   unique: 279, error: -2 (No such file or directory), outsize: 16
unique: 280, opcode: CREATE (35), nodeid: 2, insize: 61, pid: 30367
isdir: 2 is a dir
isdir: 2 is a dir
isdir: 2 is a dir
isfile: 21 is a file
getattr 0000000000000015 1
isfile: 21 is a file
getfile 0000000000000015
getfile 0000000000000015 -> sz 0
   getattr -> 0
   unique: 280, success, outsize: 160
OK: create returns.
unique: 281, opcode: WRITE (16), nodeid: 21, insize: 84, pid: 30367
   unique: 281, success, outsize: 24
unique: 282, opcode: RELEASE (18), nodeid: 21, insize: 64, pid: 0
   unique: 282, success, outsize: 16
unique: 283, opcode: LOOKUP (1), nodeid: 1, insize: 47, pid: 30367
isdir: 1 is a dir
isdir: 1 is a dir
isfile: 2 is not a file
getattr 0000000000000002 0
isfile: 2 is not a file
isdir: 2 is a dir
getdir 0000000000000002
   getattr -> 1480767395 1480767409 1480767409
   unique: 283, success, outsize: 144
unique: 284, opcode: LOOKUP (1), nodeid: 2, insize: 45, pid: 30367
isdir: 2 is a dir
isdir: 2 is a dir
   unique: 284, error: -2 (No such file or directory), outsize: 16
unique: 285, opcode: CREATE (35), nodeid: 2, insize: 61, pid: 30367
isdir: 2 is a dir
isdir: 2 is a dir
isdir: 2 is a dir
isfile: 22 is a file
getattr 0000000000000016 1
isfile: 22 is a file
getfile 0000000000000016
getfile 0000000000000016 -> sz 0
   getattr -> 0
   unique: 285, success, outsize: 160
OK: create returns.
unique: 286, opcode: WRITE (16), nodeid: 22, insize: 84, pid: 30367
   unique: 286, success, outsize: 24
unique: 287, opcode: RELEASE (18), nodeid: 22, insize: 64, pid: 0
   unique: 287, success, outsize: 16
unique: 288, opcode: LOOKUP (1), nodeid: 1, insize: 47, pid: 30367
isdir: 1 is a dir
isdir: 1 is a dir
isfile: 2 is not a file
getattr 0000000000000002 0
isfile: 2 is not a file
isdir: 2 is a dir
getdir 0000000000000002
   getattr -> 1480767395 1480767409 1480767409
   unique: 288, success, outsize: 144
unique: 289, opcode: LOOKUP (1), nodeid: 2, insize: 45, pid: 30367
isdir: 2 is a dir
isdir: 2 is a dir
   unique: 289, error: -2 (No such file or directory), outsize: 16
unique: 290, opcode: CREATE (35), nodeid: 2, insize: 61, pid: 30367
isdir: 2 is a dir
isdir: 2 is a dir
isdir: 2 is a dir
isfile: 23 is a file
getattr 0000000000000017 1
isfile: 23 is a file
getfile 0000000000000017
getfile 0000000000000017 -> sz 0
   getattr -> 0
   unique: 290, success, outsize: 160
OK: create returns.
unique: 291, opcode: WRITE (16), nodeid: 23, insize: 84, pid: 30367
   unique: 291, success, outsize: 24
unique: 292, opcode: RELEASE (18), nodeid: 23, insize: 64, pid: 0
   unique: 292, success, outsize: 16
unique: 293, opcode: LOOKUP (1), nodeid: 1, insize: 47, pid: 30367
isdir: 1 is a dir
isdir: 1 is a dir
isfile: 2 is not a file
getattr 0000000000000002 0
isfile: 2 is not a file
isdir: 2 is a dir
getdir 0000000000000002
   getattr -> 1480767395 1480767409 1480767409
   unique: 293, success, outsize: 144
unique: 294, opcode: LOOKUP (1), nodeid: 2, insize: 45, pid: 30367
isdir: 2 is a dir
isdir: 2 is a dir
   unique: 294, error: -2 (No such file or directory), outsize: 16
unique: 295, opcode: CREATE (35), nodeid: 2, insize: 61, pid: 30367
isdir: 2 is a dir
isdir: 2 is a dir
isdir: 2 is a dir
isfile: 24 is a file
getattr 0000000000000018 1
isfile: 24 is a file
getfile 0000000000000018
getfile 0000000000000018 -> sz 0
   getattr -> 0
   unique: 295, success, outsize: 160
OK: create returns.
unique: 296, opcode: WRITE (16), nodeid: 24, insize: 84, pid: 30367
   unique: 296, success, outsize: 24
unique: 297, opcode: RELEASE (18), nodeid: 24, insize: 64, pid: 0
   unique: 297, success, outsize: 16
unique: 298, opcode: LOOKUP (1), nodeid: 1, insize: 47, pid: 30367
isdir: 1 is a dir
isdir: 1 is a dir
isfile: 2 is not a file
getattr 0000000000000002 0
isfile: 2 is not a file
isdir: 2 is a dir
getdir 0000000000000002
   getattr -> 1480767395 1480767409 1480767409
   unique: 298, success, outsize: 144
unique: 299, opcode: LOOKUP (1), nodeid: 2, insize: 45, pid: 30367
isdir: 2 is a dir
isdir: 2 is a dir
   unique: 299, error: -2 (No such file or directory), outsize: 16
unique: 300, opcode: CREATE (35), nodeid: 2, insize: 61, pid: 30367
isdir: 2 is a dir
isdir: 2 is a dir
isdir: 2 is a dir
isfile: 25 is a file
getattr 0000000000000019 1
isfile: 25 is a file
getfile 0000000000000019
getfile 0000000000000019 -> sz 0
   getattr -> 0
   unique: 300, success, outsize: 160
OK: create returns.
unique: 301, opcode: WRITE (16), nodeid: 25, insize: 84, pid: 30367
   unique: 301, success, outsize: 24
unique: 302, opcode: RELEASE (18), nodeid: 25, insize: 64, pid: 0
   unique: 302, success, outsize: 16
unique: 303, opcode: LOOKUP (1), nodeid: 1, insize: 47, pid: 30367
isdir: 1 is a dir
isdir: 1 is a dir
isfile: 2 is not a file
getattr 0000000000000002 0
isfile: 2 is not a file
isdir: 2 is a dir
getdir 0000000000000002
   getattr -> 1480767395 1480767409 1480767409
   unique: 303, success, outsize: 144
unique: 304, opcode: LOOKUP (1), nodeid: 2, insize: 45, pid: 30367
isdir: 2 is a dir
isdir: 2 is a dir
   unique: 304, error: -2 (No such file or directory), outsize: 16
unique: 305, opcode: CREATE (35), nodeid: 2, insize: 61, pid: 30367
isdir: 2 is a dir
isdir: 2 is a dir
isdir: 2 is a dir
isfile: 26 is a file
getattr 000000000000001a 1
isfile: 26 is a file
getfile 000000000000001a
getfile 000000000000001a -> sz 0
   getattr -> 0
   unique: 305, success, outsize: 160
OK: create returns.
unique: 306, opcode: WRITE (16), nodeid: 26, insize: 84, pid: 30367
   unique: 306, success, outsize: 24
unique: 307, opcode: RELEASE (18), nodeid: 26, insize: 64, pid: 0
   unique: 307, success, outsize: 16
unique: 308, opcode: LOOKUP (1), nodeid: 1, insize: 47, pid: 30367
isdir: 1 is a dir
isdir: 1 is a dir
isfile: 2 is not a file
getattr 0000000000000002 0
isfile: 2 is not a file
isdir: 2 is a dir
getdir 0000000000000002
   getattr -> 1480767395 1480767409 1480767409
   unique: 308, success, outsize: 144
unique: 309, opcode: LOOKUP (1), nodeid: 2, insize: 45, pid: 30367
isdir: 2 is a dir
isdir: 2 is a dir
   unique: 309, error: -2 (No such file or directory), outsize: 16
unique: 310, opcode: CREATE (35), nodeid: 2, insize: 61, pid: 30367
isdir: 2 is a dir
isdir: 2 is a dir
isdir: 2 is a dir
isfile: 27 is a file
getattr 000000000000001b 1
isfile: 27 is a file
getfile 000000000000001b
getfile 000000000000001b -> sz 0
   getattr -> 0
   unique: 310, success, outsize: 160
OK: create returns.
unique: 311, opcode: WRITE (16), nodeid: 27, insize: 84, pid: 30367
   unique: 311, success, outsize: 24
unique: 312, opcode: RELEASE (18), nodeid: 27, insize: 64, pid: 0
   unique: 312, success, outsize: 16
unique: 313, opcode: GETATTR (3), nodeid: 1, insize: 56, pid: 27127
isfile: 1 is not a file
getattr 0000000000000001 0
isfile: 1 is not a file
isdir: 1 is a dir
getdir 0000000000000001
   getattr -> 1480767381 1480767395 1480767395
   unique: 313, success, outsize: 120
commit a new version
unique: 314, opcode: GETATTR (3), nodeid: 1, insize: 56, pid: 27130
isfile: 1 is not a file
getattr 0000000000000001 0
isfile: 1 is not a file
isdir: 1 is a dir
getdir 0000000000000001
   getattr -> 1480767381 1480767395 1480767395
   unique: 314, success, outsize: 120
unique: 315, opcode: LOOKUP (1), nodeid: 1, insize: 47, pid: 30367
isdir: 1 is a dir
isdir: 1 is a dir
isfile: 2 is not a file
getattr 0000000000000002 0
isfile: 2 is not a file
isdir: 2 is a dir
getdir 0000000000000002
   getattr -> 1480767395 1480767409 1480767409
   unique: 315, success, outsize: 144
unique: 316, opcode: OPENDIR (27), nodeid: 2, insize: 48, pid: 30367
   unique: 316, success, outsize: 32
unique: 317, opcode: READDIR (28), nodeid: 2, insize: 80, pid: 30367
fuseserver_readdir
isdir: 2 is a dir
isdir: 2 is a dir
   unique: 317, success, outsize: 656
unique: 318, opcode: READDIR (28), nodeid: 2, insize: 80, pid: 30367
fuseserver_readdir
isdir: 2 is a dir
isdir: 2 is a dir
   unique: 318, success, outsize: 16
unique: 319, opcode: RELEASEDIR (29), nodeid: 2, insize: 64, pid: 0
   unique: 319, success, outsize: 16
unique: 320, opcode: LOOKUP (1), nodeid: 1, insize: 47, pid: 30367
isdir: 1 is a dir
isdir: 1 is a dir
isfile: 2 is not a file
getattr 0000000000000002 0
isfile: 2 is not a file
isdir: 2 is a dir
getdir 0000000000000002
   getattr -> 1480767395 1480767409 1480767409
   unique: 320, success, outsize: 144
unique: 321, opcode: LOOKUP (1), nodeid: 2, insize: 45, pid: 30367
isdir: 2 is a dir
isdir: 2 is a dir
isfile: 8 is a file
getattr 0000000000000008 1
isfile: 8 is a file
getfile 0000000000000008
getfile 0000000000000008 -> sz 4
   getattr -> 4
   unique: 321, success, outsize: 144
unique: 322, opcode: OPEN (14), nodeid: 8, insize: 48, pid: 30367
   unique: 322, success, outsize: 32
unique: 323, opcode: READ (15), nodeid: 8, insize: 80, pid: 30367
   unique: 323, success, outsize: 20
unique: 324, opcode: RELEASE (18), nodeid: 8, insize: 64, pid: 0
   unique: 324, success, outsize: 16
unique: 325, opcode: LOOKUP (1), nodeid: 1, insize: 47, pid: 30367
isdir: 1 is a dir
isdir: 1 is a dir
isfile: 2 is not a file
getattr 0000000000000002 0
isfile: 2 is not a file
isdir: 2 is a dir
getdir 0000000000000002
   getattr -> 1480767395 1480767409 1480767409
   unique: 325, success, outsize: 144
unique: 326, opcode: LOOKUP (1), nodeid: 2, insize: 45, pid: 30367
isdir: 2 is a dir
isdir: 2 is a dir
isfile: 9 is a file
getattr 0000000000000009 1
isfile: 9 is a file
getfile 0000000000000009
getfile 0000000000000009 -> sz 4
   getattr -> 4
   unique: 326, success, outsize: 144
unique: 327, opcode: OPEN (14), nodeid: 9, insize: 48, pid: 30367
   unique: 327, success, outsize: 32
unique: 328, opcode: READ (15), nodeid: 9, insize: 80, pid: 30367
   unique: 328, success, outsize: 20
unique: 329, opcode: RELEASE (18), nodeid: 9, insize: 64, pid: 0
   unique: 329, success, outsize: 16
unique: 330, opcode: LOOKUP (1), nodeid: 1, insize: 47, pid: 30367
isdir: 1 is a dir
isdir: 1 is a dir
isfile: 2 is not a file
getattr 0000000000000002 0
isfile: 2 is not a file
isdir: 2 is a dir
getdir 0000000000000002
   getattr -> 1480767395 1480767409 1480767409
   unique: 330, success, outsize: 144
unique: 331, opcode: LOOKUP (1), nodeid: 2, insize: 45, pid: 30367
isdir: 2 is a dir
isdir: 2 is a dir
isfile: 10 is a file
getattr 000000000000000a 1
isfile: 10 is a file
getfile 000000000000000a
getfile 000000000000000a -> sz 4
   getattr -> 4
   unique: 331, success, outsize: 144
unique: 332, opcode: OPEN (14), nodeid: 10, insize: 48, pid: 30367
   unique: 332, success, outsize: 32
unique: 333, opcode: READ (15), nodeid: 10, insize: 80, pid: 30367
   unique: 333, success, outsize: 20
unique: 334, opcode: RELEASE (18), nodeid: 10, insize: 64, pid: 0
   unique: 334, success, outsize: 16
unique: 335, opcode: LOOKUP (1), nodeid: 1, insize: 47, pid: 30367
isdir: 1 is a dir
isdir: 1 is a dir
isfile: 2 is not a file
getattr 0000000000000002 0
isfile: 2 is not a file
isdir: 2 is a dir
getdir 0000000000000002
   getattr -> 1480767395 1480767409 1480767409
   unique: 335, success, outsize: 144
unique: 336, opcode: LOOKUP (1), nodeid: 2, insize: 45, pid: 30367
isdir: 2 is a dir
isdir: 2 is a dir
isfile: 11 is a file
getattr 000000000000000b 1
isfile: 11 is a file
getfile 000000000000000b
getfile 000000000000000b -> sz 4
   getattr -> 4
   unique: 336, success, outsize: 144
unique: 337, opcode: OPEN (14), nodeid: 11, insize: 48, pid: 30367
   unique: 337, success, outsize: 32
unique: 338, opcode: READ (15), nodeid: 11, insize: 80, pid: 30367
   unique: 338, success, outsize: 20
unique: 339, opcode: RELEASE (18), nodeid: 11, insize: 64, pid: 0
   unique: 339, success, outsize: 16
unique: 340, opcode: LOOKUP (1), nodeid: 1, insize: 47, pid: 30367
isdir: 1 is a dir
isdir: 1 is a dir
isfile: 2 is not a file
getattr 0000000000000002 0
isfile: 2 is not a file
isdir: 2 is a dir
getdir 0000000000000002
   getattr -> 1480767395 1480767409 1480767409
   unique: 340, success, outsize: 144
unique: 341, opcode: LOOKUP (1), nodeid: 2, insize: 45, pid: 30367
isdir: 2 is a dir
isdir: 2 is a dir
isfile: 12 is a file
getattr 000000000000000c 1
isfile: 12 is a file
getfile 000000000000000c
getfile 000000000000000c -> sz 4
   getattr -> 4
   unique: 341, success, outsize: 144
unique: 342, opcode: OPEN (14), nodeid: 12, insize: 48, pid: 30367
   unique: 342, success, outsize: 32
unique: 343, opcode: READ (15), nodeid: 12, insize: 80, pid: 30367
   unique: 343, success, outsize: 20
unique: 344, opcode: RELEASE (18), nodeid: 12, insize: 64, pid: 0
   unique: 344, success, outsize: 16
unique: 345, opcode: LOOKUP (1), nodeid: 1, insize: 47, pid: 30367
isdir: 1 is a dir
isdir: 1 is a dir
isfile: 2 is not a file
getattr 0000000000000002 0
isfile: 2 is not a file
isdir: 2 is a dir
getdir 0000000000000002
   getattr -> 1480767395 1480767409 1480767409
   unique: 345, success, outsize: 144
unique: 346, opcode: LOOKUP (1), nodeid: 2, insize: 45, pid: 30367
isdir: 2 is a dir
isdir: 2 is a dir
isfile: 13 is a file
getattr 000000000000000d 1
isfile: 13 is a file
getfile 000000000000000d
getfile 000000000000000d -> sz 4
   getattr -> 4
   unique: 346, success, outsize: 144
unique: 347, opcode: OPEN (14), nodeid: 13, insize: 48, pid: 30367
   unique: 347, success, outsize: 32
unique: 348, opcode: READ (15), nodeid: 13, insize: 80, pid: 30367
   unique: 348, success, outsize: 20
unique: 349, opcode: RELEASE (18), nodeid: 13, insize: 64, pid: 0
   unique: 349, success, outsize: 16
unique: 350, opcode: LOOKUP (1), nodeid: 1, insize: 47, pid: 30367
isdir: 1 is a dir
isdir: 1 is a dir
isfile: 2 is not a file
getattr 0000000000000002 0
isfile: 2 is not a file
isdir: 2 is a dir
getdir 0000000000000002
   getattr -> 1480767395 1480767409 1480767409
   unique: 350, success, outsize: 144
unique: 351, opcode: LOOKUP (1), nodeid: 2, insize: 45, pid: 30367
isdir: 2 is a dir
isdir: 2 is a dir
isfile: 14 is a file
getattr 000000000000000e 1
isfile: 14 is a file
getfile 000000000000000e
getfile 000000000000000e -> sz 4
   getattr -> 4
   unique: 351, success, outsize: 144
unique: 352, opcode: OPEN (14), nodeid: 14, insize: 48, pid: 30367
   unique: 352, success, outsize: 32
unique: 353, opcode: READ (15), nodeid: 14, insize: 80, pid: 30367
   unique: 353, success, outsize: 20
unique: 354, opcode: RELEASE (18), nodeid: 14, insize: 64, pid: 0
   unique: 354, success, outsize: 16
unique: 355, opcode: LOOKUP (1), nodeid: 1, insize: 47, pid: 30367
isdir: 1 is a dir
isdir: 1 is a dir
isfile: 2 is not a file
getattr 0000000000000002 0
isfile: 2 is not a file
isdir: 2 is a dir
getdir 0000000000000002
   getattr -> 1480767395 1480767409 1480767409
   unique: 355, success, outsize: 144
unique: 356, opcode: LOOKUP (1), nodeid: 2, insize: 45, pid: 30367
isdir: 2 is a dir
isdir: 2 is a dir
isfile: 15 is a file
getattr 000000000000000f 1
isfile: 15 is a file
getfile 000000000000000f
getfile 000000000000000f -> sz 4
   getattr -> 4
   unique: 356, success, outsize: 144
unique: 357, opcode: OPEN (14), nodeid: 15, insize: 48, pid: 30367
   unique: 357, success, outsize: 32
unique: 358, opcode: READ (15), nodeid: 15, insize: 80, pid: 30367
   unique: 358, success, outsize: 20
unique: 359, opcode: RELEASE (18), nodeid: 15, insize: 64, pid: 0
   unique: 359, success, outsize: 16
unique: 360, opcode: LOOKUP (1), nodeid: 1, insize: 47, pid: 30367
isdir: 1 is a dir
isdir: 1 is a dir
isfile: 2 is not a file
getattr 0000000000000002 0
isfile: 2 is not a file
isdir: 2 is a dir
getdir 0000000000000002
   getattr -> 1480767395 1480767409 1480767409
   unique: 360, success, outsize: 144
unique: 361, opcode: LOOKUP (1), nodeid: 2, insize: 45, pid: 30367
isdir: 2 is a dir
isdir: 2 is a dir
isfile: 16 is a file
getattr 0000000000000010 1
isfile: 16 is a file
getfile 0000000000000010
getfile 0000000000000010 -> sz 4
   getattr -> 4
   unique: 361, success, outsize: 144
unique: 362, opcode: OPEN (14), nodeid: 16, insize: 48, pid: 30367
   unique: 362, success, outsize: 32
unique: 363, opcode: READ (15), nodeid: 16, insize: 80, pid: 30367
   unique: 363, success, outsize: 20
unique: 364, opcode: RELEASE (18), nodeid: 16, insize: 64, pid: 0
   unique: 364, success, outsize: 16
unique: 365, opcode: LOOKUP (1), nodeid: 1, insize: 47, pid: 30367
isdir: 1 is a dir
isdir: 1 is a dir
isfile: 2 is not a file
getattr 0000000000000002 0
isfile: 2 is not a file
isdir: 2 is a dir
getdir 0000000000000002
   getattr -> 1480767395 1480767409 1480767409
   unique: 365, success, outsize: 144
unique: 366, opcode: LOOKUP (1), nodeid: 2, insize: 45, pid: 30367
isdir: 2 is a dir
isdir: 2 is a dir
isfile: 17 is a file
getattr 0000000000000011 1
isfile: 17 is a file
getfile 0000000000000011
getfile 0000000000000011 -> sz 4
   getattr -> 4
   unique: 366, success, outsize: 144
unique: 367, opcode: OPEN (14), nodeid: 17, insize: 48, pid: 30367
   unique: 367, success, outsize: 32
unique: 368, opcode: READ (15), nodeid: 17, insize: 80, pid: 30367
   unique: 368, success, outsize: 20
unique: 369, opcode: RELEASE (18), nodeid: 17, insize: 64, pid: 0
   unique: 369, success, outsize: 16
unique: 370, opcode: LOOKUP (1), nodeid: 1, insize: 47, pid: 30367
isdir: 1 is a dir
isdir: 1 is a dir
isfile: 2 is not a file
getattr 0000000000000002 0
isfile: 2 is not a file
isdir: 2 is a dir
getdir 0000000000000002
   getattr -> 1480767395 1480767409 1480767409
   unique: 370, success, outsize: 144
unique: 371, opcode: LOOKUP (1), nodeid: 2, insize: 45, pid: 30367
isdir: 2 is a dir
isdir: 2 is a dir
isfile: 18 is a file
getattr 0000000000000012 1
isfile: 18 is a file
getfile 0000000000000012
getfile 0000000000000012 -> sz 4
   getattr -> 4
   unique: 371, success, outsize: 144
unique: 372, opcode: GETATTR (3), nodeid: 1, insize: 56, pid: 27127
isfile: 1 is not a file
getattr 0000000000000001 0
isfile: 1 is not a file
isdir: 1 is a dir
getdir 0000000000000001
   getattr -> 1480767381 1480767395 1480767395
   unique: 372, success, outsize: 120
unique: 373, opcode: OPEN (14), nodeid: 18, insize: 48, pid: 30367
   unique: 373, success, outsize: 32
unique: 374, opcode: READ (15), nodeid: 18, insize: 80, pid: 30367
   unique: 374, success, outsize: 20
unique: 375, opcode: RELEASE (18), nodeid: 18, insize: 64, pid: 0
   unique: 375, success, outsize: 16
unique: 376, opcode: LOOKUP (1), nodeid: 1, insize: 47, pid: 30367
isdir: 1 is a dir
isdir: 1 is a dir
isfile: 2 is not a file
getattr 0000000000000002 0
isfile: 2 is not a file
isdir: 2 is a dir
getdir 0000000000000002
   getattr -> 1480767395 1480767409 1480767409
   unique: 376, success, outsize: 144
unique: 377, opcode: LOOKUP (1), nodeid: 2, insize: 45, pid: 30367
isdir: 2 is a dir
isdir: 2 is a dir
isfile: 19 is a file
getattr 0000000000000013 1
isfile: 19 is a file
getfile 0000000000000013
getfile 0000000000000013 -> sz 4
   getattr -> 4
   unique: 377, success, outsize: 144
unique: 378, opcode: OPEN (14), nodeid: 19, insize: 48, pid: 30367
   unique: 378, success, outsize: 32
unique: 379, opcode: READ (15), nodeid: 19, insize: 80, pid: 30367
   unique: 379, success, outsize: 20
unique: 380, opcode: RELEASE (18), nodeid: 19, insize: 64, pid: 0
   unique: 380, success, outsize: 16
unique: 381, opcode: LOOKUP (1), nodeid: 1, insize: 47, pid: 30367
isdir: 1 is a dir
isdir: 1 is a dir
isfile: 2 is not a file
getattr 0000000000000002 0
isfile: 2 is not a file
isdir: 2 is a dir
getdir 0000000000000002
   getattr -> 1480767395 1480767409 1480767409
   unique: 381, success, outsize: 144
unique: 382, opcode: LOOKUP (1), nodeid: 2, insize: 45, pid: 30367
isdir: 2 is a dir
isdir: 2 is a dir
isfile: 20 is a file
getattr 0000000000000014 1
isfile: 20 is a file
getfile 0000000000000014
getfile 0000000000000014 -> sz 4
   getattr -> 4
   unique: 382, success, outsize: 144
unique: 383, opcode: OPEN (14), nodeid: 20, insize: 48, pid: 30367
   unique: 383, success, outsize: 32
unique: 384, opcode: READ (15), nodeid: 20, insize: 80, pid: 30367
   unique: 384, success, outsize: 20
unique: 385, opcode: RELEASE (18), nodeid: 20, insize: 64, pid: 0
   unique: 385, success, outsize: 16
unique: 386, opcode: LOOKUP (1), nodeid: 1, insize: 47, pid: 30367
isdir: 1 is a dir
isdir: 1 is a dir
isfile: 2 is not a file
getattr 0000000000000002 0
isfile: 2 is not a file
isdir: 2 is a dir
getdir 0000000000000002
   getattr -> 1480767395 1480767409 1480767409
   unique: 386, success, outsize: 144
unique: 387, opcode: LOOKUP (1), nodeid: 2, insize: 45, pid: 30367
isdir: 2 is a dir
isdir: 2 is a dir
isfile: 21 is a file
getattr 0000000000000015 1
isfile: 21 is a file
getfile 0000000000000015
getfile 0000000000000015 -> sz 4
   getattr -> 4
   unique: 387, success, outsize: 144
unique: 388, opcode: OPEN (14), nodeid: 21, insize: 48, pid: 30367
   unique: 388, success, outsize: 32
unique: 389, opcode: READ (15), nodeid: 21, insize: 80, pid: 30367
   unique: 389, success, outsize: 20
unique: 390, opcode: RELEASE (18), nodeid: 21, insize: 64, pid: 0
   unique: 390, success, outsize: 16
unique: 391, opcode: LOOKUP (1), nodeid: 1, insize: 47, pid: 30367
isdir: 1 is a dir
isdir: 1 is a dir
isfile: 2 is not a file
getattr 0000000000000002 0
isfile: 2 is not a file
isdir: 2 is a dir
getdir 0000000000000002
   getattr -> 1480767395 1480767409 1480767409
   unique: 391, success, outsize: 144
unique: 392, opcode: LOOKUP (1), nodeid: 2, insize: 45, pid: 30367
isdir: 2 is a dir
isdir: 2 is a dir
isfile: 22 is a file
getattr 0000000000000016 1
isfile: 22 is a file
getfile 0000000000000016
getfile 0000000000000016 -> sz 4
   getattr -> 4
   unique: 392, success, outsize: 144
unique: 393, opcode: OPEN (14), nodeid: 22, insize: 48, pid: 30367
   unique: 393, success, outsize: 32
unique: 394, opcode: READ (15), nodeid: 22, insize: 80, pid: 30367
   unique: 394, success, outsize: 20
unique: 395, opcode: RELEASE (18), nodeid: 22, insize: 64, pid: 0
   unique: 395, success, outsize: 16
unique: 396, opcode: LOOKUP (1), nodeid: 1, insize: 47, pid: 30367
isdir: 1 is a dir
isdir: 1 is a dir
isfile: 2 is not a file
getattr 0000000000000002 0
isfile: 2 is not a file
isdir: 2 is a dir
getdir 0000000000000002
   getattr -> 1480767395 1480767409 1480767409
   unique: 396, success, outsize: 144
unique: 397, opcode: LOOKUP (1), nodeid: 2, insize: 45, pid: 30367
isdir: 2 is a dir
isdir: 2 is a dir
isfile: 23 is a file
getattr 0000000000000017 1
isfile: 23 is a file
getfile 0000000000000017
getfile 0000000000000017 -> sz 4
   getattr -> 4
   unique: 397, success, outsize: 144
unique: 398, opcode: OPEN (14), nodeid: 23, insize: 48, pid: 30367
   unique: 398, success, outsize: 32
unique: 399, opcode: READ (15), nodeid: 23, insize: 80, pid: 30367
   unique: 399, success, outsize: 20
unique: 400, opcode: RELEASE (18), nodeid: 23, insize: 64, pid: 0
   unique: 400, success, outsize: 16
unique: 401, opcode: LOOKUP (1), nodeid: 1, insize: 47, pid: 30367
isdir: 1 is a dir
isdir: 1 is a dir
isfile: 2 is not a file
getattr 0000000000000002 0
isfile: 2 is not a file
isdir: 2 is a dir
getdir 0000000000000002
   getattr -> 1480767395 1480767409 1480767409
   unique: 401, success, outsize: 144
unique: 402, opcode: LOOKUP (1), nodeid: 2, insize: 45, pid: 30367
isdir: 2 is a dir
isdir: 2 is a dir
isfile: 24 is a file
getattr 0000000000000018 1
isfile: 24 is a file
getfile 0000000000000018
getfile 0000000000000018 -> sz 4
   getattr -> 4
   unique: 402, success, outsize: 144
unique: 403, opcode: OPEN (14), nodeid: 24, insize: 48, pid: 30367
   unique: 403, success, outsize: 32
unique: 404, opcode: READ (15), nodeid: 24, insize: 80, pid: 30367
   unique: 404, success, outsize: 20
unique: 405, opcode: RELEASE (18), nodeid: 24, insize: 64, pid: 0
   unique: 405, success, outsize: 16
unique: 406, opcode: LOOKUP (1), nodeid: 1, insize: 47, pid: 30367
isdir: 1 is a dir
isdir: 1 is a dir
isfile: 2 is not a file
getattr 0000000000000002 0
isfile: 2 is not a file
isdir: 2 is a dir
getdir 0000000000000002
   getattr -> 1480767395 1480767409 1480767409
   unique: 406, success, outsize: 144
unique: 407, opcode: LOOKUP (1), nodeid: 2, insize: 45, pid: 30367
isdir: 2 is a dir
isdir: 2 is a dir
isfile: 25 is a file
getattr 0000000000000019 1
isfile: 25 is a file
getfile 0000000000000019
getfile 0000000000000019 -> sz 4
   getattr -> 4
   unique: 407, success, outsize: 144
unique: 408, opcode: OPEN (14), nodeid: 25, insize: 48, pid: 30367
   unique: 408, success, outsize: 32
unique: 409, opcode: READ (15), nodeid: 25, insize: 80, pid: 30367
   unique: 409, success, outsize: 20
unique: 410, opcode: RELEASE (18), nodeid: 25, insize: 64, pid: 0
   unique: 410, success, outsize: 16
unique: 411, opcode: LOOKUP (1), nodeid: 1, insize: 47, pid: 30367
isdir: 1 is a dir
isdir: 1 is a dir
isfile: 2 is not a file
getattr 0000000000000002 0
isfile: 2 is not a file
isdir: 2 is a dir
getdir 0000000000000002
   getattr -> 1480767395 1480767409 1480767409
   unique: 411, success, outsize: 144
unique: 412, opcode: LOOKUP (1), nodeid: 2, insize: 45, pid: 30367
isdir: 2 is a dir
isdir: 2 is a dir
isfile: 26 is a file
getattr 000000000000001a 1
isfile: 26 is a file
getfile 000000000000001a
getfile 000000000000001a -> sz 4
   getattr -> 4
   unique: 412, success, outsize: 144
unique: 413, opcode: OPEN (14), nodeid: 26, insize: 48, pid: 30367
   unique: 413, success, outsize: 32
unique: 414, opcode: READ (15), nodeid: 26, insize: 80, pid: 30367
   unique: 414, success, outsize: 20
unique: 415, opcode: RELEASE (18), nodeid: 26, insize: 64, pid: 0
   unique: 415, success, outsize: 16
unique: 416, opcode: LOOKUP (1), nodeid: 1, insize: 47, pid: 30367
isdir: 1 is a dir
isdir: 1 is a dir
isfile: 2 is not a file
getattr 0000000000000002 0
isfile: 2 is not a file
isdir: 2 is a dir
getdir 0000000000000002
   getattr -> 1480767395 1480767409 1480767409
   unique: 416, success, outsize: 144
unique: 417, opcode: LOOKUP (1), nodeid: 2, insize: 45, pid: 30367
isdir: 2 is a dir
isdir: 2 is a dir
isfile: 27 is a file
getattr 000000000000001b 1
isfile: 27 is a file
getfile 000000000000001b
getfile 000000000000001b -> sz 4
   getattr -> 4
   unique: 417, success, outsize: 144
unique: 418, opcode: OPEN (14), nodeid: 27, insize: 48, pid: 30367
   unique: 418, success, outsize: 32
unique: 419, opcode: READ (15), nodeid: 27, insize: 80, pid: 30367
   unique: 419, success, outsize: 20
unique: 420, opcode: RELEASE (18), nodeid: 27, insize: 64, pid: 0
   unique: 420, success, outsize: 16
unique: 421, opcode: LOOKUP (1), nodeid: 1, insize: 47, pid: 30367
isdir: 1 is a dir
isdir: 1 is a dir
isfile: 2 is not a file
getattr 0000000000000002 0
isfile: 2 is not a file
isdir: 2 is a dir
getdir 0000000000000002
   getattr -> 1480767395 1480767409 1480767409
   unique: 421, success, outsize: 144
unique: 422, opcode: LOOKUP (1), nodeid: 2, insize: 45, pid: 30367
isdir: 2 is a dir
isdir: 2 is a dir
isfile: 8 is a file
getattr 0000000000000008 1
isfile: 8 is a file
getfile 0000000000000008
getfile 0000000000000008 -> sz 4
   getattr -> 4
   unique: 422, success, outsize: 144
unique: 423, opcode: UNLINK (10), nodeid: 2, insize: 45, pid: 30367
isdir: 2 is a dir
isdir: 2 is a dir
   unique: 423, success, outsize: 16
unique: 424, opcode: LOOKUP (1), nodeid: 1, insize: 47, pid: 30367
isdir: 1 is a dir
isdir: 1 is a dir
isfile: 2 is not a file
getattr 0000000000000002 0
isfile: 2 is not a file
isdir: 2 is a dir
getdir 0000000000000002
   getattr -> 1480767395 1480767410 1480767410
   unique: 424, success, outsize: 144
unique: 425, opcode: FORGET (2), nodeid: 8, insize: 48, pid: 0
unique: 426, opcode: LOOKUP (1), nodeid: 2, insize: 45, pid: 30367
isdir: 2 is a dir
isdir: 2 is a dir
isfile: 9 is a file
getattr 0000000000000009 1
isfile: 9 is a file
getfile 0000000000000009
getfile 0000000000000009 -> sz 4
   getattr -> 4
   unique: 426, success, outsize: 144
unique: 427, opcode: UNLINK (10), nodeid: 2, insize: 45, pid: 30367
isdir: 2 is a dir
isdir: 2 is a dir
   unique: 427, success, outsize: 16
unique: 428, opcode: LOOKUP (1), nodeid: 1, insize: 47, pid: 30367
isdir: 1 is a dir
isdir: 1 is a dir
isfile: 2 is not a file
getattr 0000000000000002 0
isfile: 2 is not a file
isdir: 2 is a dir
getdir 0000000000000002
   getattr -> 1480767395 1480767410 1480767410
   unique: 428, success, outsize: 144
unique: 429, opcode: GETATTR (3), nodeid: 1, insize: 56, pid: 27129
isfile: 1 is not a file
getattr 0000000000000001 0
isfile: 1 is not a file
isdir: 1 is a dir
getdir 0000000000000001
   getattr -> 1480767381 1480767395 1480767395
   unique: 429, success, outsize: 120
unique: 430, opcode: LOOKUP (1), nodeid: 2, insize: 45, pid: 30367
isdir: 2 is a dir
isdir: 2 is a dir
isfile: 10 is a file
getattr 000000000000000a 1
isfile: 10 is a file
getfile 000000000000000a
getfile 000000000000000a -> sz 4
   getattr -> 4
   unique: 430, success, outsize: 144
unique: 431, opcode: UNLINK (10), nodeid: 2, insize: 45, pid: 30367
isdir: 2 is a dir
isdir: 2 is a dir
   unique: 431, success, outsize: 16
unique: 432, opcode: LOOKUP (1), nodeid: 1, insize: 47, pid: 30367
isdir: 1 is a dir
isdir: 1 is a dir
isfile: 2 is not a file
getattr 0000000000000002 0
isfile: 2 is not a file
isdir: 2 is a dir
getdir 0000000000000002
   getattr -> 1480767395 1480767411 1480767411
   unique: 432, success, outsize: 144
unique: 433, opcode: LOOKUP (1), nodeid: 2, insize: 45, pid: 30367
isdir: 2 is a dir
isdir: 2 is a dir
isfile: 11 is a file
getattr 000000000000000b 1
isfile: 11 is a file
getfile 000000000000000b
getfile 000000000000000b -> sz 4
   getattr -> 4
   unique: 433, success, outsize: 144
unique: 434, opcode: UNLINK (10), nodeid: 2, insize: 45, pid: 30367
isdir: 2 is a dir
isdir: 2 is a dir
   unique: 434, success, outsize: 16
unique: 436, opcode: BATCH_FORGET (42), nodeid: 0, insize: 96, pid: 0
unique: 435, opcode: LOOKUP (1), nodeid: 1, insize: 47, pid: 30367
isdir: 1 is a dir
isdir: 1 is a dir
isfile: 2 is not a file
getattr 0000000000000002 0
isfile: 2 is not a file
isdir: 2 is a dir
getdir 0000000000000002
   getattr -> 1480767395 1480767411 1480767411
   unique: 435, success, outsize: 144
unique: 437, opcode: GETATTR (3), nodeid: 1, insize: 56, pid: 27127
isfile: 1 is not a file
getattr 0000000000000001 0
isfile: 1 is not a file
isdir: 1 is a dir
getdir 0000000000000001
   getattr -> 1480767381 1480767395 1480767395
   unique: 437, success, outsize: 120
unique: 438, opcode: LOOKUP (1), nodeid: 2, insize: 45, pid: 30367
isdir: 2 is a dir
isdir: 2 is a dir
isfile: 12 is a file
getattr 000000000000000c 1
isfile: 12 is a file
getfile 000000000000000c
getfile 000000000000000c -> sz 4
   getattr -> 4
   unique: 438, success, outsize: 144
unique: 439, opcode: UNLINK (10), nodeid: 2, insize: 45, pid: 30367
isdir: 2 is a dir
isdir: 2 is a dir
   unique: 439, success, outsize: 16
unique: 441, opcode: FORGET (2), nodeid: 12, insize: 48, pid: 0
unique: 440, opcode: LOOKUP (1), nodeid: 1, insize: 47, pid: 30367
isdir: 1 is a dir
isdir: 1 is a dir
isfile: 2 is not a file
getattr 0000000000000002 0
isfile: 2 is not a file
isdir: 2 is a dir
getdir 0000000000000002
   getattr -> 1480767395 1480767411 1480767411
   unique: 440, success, outsize: 144
unique: 442, opcode: LOOKUP (1), nodeid: 2, insize: 45, pid: 30367
isdir: 2 is a dir
isdir: 2 is a dir
isfile: 13 is a file
getattr 000000000000000d 1
isfile: 13 is a file
getfile 000000000000000d
getfile 000000000000000d -> sz 4
   getattr -> 4
   unique: 442, success, outsize: 144
unique: 443, opcode: UNLINK (10), nodeid: 2, insize: 45, pid: 30367
isdir: 2 is a dir
isdir: 2 is a dir
   unique: 443, success, outsize: 16
unique: 445, opcode: FORGET (2), nodeid: 13, insize: 48, pid: 0
unique: 444, opcode: LOOKUP (1), nodeid: 1, insize: 47, pid: 30367
isdir: 1 is a dir
isdir: 1 is a dir
isfile: 2 is not a file
getattr 0000000000000002 0
isfile: 2 is not a file
isdir: 2 is a dir
getdir 0000000000000002
   getattr -> 1480767395 1480767411 1480767411
   unique: 444, success, outsize: 144
unique: 446, opcode: GETATTR (3), nodeid: 1, insize: 56, pid: 27127
isfile: 1 is not a file
getattr 0000000000000001 0
isfile: 1 is not a file
isdir: 1 is a dir
getdir 0000000000000001
   getattr -> 1480767381 1480767395 1480767395
   unique: 446, success, outsize: 120
unique: 447, opcode: LOOKUP (1), nodeid: 2, insize: 45, pid: 30367
isdir: 2 is a dir
isdir: 2 is a dir
isfile: 14 is a file
getattr 000000000000000e 1
isfile: 14 is a file
getfile 000000000000000e
getfile 000000000000000e -> sz 4
   getattr -> 4
   unique: 447, success, outsize: 144
unique: 448, opcode: UNLINK (10), nodeid: 2, insize: 45, pid: 30367
isdir: 2 is a dir
isdir: 2 is a dir
   unique: 448, success, outsize: 16
unique: 450, opcode: FORGET (2), nodeid: 14, insize: 48, pid: 0
unique: 449, opcode: LOOKUP (1), nodeid: 1, insize: 47, pid: 30367
isdir: 1 is a dir
isdir: 1 is a dir
isfile: 2 is not a file
getattr 0000000000000002 0
isfile: 2 is not a file
isdir: 2 is a dir
getdir 0000000000000002
   getattr -> 1480767395 1480767411 1480767411
   unique: 449, success, outsize: 144
unique: 451, opcode: LOOKUP (1), nodeid: 2, insize: 45, pid: 30367
isdir: 2 is a dir
isdir: 2 is a dir
isfile: 15 is a file
getattr 000000000000000f 1
isfile: 15 is a file
getfile 000000000000000f
getfile 000000000000000f -> sz 4
   getattr -> 4
   unique: 451, success, outsize: 144
unique: 452, opcode: UNLINK (10), nodeid: 2, insize: 45, pid: 30367
isdir: 2 is a dir
isdir: 2 is a dir
   unique: 452, success, outsize: 16
unique: 454, opcode: FORGET (2), nodeid: 15, insize: 48, pid: 0
unique: 453, opcode: LOOKUP (1), nodeid: 1, insize: 47, pid: 30367
isdir: 1 is a dir
isdir: 1 is a dir
isfile: 2 is not a file
getattr 0000000000000002 0
isfile: 2 is not a file
isdir: 2 is a dir
getdir 0000000000000002
   getattr -> 1480767395 1480767411 1480767411
   unique: 453, success, outsize: 144
unique: 455, opcode: GETATTR (3), nodeid: 1, insize: 56, pid: 27127
isfile: 1 is not a file
getattr 0000000000000001 0
isfile: 1 is not a file
isdir: 1 is a dir
getdir 0000000000000001
   getattr -> 1480767381 1480767395 1480767395
   unique: 455, success, outsize: 120
unique: 456, opcode: LOOKUP (1), nodeid: 2, insize: 45, pid: 30367
isdir: 2 is a dir
isdir: 2 is a dir
isfile: 16 is a file
getattr 0000000000000010 1
isfile: 16 is a file
getfile 0000000000000010
getfile 0000000000000010 -> sz 4
   getattr -> 4
   unique: 456, success, outsize: 144
unique: 457, opcode: UNLINK (10), nodeid: 2, insize: 45, pid: 30367
isdir: 2 is a dir
isdir: 2 is a dir
   unique: 457, success, outsize: 16
unique: 459, opcode: FORGET (2), nodeid: 16, insize: 48, pid: 0
unique: 458, opcode: LOOKUP (1), nodeid: 1, insize: 47, pid: 30367
isdir: 1 is a dir
isdir: 1 is a dir
isfile: 2 is not a file
getattr 0000000000000002 0
isfile: 2 is not a file
isdir: 2 is a dir
getdir 0000000000000002
   getattr -> 1480767395 1480767411 1480767411
   unique: 458, success, outsize: 144
unique: 460, opcode: LOOKUP (1), nodeid: 2, insize: 45, pid: 30367
isdir: 2 is a dir
isdir: 2 is a dir
isfile: 17 is a file
getattr 0000000000000011 1
isfile: 17 is a file
getfile 0000000000000011
getfile 0000000000000011 -> sz 4
   getattr -> 4
   unique: 460, success, outsize: 144
unique: 461, opcode: UNLINK (10), nodeid: 2, insize: 45, pid: 30367
isdir: 2 is a dir
isdir: 2 is a dir
   unique: 461, success, outsize: 16
unique: 462, opcode: FORGET (2), nodeid: 17, insize: 48, pid: 0
unique: 463, opcode: GETATTR (3), nodeid: 1, insize: 56, pid: 27127
isfile: 1 is not a file
getattr 0000000000000001 0
isfile: 1 is not a file
isdir: 1 is a dir
getdir 0000000000000001
   getattr -> 1480767381 1480767395 1480767395
   unique: 463, success, outsize: 120
unique: 464, opcode: LOOKUP (1), nodeid: 1, insize: 47, pid: 30367
isdir: 1 is a dir
isdir: 1 is a dir
isfile: 2 is not a file
getattr 0000000000000002 0
isfile: 2 is not a file
isdir: 2 is a dir
getdir 0000000000000002
   getattr -> 1480767395 1480767411 1480767411
   unique: 464, success, outsize: 144
unique: 465, opcode: LOOKUP (1), nodeid: 2, insize: 43, pid: 30367
isdir: 2 is a dir
isdir: 2 is a dir
   unique: 465, error: -2 (No such file or directory), outsize: 16
unique: 466, opcode: CREATE (35), nodeid: 2, insize: 59, pid: 30367
isdir: 2 is a dir
isdir: 2 is a dir
isdir: 2 is a dir
isfile: 28 is a file
getattr 000000000000001c 1
isfile: 28 is a file
getfile 000000000000001c
getfile 000000000000001c -> sz 0
   getattr -> 0
   unique: 466, success, outsize: 160
OK: create returns.
unique: 467, opcode: WRITE (16), nodeid: 28, insize: 4176, pid: 30367
   unique: 467, success, outsize: 24
unique: 468, opcode: WRITE (16), nodeid: 28, insize: 4176, pid: 30367
   unique: 468, success, outsize: 24
unique: 469, opcode: WRITE (16), nodeid: 28, insize: 4176, pid: 30367
   unique: 469, success, outsize: 24
unique: 470, opcode: WRITE (16), nodeid: 28, insize: 4176, pid: 30367
   unique: 470, success, outsize: 24
unique: 471, opcode: WRITE (16), nodeid: 28, insize: 3696, pid: 30367
   unique: 471, success, outsize: 24
unique: 472, opcode: GETATTR (3), nodeid: 1, insize: 56, pid: 27130
isfile: 1 is not a file
getattr 0000000000000001 0
isfile: 1 is not a file
isdir: 1 is a dir
getdir 0000000000000001
   getattr -> 1480767381 1480767395 1480767395
   unique: 472, success, outsize: 120
unique: 473, opcode: RELEASE (18), nodeid: 28, insize: 64, pid: 0
   unique: 473, success, outsize: 16
commit a new version
unique: 474, opcode: LOOKUP (1), nodeid: 1, insize: 47, pid: 30367
isdir: 1 is a dir
isdir: 1 is a dir
isfile: 2 is not a file
getattr 0000000000000002 0
isfile: 2 is not a file
isdir: 2 is a dir
getdir 0000000000000002
   getattr -> 1480767395 1480767412 1480767412
   unique: 474, success, outsize: 144
unique: 475, opcode: LOOKUP (1), nodeid: 2, insize: 43, pid: 30367
isdir: 2 is a dir
isdir: 2 is a dir
isfile: 28 is a file
getattr 000000000000001c 1
isfile: 28 is a file
getfile 000000000000001c
getfile 000000000000001c -> sz 20000
   getattr -> 20000
   unique: 475, success, outsize: 144
unique: 476, opcode: GETATTR (3), nodeid: 1, insize: 56, pid: 27129
isfile: 1 is not a file
getattr 0000000000000001 0
isfile: 1 is not a file
isdir: 1 is a dir
getdir 0000000000000001
   getattr -> 1480767381 1480767395 1480767395
   unique: 476, success, outsize: 120
unique: 477, opcode: OPEN (14), nodeid: 28, insize: 48, pid: 30367
   unique: 477, success, outsize: 32
unique: 478, opcode: GETATTR (3), nodeid: 28, insize: 56, pid: 30367
isfile: 28 is a file
getattr 000000000000001c 1
isfile: 28 is a file
getfile 000000000000001c
getfile 000000000000001c -> sz 20000
   getattr -> 20000
   unique: 478, success, outsize: 120
unique: 479, opcode: READ (15), nodeid: 28, insize: 80, pid: 30367
   unique: 479, success, outsize: 20016
unique: 480, opcode: RELEASE (18), nodeid: 28, insize: 64, pid: 0
   unique: 480, success, outsize: 16
unique: 481, opcode: LOOKUP (1), nodeid: 1, insize: 47, pid: 30367
isdir: 1 is a dir
isdir: 1 is a dir
isfile: 2 is not a file
getattr 0000000000000002 0
isfile: 2 is not a file
isdir: 2 is a dir
getdir 0000000000000002
   getattr -> 1480767395 1480767412 1480767412
   unique: 481, success, outsize: 144
unique: 482, opcode: LOOKUP (1), nodeid: 2, insize: 43, pid: 30367
isdir: 2 is a dir
isdir: 2 is a dir
isfile: 28 is a file
getattr 000000000000001c 1
isfile: 28 is a file
getfile 000000000000001c
getfile 000000000000001c -> sz 20000
   getattr -> 20000
   unique: 482, success, outsize: 144
unique: 483, opcode: UNLINK (10), nodeid: 2, insize: 43, pid: 30367
isdir: 2 is a dir
isdir: 2 is a dir
   unique: 483, success, outsize: 16
unique: 484, opcode: FORGET (2), nodeid: 28, insize: 48, pid: 0
unique: 485, opcode: GETATTR (3), nodeid: 1, insize: 56, pid: 27130
isfile: 1 is not a file
getattr 0000000000000001 0
isfile: 1 is not a file
isdir: 1 is a dir
getdir 0000000000000001
   getattr -> 1480767381 1480767395 1480767395
   unique: 485, success, outsize: 120
to previous version
unique: 486, opcode: GETATTR (3), nodeid: 1, insize: 56, pid: 27130
isfile: 1 is not a file
getattr 0000000000000001 0
isfile: 1 is not a file
isdir: 1 is a dir
getdir 0000000000000001
   getattr -> 1480767381 1480767395 1480767395
   unique: 486, success, outsize: 120
unique: 487, opcode: LOOKUP (1), nodeid: 1, insize: 47, pid: 30367
isdir: 1 is a dir
isdir: 1 is a dir
isfile: 2 is not a file
getattr 0000000000000002 0
isfile: 2 is not a file
isdir: 2 is a dir
getdir 0000000000000002
   getattr -> 1480767395 1480767413 1480767413
   unique: 487, success, outsize: 144
unique: 488, opcode: LOOKUP (1), nodeid: 2, insize: 43, pid: 30367
isdir: 2 is a dir
isdir: 2 is a dir
   unique: 488, error: -2 (No such file or directory), outsize: 16
unique: 489, opcode: GETATTR (3), nodeid: 1, insize: 56, pid: 27129
isfile: 1 is not a file
getattr 0000000000000001 0
isfile: 1 is not a file
isdir: 1 is a dir
getdir 0000000000000001
   getattr -> 1480767381 1480767395 1480767395
   unique: 489, success, outsize: 120
unique: 490, opcode: FORGET (2), nodeid: 27, insize: 48, pid: 0
unique: 491, opcode: FORGET (2), nodeid: 26, insize: 48, pid: 0
unique: 492, opcode: FORGET (2), nodeid: 25, insize: 48, pid: 0
unique: 493, opcode: FORGET (2), nodeid: 24, insize: 48, pid: 0
unique: 494, opcode: FORGET (2), nodeid: 23, insize: 48, pid: 0
unique: 495, opcode: FORGET (2), nodeid: 22, insize: 48, pid: 0
unique: 496, opcode: FORGET (2), nodeid: 21, insize: 48, pid: 0
unique: 497, opcode: FORGET (2), nodeid: 20, insize: 48, pid: 0
unique: 498, opcode: FORGET (2), nodeid: 19, insize: 48, pid: 0
unique: 499, opcode: FORGET (2), nodeid: 18, insize: 48, pid: 0
unique: 500, opcode: FORGET (2), nodeid: 2, insize: 48, pid: 0
unique: 501, opcode: FORGET (2), nodeid: 1, insize: 48, pid: 0
