FUSE library version: 2.9.7
unique: 1, opcode: INIT (26), nodeid: 0, insize: 56, pid: 0
INIT: 7.23
flags=0x0003f7fb
max_readahead=0x00020000
   INIT: 7.19
   flags=0x00000000
   max_readahead=0x00020000
   max_write=0x00020000
   max_background=0
   congestion_threshold=0
   unique: 1, success, outsize: 40
unique: 2, opcode: OPENDIR (27), nodeid: 1, insize: 48, pid: 1580
   unique: 2, success, outsize: 32
unique: 3, opcode: LOOKUP (1), nodeid: 1, insize: 57, pid: 2531
extent_client_get 1 777 0 0isdir: 1 is a dir
extent_client_get 1 777 0 0isdir: 1 is a dir
extent_client_get 1 777 0 0extent_client_get 1 777 0 0   unique: 3, error: -2 (No such file or directory), outsize: 16
unique: 4, opcode: ACCESS (34), nodeid: 1, insize: 48, pid: 1623
   unique: 4, error: -38 (Function not implemented), outsize: 16
unique: 5, opcode: LOOKUP (1), nodeid: 1, insize: 52, pid: 2503
extent_client_get 1 777 0 0isdir: 1 is a dir
extent_client_get 1 777 0 0isdir: 1 is a dir
extent_client_get 1 777 0 0extent_client_get 1 777 0 0   unique: 5, error: -2 (No such file or directory), outsize: 16
unique: 6, opcode: READDIR (28), nodeid: 1, insize: 80, pid: 1580
fuseserver_readdir
extent_client_get 1 777 0 0isdir: 1 is a dir
extent_client_get 1 777 0 0isdir: 1 is a dir
extent_client_get 1 777 0 0extent_client_get 1 777 0 0   unique: 6, success, outsize: 16
unique: 7, opcode: RELEASEDIR (29), nodeid: 1, insize: 64, pid: 0
   unique: 7, success, outsize: 16
unique: 8, opcode: OPENDIR (27), nodeid: 1, insize: 48, pid: 1580
   unique: 8, success, outsize: 32
unique: 9, opcode: LOOKUP (1), nodeid: 1, insize: 47, pid: 1623
extent_client_get 1 777 0 0isdir: 1 is a dir
extent_client_get 1 777 0 0isdir: 1 is a dir
extent_client_get 1 777 0 0extent_client_get 1 777 0 0   unique: 9, error: -2 (No such file or directory), outsize: 16
unique: 10, opcode: LOOKUP (1), nodeid: 1, insize: 52, pid: 1623
extent_client_get 1 777 0 0isdir: 1 is a dir
extent_client_get 1 777 0 0isdir: 1 is a dir
extent_client_get 1 777 0 0extent_client_get 1 777 0 0   unique: 10, error: -2 (No such file or directory), outsize: 16
unique: 11, opcode: READDIR (28), nodeid: 1, insize: 80, pid: 1580
fuseserver_readdir
extent_client_get 1 777 0 0isdir: 1 is a dir
extent_client_get 1 777 0 0isdir: 1 is a dir
extent_client_get 1 777 0 0extent_client_get 1 777 0 0   unique: 11, success, outsize: 16
unique: 12, opcode: RELEASEDIR (29), nodeid: 1, insize: 64, pid: 0
   unique: 12, success, outsize: 16
unique: 13, opcode: OPENDIR (27), nodeid: 1, insize: 48, pid: 1580
   unique: 13, success, outsize: 32
unique: 14, opcode: READDIR (28), nodeid: 1, insize: 80, pid: 1580
fuseserver_readdir
extent_client_get 1 777 0 0isdir: 1 is a dir
extent_client_get 1 777 0 0isdir: 1 is a dir
extent_client_get 1 777 0 0extent_client_get 1 777 0 0   unique: 14, success, outsize: 16
unique: 15, opcode: RELEASEDIR (29), nodeid: 1, insize: 64, pid: 0
   unique: 15, success, outsize: 16
unique: 16, opcode: OPENDIR (27), nodeid: 1, insize: 48, pid: 1580
   unique: 16, success, outsize: 32
unique: 17, opcode: READDIR (28), nodeid: 1, insize: 80, pid: 1580
fuseserver_readdir
extent_client_get 1 777 0 0isdir: 1 is a dir
extent_client_get 1 777 0 0isdir: 1 is a dir
extent_client_get 1 777 0 0extent_client_get 1 777 0 0   unique: 17, success, outsize: 16
unique: 18, opcode: RELEASEDIR (29), nodeid: 1, insize: 64, pid: 0
   unique: 18, success, outsize: 16
unique: 19, opcode: OPENDIR (27), nodeid: 1, insize: 48, pid: 1580
   unique: 19, success, outsize: 32
unique: 20, opcode: READDIR (28), nodeid: 1, insize: 80, pid: 1580
fuseserver_readdir
extent_client_get 1 777 0 0isdir: 1 is a dir
extent_client_get 1 777 0 0isdir: 1 is a dir
extent_client_get 1 777 0 0extent_client_get 1 777 0 0   unique: 20, success, outsize: 16
unique: 21, opcode: RELEASEDIR (29), nodeid: 1, insize: 64, pid: 0
   unique: 21, success, outsize: 16
unique: 22, opcode: OPENDIR (27), nodeid: 1, insize: 48, pid: 1580
   unique: 22, success, outsize: 32
unique: 23, opcode: READDIR (28), nodeid: 1, insize: 80, pid: 1580
fuseserver_readdir
extent_client_get 1 777 0 0isdir: 1 is a dir
extent_client_get 1 777 0 0isdir: 1 is a dir
extent_client_get 1 777 0 0extent_client_get 1 777 0 0   unique: 23, success, outsize: 16
unique: 24, opcode: RELEASEDIR (29), nodeid: 1, insize: 64, pid: 0
   unique: 24, success, outsize: 16
unique: 25, opcode: OPENDIR (27), nodeid: 1, insize: 48, pid: 1580
   unique: 25, success, outsize: 32
unique: 26, opcode: READDIR (28), nodeid: 1, insize: 80, pid: 1580
fuseserver_readdir
extent_client_get 1 777 0 0isdir: 1 is a dir
extent_client_get 1 777 0 0isdir: 1 is a dir
extent_client_get 1 777 0 0extent_client_get 1 777 0 0   unique: 26, success, outsize: 16
unique: 27, opcode: RELEASEDIR (29), nodeid: 1, insize: 64, pid: 0
   unique: 27, success, outsize: 16
unique: 28, opcode: OPENDIR (27), nodeid: 1, insize: 48, pid: 1580
   unique: 28, success, outsize: 32
unique: 29, opcode: READDIR (28), nodeid: 1, insize: 80, pid: 1580
fuseserver_readdir
extent_client_get 1 777 0 0isdir: 1 is a dir
extent_client_get 1 777 0 0isdir: 1 is a dir
extent_client_get 1 777 0 0extent_client_get 1 777 0 0   unique: 29, success, outsize: 16
unique: 30, opcode: RELEASEDIR (29), nodeid: 1, insize: 64, pid: 0
   unique: 30, success, outsize: 16
unique: 31, opcode: OPENDIR (27), nodeid: 1, insize: 48, pid: 1580
   unique: 31, success, outsize: 32
unique: 32, opcode: READDIR (28), nodeid: 1, insize: 80, pid: 1580
fuseserver_readdir
extent_client_get 1 777 0 0isdir: 1 is a dir
extent_client_get 1 777 0 0isdir: 1 is a dir
extent_client_get 1 777 0 0extent_client_get 1 777 0 0   unique: 32, success, outsize: 16
unique: 33, opcode: RELEASEDIR (29), nodeid: 1, insize: 64, pid: 0
   unique: 33, success, outsize: 16
unique: 34, opcode: OPENDIR (27), nodeid: 1, insize: 48, pid: 1580
   unique: 34, success, outsize: 32
unique: 35, opcode: READDIR (28), nodeid: 1, insize: 80, pid: 1580
fuseserver_readdir
extent_client_get 1 777 0 0isdir: 1 is a dir
extent_client_get 1 777 0 0isdir: 1 is a dir
extent_client_get 1 777 0 0extent_client_get 1 777 0 0   unique: 35, success, outsize: 16
unique: 36, opcode: RELEASEDIR (29), nodeid: 1, insize: 64, pid: 0
   unique: 36, success, outsize: 16
unique: 37, opcode: OPENDIR (27), nodeid: 1, insize: 48, pid: 1580
   unique: 37, success, outsize: 32
unique: 38, opcode: READDIR (28), nodeid: 1, insize: 80, pid: 1580
fuseserver_readdir
extent_client_get 1 777 0 0isdir: 1 is a dir
extent_client_get 1 777 0 0isdir: 1 is a dir
extent_client_get 1 777 0 0extent_client_get 1 777 0 0   unique: 38, success, outsize: 16
unique: 39, opcode: RELEASEDIR (29), nodeid: 1, insize: 64, pid: 0
   unique: 39, success, outsize: 16
unique: 40, opcode: OPENDIR (27), nodeid: 1, insize: 48, pid: 1580
   unique: 40, success, outsize: 32
unique: 41, opcode: READDIR (28), nodeid: 1, insize: 80, pid: 1580
fuseserver_readdir
extent_client_get 1 777 0 0isdir: 1 is a dir
extent_client_get 1 777 0 0isdir: 1 is a dir
extent_client_get 1 777 0 0extent_client_get 1 777 0 0   unique: 41, success, outsize: 16
unique: 42, opcode: RELEASEDIR (29), nodeid: 1, insize: 64, pid: 0
   unique: 42, success, outsize: 16
unique: 43, opcode: OPENDIR (27), nodeid: 1, insize: 48, pid: 1580
   unique: 43, success, outsize: 32
unique: 44, opcode: READDIR (28), nodeid: 1, insize: 80, pid: 1580
fuseserver_readdir
extent_client_get 1 777 0 0isdir: 1 is a dir
extent_client_get 1 777 0 0isdir: 1 is a dir
extent_client_get 1 777 0 0extent_client_get 1 777 0 0   unique: 44, success, outsize: 16
unique: 45, opcode: RELEASEDIR (29), nodeid: 1, insize: 64, pid: 0
   unique: 45, success, outsize: 16
unique: 46, opcode: OPENDIR (27), nodeid: 1, insize: 48, pid: 1580
   unique: 46, success, outsize: 32
unique: 47, opcode: READDIR (28), nodeid: 1, insize: 80, pid: 1580
fuseserver_readdir
extent_client_get 1 777 0 0isdir: 1 is a dir
extent_client_get 1 777 0 0isdir: 1 is a dir
extent_client_get 1 777 0 0extent_client_get 1 777 0 0   unique: 47, success, outsize: 16
unique: 48, opcode: RELEASEDIR (29), nodeid: 1, insize: 64, pid: 0
   unique: 48, success, outsize: 16
unique: 49, opcode: OPENDIR (27), nodeid: 1, insize: 48, pid: 1580
   unique: 49, success, outsize: 32
unique: 50, opcode: READDIR (28), nodeid: 1, insize: 80, pid: 1580
fuseserver_readdir
extent_client_get 1 777 0 0isdir: 1 is a dir
extent_client_get 1 777 0 0isdir: 1 is a dir
extent_client_get 1 777 0 0extent_client_get 1 777 0 0   unique: 50, success, outsize: 16
unique: 51, opcode: RELEASEDIR (29), nodeid: 1, insize: 64, pid: 0
   unique: 51, success, outsize: 16
unique: 52, opcode: OPENDIR (27), nodeid: 1, insize: 48, pid: 1580
   unique: 52, success, outsize: 32
unique: 53, opcode: READDIR (28), nodeid: 1, insize: 80, pid: 1580
fuseserver_readdir
extent_client_get 1 777 0 0isdir: 1 is a dir
extent_client_get 1 777 0 0isdir: 1 is a dir
extent_client_get 1 777 0 0extent_client_get 1 777 0 0   unique: 53, success, outsize: 16
unique: 54, opcode: RELEASEDIR (29), nodeid: 1, insize: 64, pid: 0
   unique: 54, success, outsize: 16
unique: 55, opcode: OPENDIR (27), nodeid: 1, insize: 48, pid: 1580
   unique: 55, success, outsize: 32
unique: 56, opcode: READDIR (28), nodeid: 1, insize: 80, pid: 1580
fuseserver_readdir
extent_client_get 1 777 0 0isdir: 1 is a dir
extent_client_get 1 777 0 0isdir: 1 is a dir
extent_client_get 1 777 0 0extent_client_get 1 777 0 0   unique: 56, success, outsize: 16
unique: 57, opcode: RELEASEDIR (29), nodeid: 1, insize: 64, pid: 0
   unique: 57, success, outsize: 16
unique: 58, opcode: OPENDIR (27), nodeid: 1, insize: 48, pid: 1580
   unique: 58, success, outsize: 32
unique: 59, opcode: READDIR (28), nodeid: 1, insize: 80, pid: 1580
fuseserver_readdir
extent_client_get 1 777 0 0isdir: 1 is a dir
extent_client_get 1 777 0 0isdir: 1 is a dir
extent_client_get 1 777 0 0extent_client_get 1 777 0 0   unique: 59, success, outsize: 16
unique: 60, opcode: RELEASEDIR (29), nodeid: 1, insize: 64, pid: 0
   unique: 60, success, outsize: 16
unique: 61, opcode: OPENDIR (27), nodeid: 1, insize: 48, pid: 1580
   unique: 61, success, outsize: 32
unique: 62, opcode: READDIR (28), nodeid: 1, insize: 80, pid: 1580
fuseserver_readdir
extent_client_get 1 777 0 0isdir: 1 is a dir
extent_client_get 1 777 0 0isdir: 1 is a dir
extent_client_get 1 777 0 0extent_client_get 1 777 0 0   unique: 62, success, outsize: 16
unique: 63, opcode: RELEASEDIR (29), nodeid: 1, insize: 64, pid: 0
   unique: 63, success, outsize: 16
unique: 64, opcode: OPENDIR (27), nodeid: 1, insize: 48, pid: 1580
   unique: 64, success, outsize: 32
unique: 65, opcode: READDIR (28), nodeid: 1, insize: 80, pid: 1580
fuseserver_readdir
extent_client_get 1 777 0 0isdir: 1 is a dir
extent_client_get 1 777 0 0isdir: 1 is a dir
extent_client_get 1 777 0 0extent_client_get 1 777 0 0   unique: 65, success, outsize: 16
unique: 66, opcode: RELEASEDIR (29), nodeid: 1, insize: 64, pid: 0
   unique: 66, success, outsize: 16
unique: 67, opcode: OPENDIR (27), nodeid: 1, insize: 48, pid: 1580
   unique: 67, success, outsize: 32
unique: 68, opcode: READDIR (28), nodeid: 1, insize: 80, pid: 1580
fuseserver_readdir
extent_client_get 1 777 0 0isdir: 1 is a dir
extent_client_get 1 777 0 0isdir: 1 is a dir
extent_client_get 1 777 0 0extent_client_get 1 777 0 0   unique: 68, success, outsize: 16
unique: 69, opcode: RELEASEDIR (29), nodeid: 1, insize: 64, pid: 0
   unique: 69, success, outsize: 16
unique: 70, opcode: OPENDIR (27), nodeid: 1, insize: 48, pid: 1580
   unique: 70, success, outsize: 32
unique: 71, opcode: READDIR (28), nodeid: 1, insize: 80, pid: 1580
fuseserver_readdir
extent_client_get 1 777 0 0isdir: 1 is a dir
extent_client_get 1 777 0 0isdir: 1 is a dir
extent_client_get 1 777 0 0extent_client_get 1 777 0 0   unique: 71, success, outsize: 16
unique: 72, opcode: RELEASEDIR (29), nodeid: 1, insize: 64, pid: 0
   unique: 72, success, outsize: 16
unique: 73, opcode: OPENDIR (27), nodeid: 1, insize: 48, pid: 2531
   unique: 73, success, outsize: 32
unique: 74, opcode: READDIR (28), nodeid: 1, insize: 80, pid: 2503
fuseserver_readdir
extent_client_get 1 777 0 0isdir: 1 is a dir
extent_client_get 1 777 0 0isdir: 1 is a dir
extent_client_get 1 777 0 0extent_client_get 1 777 0 0   unique: 74, success, outsize: 16
unique: 75, opcode: RELEASEDIR (29), nodeid: 1, insize: 64, pid: 0
   unique: 75, success, outsize: 16
unique: 76, opcode: LOOKUP (1), nodeid: 1, insize: 46, pid: 2613
extent_client_get 1 777 0 0isdir: 1 is a dir
extent_client_get 1 777 0 0isdir: 1 is a dir
extent_client_get 1 777 0 0extent_client_get 1 777 0 0extent_client_get 2 777 1003 1003isfile: 2 is not a file
extent_client_get 2 777 1003 1003isdir: 2 is a dir
getdir 0000000000000002
extent_client_get 2 777 1003 1003   getattr -> 1487594470 1487594490 1487594490
   unique: 76, success, outsize: 144
unique: 77, opcode: LOOKUP (1), nodeid: 2, insize: 42, pid: 2613
extent_client_get 2 777 1003 1003isdir: 2 is a dir
extent_client_get 2 777 1003 1003isdir: 2 is a dir
extent_client_get 2 777 1003 1003extent_client_get 2 777 1003 1003extent_client_get 3 666 1003 1003isfile: 3 is a file
getfile 0000000000000003
extent_client_get 3 666 1003 1003getfile 0000000000000003 -> sz 64
   getattr -> 64
   unique: 77, success, outsize: 144
unique: 78, opcode: OPEN (14), nodeid: 3, insize: 48, pid: 2613
   unique: 78, success, outsize: 32
unique: 79, opcode: GETXATTR (22), nodeid: 3, insize: 68, pid: 2613
   unique: 79, error: -38 (Function not implemented), outsize: 16
unique: 80, opcode: WRITE (16), nodeid: 3, insize: 81, pid: 2613
extent_client_get 3 666 1003 1003extent_client_get 3 666 1003 1003   unique: 80, success, outsize: 24
unique: 81, opcode: WRITE (16), nodeid: 3, insize: 81, pid: 2613
extent_client_get 3 666 1003 1003extent_client_get 3 666 1003 1003   unique: 81, success, outsize: 24
unique: 82, opcode: WRITE (16), nodeid: 3, insize: 81, pid: 2613
extent_client_get 3 666 1003 1003extent_client_get 3 666 1003 1003   unique: 82, success, outsize: 24
unique: 83, opcode: WRITE (16), nodeid: 3, insize: 81, pid: 2613
extent_client_get 3 666 1003 1003extent_client_get 3 666 1003 1003   unique: 83, success, outsize: 24
unique: 84, opcode: WRITE (16), nodeid: 3, insize: 81, pid: 2613
extent_client_get 3 666 1003 1003extent_client_get 3 666 1003 1003   unique: 84, success, outsize: 24
unique: 85, opcode: WRITE (16), nodeid: 3, insize: 81, pid: 2613
extent_client_get 3 666 1003 1003extent_client_get 3 666 1003 1003   unique: 85, success, outsize: 24
unique: 86, opcode: WRITE (16), nodeid: 3, insize: 81, pid: 2613
extent_client_get 3 666 1003 1003extent_client_get 3 666 1003 1003   unique: 86, success, outsize: 24
unique: 87, opcode: WRITE (16), nodeid: 3, insize: 81, pid: 2613
extent_client_get 3 666 1003 1003extent_client_get 3 666 1003 1003   unique: 87, success, outsize: 24
unique: 88, opcode: WRITE (16), nodeid: 3, insize: 81, pid: 2613
extent_client_get 3 666 1003 1003extent_client_get 3 666 1003 1003   unique: 88, success, outsize: 24
unique: 89, opcode: WRITE (16), nodeid: 3, insize: 81, pid: 2613
extent_client_get 3 666 1003 1003extent_client_get 3 666 1003 1003   unique: 89, success, outsize: 24
unique: 90, opcode: WRITE (16), nodeid: 3, insize: 81, pid: 2613
extent_client_get 3 666 1003 1003extent_client_get 3 666 1003 1003   unique: 90, success, outsize: 24
unique: 91, opcode: WRITE (16), nodeid: 3, insize: 81, pid: 2613
extent_client_get 3 666 1003 1003extent_client_get 3 666 1003 1003   unique: 91, success, outsize: 24
unique: 92, opcode: WRITE (16), nodeid: 3, insize: 81, pid: 2613
extent_client_get 3 666 1003 1003extent_client_get 3 666 1003 1003   unique: 92, success, outsize: 24
unique: 93, opcode: WRITE (16), nodeid: 3, insize: 81, pid: 2613
extent_client_get 3 666 1003 1003extent_client_get 3 666 1003 1003   unique: 93, success, outsize: 24
unique: 94, opcode: WRITE (16), nodeid: 3, insize: 81, pid: 2613
extent_client_get 3 666 1003 1003extent_client_get 3 666 1003 1003   unique: 94, success, outsize: 24
unique: 95, opcode: WRITE (16), nodeid: 3, insize: 81, pid: 2613
extent_client_get 3 666 1003 1003extent_client_get 3 666 1003 1003   unique: 95, success, outsize: 24
unique: 96, opcode: WRITE (16), nodeid: 3, insize: 81, pid: 2613
extent_client_get 3 666 1003 1003extent_client_get 3 666 1003 1003   unique: 96, success, outsize: 24
unique: 97, opcode: WRITE (16), nodeid: 3, insize: 81, pid: 2613
extent_client_get 3 666 1003 1003extent_client_get 3 666 1003 1003   unique: 97, success, outsize: 24
unique: 98, opcode: WRITE (16), nodeid: 3, insize: 81, pid: 2613
extent_client_get 3 666 1003 1003extent_client_get 3 666 1003 1003   unique: 98, success, outsize: 24
unique: 99, opcode: WRITE (16), nodeid: 3, insize: 81, pid: 2613
extent_client_get 3 666 1003 1003extent_client_get 3 666 1003 1003   unique: 99, success, outsize: 24
unique: 100, opcode: WRITE (16), nodeid: 3, insize: 81, pid: 2613
extent_client_get 3 666 1003 1003extent_client_get 3 666 1003 1003   unique: 100, success, outsize: 24
unique: 101, opcode: WRITE (16), nodeid: 3, insize: 81, pid: 2613
extent_client_get 3 666 1003 1003extent_client_get 3 666 1003 1003   unique: 101, success, outsize: 24
unique: 102, opcode: WRITE (16), nodeid: 3, insize: 81, pid: 2613
extent_client_get 3 666 1003 1003extent_client_get 3 666 1003 1003   unique: 102, success, outsize: 24
unique: 103, opcode: WRITE (16), nodeid: 3, insize: 81, pid: 2613
extent_client_get 3 666 1003 1003extent_client_get 3 666 1003 1003   unique: 103, success, outsize: 24
unique: 104, opcode: WRITE (16), nodeid: 3, insize: 81, pid: 2613
extent_client_get 3 666 1003 1003extent_client_get 3 666 1003 1003   unique: 104, success, outsize: 24
unique: 105, opcode: WRITE (16), nodeid: 3, insize: 81, pid: 2613
extent_client_get 3 666 1003 1003extent_client_get 3 666 1003 1003   unique: 105, success, outsize: 24
unique: 106, opcode: WRITE (16), nodeid: 3, insize: 81, pid: 2613
extent_client_get 3 666 1003 1003extent_client_get 3 666 1003 1003   unique: 106, success, outsize: 24
unique: 107, opcode: WRITE (16), nodeid: 3, insize: 81, pid: 2613
extent_client_get 3 666 1003 1003extent_client_get 3 666 1003 1003   unique: 107, success, outsize: 24
unique: 108, opcode: WRITE (16), nodeid: 3, insize: 81, pid: 2613
extent_client_get 3 666 1003 1003extent_client_get 3 666 1003 1003   unique: 108, success, outsize: 24
unique: 109, opcode: WRITE (16), nodeid: 3, insize: 81, pid: 2613
extent_client_get 3 666 1003 1003extent_client_get 3 666 1003 1003   unique: 109, success, outsize: 24
unique: 110, opcode: WRITE (16), nodeid: 3, insize: 81, pid: 2613
extent_client_get 3 666 1003 1003extent_client_get 3 666 1003 1003   unique: 110, success, outsize: 24
unique: 111, opcode: WRITE (16), nodeid: 3, insize: 81, pid: 2613
extent_client_get 3 666 1003 1003extent_client_get 3 666 1003 1003   unique: 111, success, outsize: 24
unique: 112, opcode: WRITE (16), nodeid: 3, insize: 81, pid: 2613
extent_client_get 3 666 1003 1003extent_client_get 3 666 1003 1003   unique: 112, success, outsize: 24
unique: 113, opcode: WRITE (16), nodeid: 3, insize: 81, pid: 2613
extent_client_get 3 666 1003 1003extent_client_get 3 666 1003 1003   unique: 113, success, outsize: 24
unique: 114, opcode: WRITE (16), nodeid: 3, insize: 81, pid: 2613
extent_client_get 3 666 1003 1003extent_client_get 3 666 1003 1003   unique: 114, success, outsize: 24
unique: 115, opcode: WRITE (16), nodeid: 3, insize: 81, pid: 2613
extent_client_get 3 666 1003 1003extent_client_get 3 666 1003 1003   unique: 115, success, outsize: 24
unique: 116, opcode: WRITE (16), nodeid: 3, insize: 81, pid: 2613
extent_client_get 3 666 1003 1003extent_client_get 3 666 1003 1003   unique: 116, success, outsize: 24
unique: 117, opcode: WRITE (16), nodeid: 3, insize: 81, pid: 2613
extent_client_get 3 666 1003 1003extent_client_get 3 666 1003 1003   unique: 117, success, outsize: 24
unique: 118, opcode: WRITE (16), nodeid: 3, insize: 81, pid: 2613
extent_client_get 3 666 1003 1003extent_client_get 3 666 1003 1003   unique: 118, success, outsize: 24
unique: 119, opcode: WRITE (16), nodeid: 3, insize: 81, pid: 2613
extent_client_get 3 666 1003 1003extent_client_get 3 666 1003 1003   unique: 119, success, outsize: 24
unique: 120, opcode: WRITE (16), nodeid: 3, insize: 81, pid: 2613
extent_client_get 3 666 1003 1003extent_client_get 3 666 1003 1003   unique: 120, success, outsize: 24
unique: 121, opcode: WRITE (16), nodeid: 3, insize: 81, pid: 2613
extent_client_get 3 666 1003 1003extent_client_get 3 666 1003 1003   unique: 121, success, outsize: 24
unique: 122, opcode: WRITE (16), nodeid: 3, insize: 81, pid: 2613
extent_client_get 3 666 1003 1003extent_client_get 3 666 1003 1003   unique: 122, success, outsize: 24
unique: 123, opcode: WRITE (16), nodeid: 3, insize: 81, pid: 2613
extent_client_get 3 666 1003 1003extent_client_get 3 666 1003 1003   unique: 123, success, outsize: 24
unique: 124, opcode: WRITE (16), nodeid: 3, insize: 81, pid: 2613
extent_client_get 3 666 1003 1003extent_client_get 3 666 1003 1003   unique: 124, success, outsize: 24
unique: 125, opcode: WRITE (16), nodeid: 3, insize: 81, pid: 2613
extent_client_get 3 666 1003 1003extent_client_get 3 666 1003 1003   unique: 125, success, outsize: 24
unique: 126, opcode: WRITE (16), nodeid: 3, insize: 81, pid: 2613
extent_client_get 3 666 1003 1003extent_client_get 3 666 1003 1003   unique: 126, success, outsize: 24
unique: 127, opcode: WRITE (16), nodeid: 3, insize: 81, pid: 2613
extent_client_get 3 666 1003 1003extent_client_get 3 666 1003 1003   unique: 127, success, outsize: 24
unique: 128, opcode: WRITE (16), nodeid: 3, insize: 81, pid: 2613
extent_client_get 3 666 1003 1003extent_client_get 3 666 1003 1003   unique: 128, success, outsize: 24
unique: 129, opcode: WRITE (16), nodeid: 3, insize: 81, pid: 2613
extent_client_get 3 666 1003 1003extent_client_get 3 666 1003 1003   unique: 129, success, outsize: 24
unique: 130, opcode: WRITE (16), nodeid: 3, insize: 81, pid: 2613
extent_client_get 3 666 1003 1003extent_client_get 3 666 1003 1003   unique: 130, success, outsize: 24
unique: 131, opcode: WRITE (16), nodeid: 3, insize: 81, pid: 2613
extent_client_get 3 666 1003 1003extent_client_get 3 666 1003 1003   unique: 131, success, outsize: 24
unique: 132, opcode: WRITE (16), nodeid: 3, insize: 81, pid: 2613
extent_client_get 3 666 1003 1003extent_client_get 3 666 1003 1003   unique: 132, success, outsize: 24
unique: 133, opcode: WRITE (16), nodeid: 3, insize: 81, pid: 2613
extent_client_get 3 666 1003 1003extent_client_get 3 666 1003 1003   unique: 133, success, outsize: 24
unique: 134, opcode: WRITE (16), nodeid: 3, insize: 81, pid: 2613
extent_client_get 3 666 1003 1003extent_client_get 3 666 1003 1003   unique: 134, success, outsize: 24
unique: 135, opcode: WRITE (16), nodeid: 3, insize: 81, pid: 2613
extent_client_get 3 666 1003 1003extent_client_get 3 666 1003 1003   unique: 135, success, outsize: 24
unique: 136, opcode: WRITE (16), nodeid: 3, insize: 81, pid: 2613
extent_client_get 3 666 1003 1003extent_client_get 3 666 1003 1003   unique: 136, success, outsize: 24
unique: 137, opcode: WRITE (16), nodeid: 3, insize: 81, pid: 2613
extent_client_get 3 666 1003 1003extent_client_get 3 666 1003 1003   unique: 137, success, outsize: 24
unique: 138, opcode: WRITE (16), nodeid: 3, insize: 81, pid: 2613
extent_client_get 3 666 1003 1003extent_client_get 3 666 1003 1003   unique: 138, success, outsize: 24
unique: 139, opcode: WRITE (16), nodeid: 3, insize: 81, pid: 2613
extent_client_get 3 666 1003 1003extent_client_get 3 666 1003 1003   unique: 139, success, outsize: 24
unique: 140, opcode: WRITE (16), nodeid: 3, insize: 81, pid: 2613
extent_client_get 3 666 1003 1003extent_client_get 3 666 1003 1003   unique: 140, success, outsize: 24
unique: 141, opcode: WRITE (16), nodeid: 3, insize: 81, pid: 2613
extent_client_get 3 666 1003 1003extent_client_get 3 666 1003 1003   unique: 141, success, outsize: 24
unique: 142, opcode: WRITE (16), nodeid: 3, insize: 81, pid: 2613
extent_client_get 3 666 1003 1003extent_client_get 3 666 1003 1003   unique: 142, success, outsize: 24
unique: 143, opcode: WRITE (16), nodeid: 3, insize: 81, pid: 2613
extent_client_get 3 666 1003 1003extent_client_get 3 666 1003 1003   unique: 143, success, outsize: 24
unique: 144, opcode: FLUSH (25), nodeid: 3, insize: 64, pid: 2613
   unique: 144, error: -38 (Function not implemented), outsize: 16
unique: 145, opcode: RELEASE (18), nodeid: 3, insize: 64, pid: 0
   unique: 145, success, outsize: 16
unique: 146, opcode: LOOKUP (1), nodeid: 1, insize: 46, pid: 2613
extent_client_get 1 777 0 0isdir: 1 is a dir
extent_client_get 1 777 0 0isdir: 1 is a dir
extent_client_get 1 777 0 0extent_client_get 1 777 0 0extent_client_get 2 777 1003 1003isfile: 2 is not a file
extent_client_get 2 777 1003 1003isdir: 2 is a dir
getdir 0000000000000002
extent_client_get 2 777 1003 1003   getattr -> 1487594470 1487594490 1487594490
   unique: 146, success, outsize: 144
unique: 147, opcode: LOOKUP (1), nodeid: 2, insize: 43, pid: 2613
extent_client_get 2 777 1003 1003isdir: 2 is a dir
extent_client_get 2 777 1003 1003isdir: 2 is a dir
extent_client_get 2 777 1003 1003extent_client_get 2 777 1003 1003extent_client_get 10 4 1003 1003isfile: 10 is a file
getfile 000000000000000a
extent_client_get 10 4 1003 1003getfile 000000000000000a -> sz 0
   getattr -> 0
   unique: 147, success, outsize: 144
unique: 148, opcode: OPEN (14), nodeid: 10, insize: 48, pid: 2613
   unique: 148, success, outsize: 32
unique: 149, opcode: WRITE (16), nodeid: 10, insize: 81, pid: 2613
extent_client_get 10 4 1003 1003extent_client_get 10 4 1003 1003   unique: 149, error: -13 (Permission denied), outsize: 16
unique: 150, opcode: LOOKUP (1), nodeid: 1, insize: 46, pid: 2613
extent_client_get 1 777 0 0isdir: 1 is a dir
extent_client_get 1 777 0 0isdir: 1 is a dir
extent_client_get 1 777 0 0extent_client_get 1 777 0 0extent_client_get 2 777 1003 1003isfile: 2 is not a file
extent_client_get 2 777 1003 1003isdir: 2 is a dir
getdir 0000000000000002
extent_client_get 2 777 1003 1003   getattr -> 1487594470 1487594490 1487594490
   unique: 150, success, outsize: 144
unique: 151, opcode: LOOKUP (1), nodeid: 2, insize: 43, pid: 2613
extent_client_get 2 777 1003 1003isdir: 2 is a dir
extent_client_get 2 777 1003 1003isdir: 2 is a dir
extent_client_get 2 777 1003 1003extent_client_get 2 777 1003 1003extent_client_get 11 2 1003 1003isfile: 11 is a file
getfile 000000000000000b
extent_client_get 11 2 1003 1003getfile 000000000000000b -> sz 0
   getattr -> 0
   unique: 151, success, outsize: 144
unique: 152, opcode: OPEN (14), nodeid: 11, insize: 48, pid: 2613
   unique: 152, success, outsize: 32
unique: 153, opcode: WRITE (16), nodeid: 11, insize: 81, pid: 2613
extent_client_get 11 2 1003 1003extent_client_get 11 2 1003 1003   unique: 153, success, outsize: 24
unique: 154, opcode: WRITE (16), nodeid: 11, insize: 81, pid: 2613
extent_client_get 11 2 1003 1003extent_client_get 11 2 1003 1003   unique: 154, success, outsize: 24
unique: 155, opcode: WRITE (16), nodeid: 11, insize: 81, pid: 2613
extent_client_get 11 2 1003 1003extent_client_get 11 2 1003 1003   unique: 155, success, outsize: 24
unique: 156, opcode: WRITE (16), nodeid: 11, insize: 81, pid: 2613
extent_client_get 11 2 1003 1003extent_client_get 11 2 1003 1003   unique: 156, success, outsize: 24
unique: 157, opcode: WRITE (16), nodeid: 11, insize: 81, pid: 2613
extent_client_get 11 2 1003 1003extent_client_get 11 2 1003 1003   unique: 157, success, outsize: 24
unique: 158, opcode: WRITE (16), nodeid: 11, insize: 81, pid: 2613
extent_client_get 11 2 1003 1003extent_client_get 11 2 1003 1003   unique: 158, success, outsize: 24
unique: 159, opcode: WRITE (16), nodeid: 11, insize: 81, pid: 2613
extent_client_get 11 2 1003 1003extent_client_get 11 2 1003 1003   unique: 159, success, outsize: 24
unique: 160, opcode: WRITE (16), nodeid: 11, insize: 81, pid: 2613
extent_client_get 11 2 1003 1003extent_client_get 11 2 1003 1003   unique: 160, success, outsize: 24
unique: 161, opcode: WRITE (16), nodeid: 11, insize: 81, pid: 2613
extent_client_get 11 2 1003 1003extent_client_get 11 2 1003 1003   unique: 161, success, outsize: 24
unique: 162, opcode: WRITE (16), nodeid: 11, insize: 81, pid: 2613
extent_client_get 11 2 1003 1003extent_client_get 11 2 1003 1003   unique: 162, success, outsize: 24
unique: 163, opcode: WRITE (16), nodeid: 11, insize: 81, pid: 2613
extent_client_get 11 2 1003 1003extent_client_get 11 2 1003 1003   unique: 163, success, outsize: 24
unique: 164, opcode: WRITE (16), nodeid: 11, insize: 81, pid: 2613
extent_client_get 11 2 1003 1003extent_client_get 11 2 1003 1003   unique: 164, success, outsize: 24
unique: 165, opcode: WRITE (16), nodeid: 11, insize: 81, pid: 2613
extent_client_get 11 2 1003 1003extent_client_get 11 2 1003 1003   unique: 165, success, outsize: 24
unique: 166, opcode: WRITE (16), nodeid: 11, insize: 81, pid: 2613
extent_client_get 11 2 1003 1003extent_client_get 11 2 1003 1003   unique: 166, success, outsize: 24
unique: 167, opcode: WRITE (16), nodeid: 11, insize: 81, pid: 2613
extent_client_get 11 2 1003 1003extent_client_get 11 2 1003 1003   unique: 167, success, outsize: 24
unique: 168, opcode: WRITE (16), nodeid: 11, insize: 81, pid: 2613
extent_client_get 11 2 1003 1003extent_client_get 11 2 1003 1003   unique: 168, success, outsize: 24
unique: 169, opcode: WRITE (16), nodeid: 11, insize: 81, pid: 2613
extent_client_get 11 2 1003 1003extent_client_get 11 2 1003 1003   unique: 169, success, outsize: 24
unique: 170, opcode: WRITE (16), nodeid: 11, insize: 81, pid: 2613
extent_client_get 11 2 1003 1003extent_client_get 11 2 1003 1003   unique: 170, success, outsize: 24
unique: 171, opcode: WRITE (16), nodeid: 11, insize: 81, pid: 2613
extent_client_get 11 2 1003 1003extent_client_get 11 2 1003 1003   unique: 171, success, outsize: 24
unique: 172, opcode: WRITE (16), nodeid: 11, insize: 81, pid: 2613
extent_client_get 11 2 1003 1003extent_client_get 11 2 1003 1003   unique: 172, success, outsize: 24
unique: 173, opcode: WRITE (16), nodeid: 11, insize: 81, pid: 2613
extent_client_get 11 2 1003 1003extent_client_get 11 2 1003 1003   unique: 173, success, outsize: 24
unique: 174, opcode: WRITE (16), nodeid: 11, insize: 81, pid: 2613
extent_client_get 11 2 1003 1003extent_client_get 11 2 1003 1003   unique: 174, success, outsize: 24
unique: 175, opcode: WRITE (16), nodeid: 11, insize: 81, pid: 2613
extent_client_get 11 2 1003 1003extent_client_get 11 2 1003 1003   unique: 175, success, outsize: 24
unique: 176, opcode: WRITE (16), nodeid: 11, insize: 81, pid: 2613
extent_client_get 11 2 1003 1003extent_client_get 11 2 1003 1003   unique: 176, success, outsize: 24
unique: 177, opcode: WRITE (16), nodeid: 11, insize: 81, pid: 2613
extent_client_get 11 2 1003 1003extent_client_get 11 2 1003 1003   unique: 177, success, outsize: 24
unique: 178, opcode: WRITE (16), nodeid: 11, insize: 81, pid: 2613
extent_client_get 11 2 1003 1003extent_client_get 11 2 1003 1003   unique: 178, success, outsize: 24
unique: 179, opcode: WRITE (16), nodeid: 11, insize: 81, pid: 2613
extent_client_get 11 2 1003 1003extent_client_get 11 2 1003 1003   unique: 179, success, outsize: 24
unique: 180, opcode: WRITE (16), nodeid: 11, insize: 81, pid: 2613
extent_client_get 11 2 1003 1003extent_client_get 11 2 1003 1003   unique: 180, success, outsize: 24
unique: 181, opcode: WRITE (16), nodeid: 11, insize: 81, pid: 2613
extent_client_get 11 2 1003 1003extent_client_get 11 2 1003 1003   unique: 181, success, outsize: 24
unique: 182, opcode: WRITE (16), nodeid: 11, insize: 81, pid: 2613
extent_client_get 11 2 1003 1003extent_client_get 11 2 1003 1003   unique: 182, success, outsize: 24
unique: 183, opcode: WRITE (16), nodeid: 11, insize: 81, pid: 2613
extent_client_get 11 2 1003 1003extent_client_get 11 2 1003 1003   unique: 183, success, outsize: 24
unique: 184, opcode: WRITE (16), nodeid: 11, insize: 81, pid: 2613
extent_client_get 11 2 1003 1003extent_client_get 11 2 1003 1003   unique: 184, success, outsize: 24
unique: 185, opcode: WRITE (16), nodeid: 11, insize: 81, pid: 2613
extent_client_get 11 2 1003 1003extent_client_get 11 2 1003 1003   unique: 185, success, outsize: 24
unique: 186, opcode: WRITE (16), nodeid: 11, insize: 81, pid: 2613
extent_client_get 11 2 1003 1003extent_client_get 11 2 1003 1003   unique: 186, success, outsize: 24
unique: 187, opcode: WRITE (16), nodeid: 11, insize: 81, pid: 2613
extent_client_get 11 2 1003 1003extent_client_get 11 2 1003 1003   unique: 187, success, outsize: 24
unique: 188, opcode: WRITE (16), nodeid: 11, insize: 81, pid: 2613
extent_client_get 11 2 1003 1003extent_client_get 11 2 1003 1003   unique: 188, success, outsize: 24
unique: 189, opcode: WRITE (16), nodeid: 11, insize: 81, pid: 2613
extent_client_get 11 2 1003 1003extent_client_get 11 2 1003 1003   unique: 189, success, outsize: 24
unique: 190, opcode: WRITE (16), nodeid: 11, insize: 81, pid: 2613
extent_client_get 11 2 1003 1003extent_client_get 11 2 1003 1003   unique: 190, success, outsize: 24
unique: 191, opcode: WRITE (16), nodeid: 11, insize: 81, pid: 2613
extent_client_get 11 2 1003 1003extent_client_get 11 2 1003 1003   unique: 191, success, outsize: 24
unique: 192, opcode: WRITE (16), nodeid: 11, insize: 81, pid: 2613
extent_client_get 11 2 1003 1003extent_client_get 11 2 1003 1003   unique: 192, success, outsize: 24
unique: 193, opcode: WRITE (16), nodeid: 11, insize: 81, pid: 2613
extent_client_get 11 2 1003 1003extent_client_get 11 2 1003 1003   unique: 193, success, outsize: 24
unique: 194, opcode: WRITE (16), nodeid: 11, insize: 81, pid: 2613
extent_client_get 11 2 1003 1003extent_client_get 11 2 1003 1003   unique: 194, success, outsize: 24
unique: 195, opcode: WRITE (16), nodeid: 11, insize: 81, pid: 2613
extent_client_get 11 2 1003 1003extent_client_get 11 2 1003 1003   unique: 195, success, outsize: 24
unique: 196, opcode: WRITE (16), nodeid: 11, insize: 81, pid: 2613
extent_client_get 11 2 1003 1003extent_client_get 11 2 1003 1003   unique: 196, success, outsize: 24
unique: 197, opcode: WRITE (16), nodeid: 11, insize: 81, pid: 2613
extent_client_get 11 2 1003 1003extent_client_get 11 2 1003 1003   unique: 197, success, outsize: 24
unique: 198, opcode: WRITE (16), nodeid: 11, insize: 81, pid: 2613
extent_client_get 11 2 1003 1003extent_client_get 11 2 1003 1003   unique: 198, success, outsize: 24
unique: 199, opcode: WRITE (16), nodeid: 11, insize: 81, pid: 2613
extent_client_get 11 2 1003 1003extent_client_get 11 2 1003 1003   unique: 199, success, outsize: 24
unique: 200, opcode: WRITE (16), nodeid: 11, insize: 81, pid: 2613
extent_client_get 11 2 1003 1003extent_client_get 11 2 1003 1003   unique: 200, success, outsize: 24
unique: 201, opcode: WRITE (16), nodeid: 11, insize: 81, pid: 2613
extent_client_get 11 2 1003 1003extent_client_get 11 2 1003 1003   unique: 201, success, outsize: 24
unique: 202, opcode: WRITE (16), nodeid: 11, insize: 81, pid: 2613
extent_client_get 11 2 1003 1003extent_client_get 11 2 1003 1003   unique: 202, success, outsize: 24
unique: 203, opcode: WRITE (16), nodeid: 11, insize: 81, pid: 2613
extent_client_get 11 2 1003 1003extent_client_get 11 2 1003 1003   unique: 203, success, outsize: 24
unique: 204, opcode: WRITE (16), nodeid: 11, insize: 81, pid: 2613
extent_client_get 11 2 1003 1003extent_client_get 11 2 1003 1003   unique: 204, success, outsize: 24
unique: 205, opcode: WRITE (16), nodeid: 11, insize: 81, pid: 2613
extent_client_get 11 2 1003 1003extent_client_get 11 2 1003 1003   unique: 205, success, outsize: 24
unique: 206, opcode: WRITE (16), nodeid: 11, insize: 81, pid: 2613
extent_client_get 11 2 1003 1003extent_client_get 11 2 1003 1003   unique: 206, success, outsize: 24
unique: 207, opcode: WRITE (16), nodeid: 11, insize: 81, pid: 2613
extent_client_get 11 2 1003 1003extent_client_get 11 2 1003 1003   unique: 207, success, outsize: 24
unique: 208, opcode: WRITE (16), nodeid: 11, insize: 81, pid: 2613
extent_client_get 11 2 1003 1003extent_client_get 11 2 1003 1003   unique: 208, success, outsize: 24
unique: 209, opcode: WRITE (16), nodeid: 11, insize: 81, pid: 2613
extent_client_get 11 2 1003 1003extent_client_get 11 2 1003 1003   unique: 209, success, outsize: 24
unique: 210, opcode: WRITE (16), nodeid: 11, insize: 81, pid: 2613
extent_client_get 11 2 1003 1003extent_client_get 11 2 1003 1003   unique: 210, success, outsize: 24
unique: 211, opcode: WRITE (16), nodeid: 11, insize: 81, pid: 2613
extent_client_get 11 2 1003 1003extent_client_get 11 2 1003 1003   unique: 211, success, outsize: 24
unique: 212, opcode: WRITE (16), nodeid: 11, insize: 81, pid: 2613
extent_client_get 11 2 1003 1003extent_client_get 11 2 1003 1003   unique: 212, success, outsize: 24
unique: 213, opcode: WRITE (16), nodeid: 11, insize: 81, pid: 2613
extent_client_get 11 2 1003 1003extent_client_get 11 2 1003 1003   unique: 213, success, outsize: 24
unique: 214, opcode: WRITE (16), nodeid: 11, insize: 81, pid: 2613
extent_client_get 11 2 1003 1003extent_client_get 11 2 1003 1003   unique: 214, success, outsize: 24
unique: 215, opcode: WRITE (16), nodeid: 11, insize: 81, pid: 2613
extent_client_get 11 2 1003 1003extent_client_get 11 2 1003 1003   unique: 215, success, outsize: 24
unique: 216, opcode: WRITE (16), nodeid: 11, insize: 81, pid: 2613
extent_client_get 11 2 1003 1003extent_client_get 11 2 1003 1003   unique: 216, success, outsize: 24
unique: 217, opcode: RELEASE (18), nodeid: 11, insize: 64, pid: 0
   unique: 217, success, outsize: 16
unique: 218, opcode: LOOKUP (1), nodeid: 1, insize: 46, pid: 2613
extent_client_get 1 777 0 0isdir: 1 is a dir
extent_client_get 1 777 0 0isdir: 1 is a dir
extent_client_get 1 777 0 0extent_client_get 1 777 0 0extent_client_get 2 777 1003 1003isfile: 2 is not a file
extent_client_get 2 777 1003 1003isdir: 2 is a dir
getdir 0000000000000002
extent_client_get 2 777 1003 1003   getattr -> 1487594470 1487594490 1487594490
   unique: 218, success, outsize: 144
unique: 219, opcode: LOOKUP (1), nodeid: 2, insize: 43, pid: 2613
extent_client_get 2 777 1003 1003isdir: 2 is a dir
extent_client_get 2 777 1003 1003isdir: 2 is a dir
extent_client_get 2 777 1003 1003extent_client_get 2 777 1003 1003extent_client_get 12 0 1003 1003isfile: 12 is a file
getfile 000000000000000c
extent_client_get 12 0 1003 1003getfile 000000000000000c -> sz 0
   getattr -> 0
   unique: 219, success, outsize: 144
unique: 220, opcode: OPEN (14), nodeid: 12, insize: 48, pid: 2613
   unique: 220, success, outsize: 32
unique: 221, opcode: WRITE (16), nodeid: 12, insize: 81, pid: 2613
extent_client_get 12 0 1003 1003extent_client_get 12 0 1003 1003   unique: 221, error: -13 (Permission denied), outsize: 16
unique: 222, opcode: LOOKUP (1), nodeid: 1, insize: 46, pid: 2613
extent_client_get 1 777 0 0isdir: 1 is a dir
extent_client_get 1 777 0 0isdir: 1 is a dir
extent_client_get 1 777 0 0extent_client_get 1 777 0 0extent_client_get 2 777 1003 1003isfile: 2 is not a file
extent_client_get 2 777 1003 1003isdir: 2 is a dir
getdir 0000000000000002
extent_client_get 2 777 1003 1003   getattr -> 1487594470 1487594490 1487594490
   unique: 222, success, outsize: 144
unique: 223, opcode: LOOKUP (1), nodeid: 2, insize: 42, pid: 2613
extent_client_get 2 777 1003 1003isdir: 2 is a dir
extent_client_get 2 777 1003 1003isdir: 2 is a dir
extent_client_get 2 777 1003 1003extent_client_get 2 777 1003 1003extent_client_get 3 666 1003 1003isfile: 3 is a file
getfile 0000000000000003
extent_client_get 3 666 1003 1003getfile 0000000000000003 -> sz 64
   getattr -> 64
   unique: 223, success, outsize: 144
unique: 224, opcode: OPEN (14), nodeid: 3, insize: 48, pid: 2613
   unique: 224, success, outsize: 32
unique: 225, opcode: READ (15), nodeid: 3, insize: 80, pid: 2613
extent_client_get 3 666 1003 1003extent_client_get 3 666 1003 1003   unique: 225, success, outsize: 80
unique: 226, opcode: RELEASE (18), nodeid: 3, insize: 64, pid: 0
   unique: 226, success, outsize: 16
unique: 227, opcode: LOOKUP (1), nodeid: 1, insize: 46, pid: 2613
extent_client_get 1 777 0 0isdir: 1 is a dir
extent_client_get 1 777 0 0isdir: 1 is a dir
extent_client_get 1 777 0 0extent_client_get 1 777 0 0extent_client_get 2 777 1003 1003isfile: 2 is not a file
extent_client_get 2 777 1003 1003isdir: 2 is a dir
getdir 0000000000000002
extent_client_get 2 777 1003 1003   getattr -> 1487594470 1487594490 1487594490
   unique: 227, success, outsize: 144
unique: 228, opcode: LOOKUP (1), nodeid: 2, insize: 43, pid: 2613
extent_client_get 2 777 1003 1003isdir: 2 is a dir
extent_client_get 2 777 1003 1003isdir: 2 is a dir
extent_client_get 2 777 1003 1003extent_client_get 2 777 1003 1003extent_client_get 11 2 1003 1003isfile: 11 is a file
getfile 000000000000000b
extent_client_get 11 2 1003 1003getfile 000000000000000b -> sz 64
   getattr -> 64
   unique: 228, success, outsize: 144
unique: 229, opcode: OPEN (14), nodeid: 11, insize: 48, pid: 2613
   unique: 229, success, outsize: 32
unique: 230, opcode: READ (15), nodeid: 11, insize: 80, pid: 2613
extent_client_get 11 2 1003 1003extent_client_get 11 2 1003 1003   unique: 230, error: -13 (Permission denied), outsize: 16
unique: 231, opcode: READ (15), nodeid: 11, insize: 80, pid: 2613
extent_client_get 11 2 1003 1003extent_client_get 11 2 1003 1003   unique: 231, error: -13 (Permission denied), outsize: 16
unique: 232, opcode: LOOKUP (1), nodeid: 1, insize: 46, pid: 2613
extent_client_get 1 777 0 0isdir: 1 is a dir
extent_client_get 1 777 0 0isdir: 1 is a dir
extent_client_get 1 777 0 0extent_client_get 1 777 0 0extent_client_get 2 777 1003 1003isfile: 2 is not a file
extent_client_get 2 777 1003 1003isdir: 2 is a dir
getdir 0000000000000002
extent_client_get 2 777 1003 1003   getattr -> 1487594470 1487594490 1487594490
   unique: 232, success, outsize: 144
unique: 233, opcode: LOOKUP (1), nodeid: 2, insize: 43, pid: 2613
extent_client_get 2 777 1003 1003isdir: 2 is a dir
extent_client_get 2 777 1003 1003isdir: 2 is a dir
extent_client_get 2 777 1003 1003extent_client_get 2 777 1003 1003extent_client_get 10 4 1003 1003isfile: 10 is a file
getfile 000000000000000a
extent_client_get 10 4 1003 1003getfile 000000000000000a -> sz 0
   getattr -> 0
   unique: 233, success, outsize: 144
unique: 234, opcode: OPEN (14), nodeid: 10, insize: 48, pid: 2613
   unique: 234, success, outsize: 32
unique: 235, opcode: GETATTR (3), nodeid: 10, insize: 56, pid: 2613
extent_client_get 10 4 1003 1003isfile: 10 is a file
getfile 000000000000000a
extent_client_get 10 4 1003 1003getfile 000000000000000a -> sz 0
   getattr -> 0
   unique: 235, success, outsize: 120
unique: 236, opcode: READ (15), nodeid: 10, insize: 80, pid: 2613
extent_client_get 10 4 1003 1003extent_client_get 10 4 1003 1003   unique: 236, success, outsize: 16
unique: 237, opcode: LOOKUP (1), nodeid: 1, insize: 46, pid: 2613
extent_client_get 1 777 0 0isdir: 1 is a dir
extent_client_get 1 777 0 0isdir: 1 is a dir
extent_client_get 1 777 0 0extent_client_get 1 777 0 0extent_client_get 2 777 1003 1003isfile: 2 is not a file
extent_client_get 2 777 1003 1003isdir: 2 is a dir
getdir 0000000000000002
extent_client_get 2 777 1003 1003   getattr -> 1487594470 1487594490 1487594490
   unique: 237, success, outsize: 144
unique: 238, opcode: LOOKUP (1), nodeid: 2, insize: 43, pid: 2613
extent_client_get 2 777 1003 1003isdir: 2 is a dir
extent_client_get 2 777 1003 1003isdir: 2 is a dir
extent_client_get 2 777 1003 1003extent_client_get 2 777 1003 1003extent_client_get 12 0 1003 1003isfile: 12 is a file
getfile 000000000000000c
extent_client_get 12 0 1003 1003getfile 000000000000000c -> sz 0
   getattr -> 0
   unique: 238, success, outsize: 144
unique: 239, opcode: OPEN (14), nodeid: 12, insize: 48, pid: 2613
   unique: 239, success, outsize: 32
unique: 240, opcode: GETATTR (3), nodeid: 12, insize: 56, pid: 2613
extent_client_get 12 0 1003 1003isfile: 12 is a file
getfile 000000000000000c
extent_client_get 12 0 1003 1003getfile 000000000000000c -> sz 0
   getattr -> 0
   unique: 240, success, outsize: 120
unique: 241, opcode: READ (15), nodeid: 12, insize: 80, pid: 2613
extent_client_get 12 0 1003 1003extent_client_get 12 0 1003 1003   unique: 241, error: -13 (Permission denied), outsize: 16
unique: 242, opcode: LOOKUP (1), nodeid: 1, insize: 46, pid: 2613
extent_client_get 1 777 0 0isdir: 1 is a dir
extent_client_get 1 777 0 0isdir: 1 is a dir
extent_client_get 1 777 0 0extent_client_get 1 777 0 0extent_client_get 2 777 1003 1003isfile: 2 is not a file
extent_client_get 2 777 1003 1003isdir: 2 is a dir
getdir 0000000000000002
extent_client_get 2 777 1003 1003   getattr -> 1487594470 1487594516 1487594516
   unique: 242, success, outsize: 144
unique: 243, opcode: LOOKUP (1), nodeid: 2, insize: 43, pid: 2613
extent_client_get 2 777 1003 1003isdir: 2 is a dir
extent_client_get 2 777 1003 1003isdir: 2 is a dir
extent_client_get 2 777 1003 1003extent_client_get 2 777 1003 1003extent_client_get 22 420 1003 1003isfile: 22 is a file
getfile 0000000000000016
extent_client_get 22 420 1003 1003getfile 0000000000000016 -> sz 64
   getattr -> 64
   unique: 243, success, outsize: 144
unique: 244, opcode: OPEN (14), nodeid: 22, insize: 48, pid: 2613
   unique: 244, success, outsize: 32
unique: 245, opcode: READ (15), nodeid: 22, insize: 80, pid: 2613
extent_client_get 22 420 1003 1003extent_client_get 22 420 1003 1003   unique: 245, error: -13 (Permission denied), outsize: 16
unique: 246, opcode: READ (15), nodeid: 22, insize: 80, pid: 2613
extent_client_get 22 420 1003 1003extent_client_get 22 420 1003 1003   unique: 246, error: -13 (Permission denied), outsize: 16
unique: 247, opcode: LOOKUP (1), nodeid: 1, insize: 46, pid: 2613
extent_client_get 1 777 0 0isdir: 1 is a dir
extent_client_get 1 777 0 0isdir: 1 is a dir
extent_client_get 1 777 0 0extent_client_get 1 777 0 0extent_client_get 2 777 1003 1003isfile: 2 is not a file
extent_client_get 2 777 1003 1003isdir: 2 is a dir
getdir 0000000000000002
extent_client_get 2 777 1003 1003   getattr -> 1487594470 1487594516 1487594516
   unique: 247, success, outsize: 144
unique: 248, opcode: LOOKUP (1), nodeid: 2, insize: 43, pid: 2613
extent_client_get 2 777 1003 1003isdir: 2 is a dir
extent_client_get 2 777 1003 1003isdir: 2 is a dir
extent_client_get 2 777 1003 1003extent_client_get 2 777 1003 1003extent_client_get 22 420 1003 1003isfile: 22 is a file
getfile 0000000000000016
extent_client_get 22 420 1003 1003getfile 0000000000000016 -> sz 64
   getattr -> 64
   unique: 248, success, outsize: 144
unique: 249, opcode: OPEN (14), nodeid: 22, insize: 48, pid: 2613
   unique: 249, success, outsize: 32
unique: 250, opcode: WRITE (16), nodeid: 22, insize: 81, pid: 2613
extent_client_get 22 420 1003 1003extent_client_get 22 420 1003 1003   unique: 250, error: -13 (Permission denied), outsize: 16
unique: 251, opcode: LOOKUP (1), nodeid: 1, insize: 46, pid: 2613
extent_client_get 1 777 0 0isdir: 1 is a dir
extent_client_get 1 777 0 0isdir: 1 is a dir
extent_client_get 1 777 0 0extent_client_get 1 777 0 0extent_client_get 2 777 1003 1003isfile: 2 is not a file
extent_client_get 2 777 1003 1003isdir: 2 is a dir
getdir 0000000000000002
extent_client_get 2 777 1003 1003   getattr -> 1487594470 1487594516 1487594516
   unique: 251, success, outsize: 144
unique: 252, opcode: LOOKUP (1), nodeid: 2, insize: 43, pid: 2613
extent_client_get 2 777 1003 1003isdir: 2 is a dir
extent_client_get 2 777 1003 1003isdir: 2 is a dir
extent_client_get 2 777 1003 1003extent_client_get 2 777 1003 1003extent_client_get 22 420 1003 1003isfile: 22 is a file
getfile 0000000000000016
extent_client_get 22 420 1003 1003getfile 0000000000000016 -> sz 64
   getattr -> 64
   unique: 252, success, outsize: 144
unique: 253, opcode: SETATTR (4), nodeid: 22, insize: 128, pid: 2613
fuseserver_setattr 0x1
attr->mode 100666
attr->u_id 0
attr->g_id 0
extent_client_get 22 420 1003 1003   unique: 253, error: -13 (Permission denied), outsize: 16
unique: 254, opcode: LOOKUP (1), nodeid: 1, insize: 46, pid: 2613
extent_client_get 1 777 0 0isdir: 1 is a dir
extent_client_get 1 777 0 0isdir: 1 is a dir
extent_client_get 1 777 0 0extent_client_get 1 777 0 0extent_client_get 2 777 1003 1003isfile: 2 is not a file
extent_client_get 2 777 1003 1003isdir: 2 is a dir
getdir 0000000000000002
extent_client_get 2 777 1003 1003   getattr -> 1487594470 1487594516 1487594516
   unique: 254, success, outsize: 144
unique: 255, opcode: LOOKUP (1), nodeid: 2, insize: 43, pid: 2613
extent_client_get 2 777 1003 1003isdir: 2 is a dir
extent_client_get 2 777 1003 1003isdir: 2 is a dir
extent_client_get 2 777 1003 1003extent_client_get 2 777 1003 1003extent_client_get 22 420 1003 1003isfile: 22 is a file
getfile 0000000000000016
extent_client_get 22 420 1003 1003getfile 0000000000000016 -> sz 64
   getattr -> 64
   unique: 255, success, outsize: 144
unique: 256, opcode: OPEN (14), nodeid: 22, insize: 48, pid: 2613
   unique: 256, success, outsize: 32
unique: 257, opcode: READ (15), nodeid: 22, insize: 80, pid: 2613
extent_client_get 22 420 1003 1003extent_client_get 22 420 1003 1003   unique: 257, error: -13 (Permission denied), outsize: 16
unique: 258, opcode: READ (15), nodeid: 22, insize: 80, pid: 2613
extent_client_get 22 420 1003 1003extent_client_get 22 420 1003 1003   unique: 258, error: -13 (Permission denied), outsize: 16
unique: 259, opcode: LOOKUP (1), nodeid: 1, insize: 46, pid: 2613
extent_client_get 1 777 0 0isdir: 1 is a dir
extent_client_get 1 777 0 0isdir: 1 is a dir
extent_client_get 1 777 0 0extent_client_get 1 777 0 0extent_client_get 2 777 1003 1003isfile: 2 is not a file
extent_client_get 2 777 1003 1003isdir: 2 is a dir
getdir 0000000000000002
extent_client_get 2 777 1003 1003   getattr -> 1487594470 1487594516 1487594516
   unique: 259, success, outsize: 144
unique: 260, opcode: LOOKUP (1), nodeid: 2, insize: 43, pid: 2613
extent_client_get 2 777 1003 1003isdir: 2 is a dir
extent_client_get 2 777 1003 1003isdir: 2 is a dir
extent_client_get 2 777 1003 1003extent_client_get 2 777 1003 1003extent_client_get 22 420 1003 1003isfile: 22 is a file
getfile 0000000000000016
extent_client_get 22 420 1003 1003getfile 0000000000000016 -> sz 64
   getattr -> 64
   unique: 260, success, outsize: 144
unique: 261, opcode: OPEN (14), nodeid: 22, insize: 48, pid: 2613
   unique: 261, success, outsize: 32
unique: 262, opcode: WRITE (16), nodeid: 22, insize: 81, pid: 2613
extent_client_get 22 420 1003 1003extent_client_get 22 420 1003 1003   unique: 262, error: -13 (Permission denied), outsize: 16
unique: 263, opcode: LOOKUP (1), nodeid: 1, insize: 46, pid: 2613
extent_client_get 1 777 0 0isdir: 1 is a dir
extent_client_get 1 777 0 0isdir: 1 is a dir
extent_client_get 1 777 0 0extent_client_get 1 777 0 0extent_client_get 2 777 1003 1003isfile: 2 is not a file
extent_client_get 2 777 1003 1003isdir: 2 is a dir
getdir 0000000000000002
extent_client_get 2 777 1003 1003   getattr -> 1487594470 1487594527 1487594527
   unique: 263, success, outsize: 144
unique: 264, opcode: LOOKUP (1), nodeid: 2, insize: 43, pid: 2613
extent_client_get 2 777 1003 1003isdir: 2 is a dir
extent_client_get 2 777 1003 1003isdir: 2 is a dir
extent_client_get 2 777 1003 1003extent_client_get 2 777 1003 1003extent_client_get 23 642 1004 1005isfile: 23 is a file
getfile 0000000000000017
extent_client_get 23 642 1004 1005getfile 0000000000000017 -> sz 64
   getattr -> 64
   unique: 264, success, outsize: 144
unique: 265, opcode: OPEN (14), nodeid: 23, insize: 48, pid: 2613
   unique: 265, success, outsize: 32
unique: 266, opcode: WRITE (16), nodeid: 23, insize: 81, pid: 2613
extent_client_get 23 642 1004 1005extent_client_get 23 642 1004 1005   unique: 266, error: -13 (Permission denied), outsize: 16
unique: 267, opcode: LOOKUP (1), nodeid: 1, insize: 46, pid: 2613
extent_client_get 1 777 0 0isdir: 1 is a dir
extent_client_get 1 777 0 0isdir: 1 is a dir
extent_client_get 1 777 0 0extent_client_get 1 777 0 0extent_client_get 2 777 1003 1003isfile: 2 is not a file
extent_client_get 2 777 1003 1003isdir: 2 is a dir
getdir 0000000000000002
extent_client_get 2 777 1003 1003   getattr -> 1487594470 1487594527 1487594527
   unique: 267, success, outsize: 144
unique: 268, opcode: LOOKUP (1), nodeid: 2, insize: 43, pid: 2613
extent_client_get 2 777 1003 1003isdir: 2 is a dir
extent_client_get 2 777 1003 1003isdir: 2 is a dir
extent_client_get 2 777 1003 1003extent_client_get 2 777 1003 1003extent_client_get 23 642 1004 1005isfile: 23 is a file
getfile 0000000000000017
extent_client_get 23 642 1004 1005getfile 0000000000000017 -> sz 64
   getattr -> 64
   unique: 268, success, outsize: 144
unique: 269, opcode: SETATTR (4), nodeid: 23, insize: 128, pid: 2613
fuseserver_setattr 0x6
attr->mode 0
attr->u_id 1003
attr->g_id 1003
extent_client_get 23 642 1004 1005   unique: 269, error: -13 (Permission denied), outsize: 16
unique: 270, opcode: LOOKUP (1), nodeid: 1, insize: 46, pid: 2613
extent_client_get 1 777 0 0isdir: 1 is a dir
extent_client_get 1 777 0 0isdir: 1 is a dir
extent_client_get 1 777 0 0extent_client_get 1 777 0 0extent_client_get 2 777 1003 1003isfile: 2 is not a file
extent_client_get 2 777 1003 1003isdir: 2 is a dir
getdir 0000000000000002
extent_client_get 2 777 1003 1003   getattr -> 1487594470 1487594527 1487594527
   unique: 270, success, outsize: 144
unique: 271, opcode: LOOKUP (1), nodeid: 2, insize: 44, pid: 2613
extent_client_get 2 777 1003 1003isdir: 2 is a dir
extent_client_get 2 777 1003 1003isdir: 2 is a dir
extent_client_get 2 777 1003 1003extent_client_get 2 777 1003 1003extent_client_get 19 117 1003 1003isfile: 19 is not a file
extent_client_get 19 117 1003 1003isdir: 19 is a dir
getdir 0000000000000013
extent_client_get 19 117 1003 1003   getattr -> 1487594488 1487594530 1487594530
   unique: 271, success, outsize: 144
unique: 272, opcode: LOOKUP (1), nodeid: 19, insize: 46, pid: 2613
extent_client_get 19 117 1003 1003isdir: 19 is a dir
extent_client_get 19 117 1003 1003isdir: 19 is a dir
extent_client_get 19 117 1003 1003extent_client_get 19 117 1003 1003   unique: 272, error: -2 (No such file or directory), outsize: 16
unique: 273, opcode: CREATE (35), nodeid: 19, insize: 62, pid: 2613

in_createextent_client_get 19 117 1003 1003


directory 19 117 1003 1003


extent_client_get 19 117 1003 1003extent_client_get 19 117 1003 1003
in_create 117 1 1 1 end
extent_client_get 19 117 1003 1003isdir: 19 is a dir
extent_client_get 19 117 1003 1003isdir: 19 is a dir
extent_client_get 19 117 1003 1003isdir: 19 is a dir
extent_client_get 19 117 1003 1003extent_client_get 19 117 1003 1003extent_client_get 50 666 1005 1005isfile: 50 is a file
getfile 0000000000000032
extent_client_get 50 666 1005 1005getfile 0000000000000032 -> sz 0
   getattr -> 0
   unique: 273, success, outsize: 160
OK: create returns.
unique: 274, opcode: LOOKUP (1), nodeid: 1, insize: 46, pid: 2613
extent_client_get 1 777 0 0isdir: 1 is a dir
extent_client_get 1 777 0 0isdir: 1 is a dir
extent_client_get 1 777 0 0extent_client_get 1 777 0 0extent_client_get 2 777 1003 1003isfile: 2 is not a file
extent_client_get 2 777 1003 1003isdir: 2 is a dir
getdir 0000000000000002
extent_client_get 2 777 1003 1003   getattr -> 1487594470 1487594527 1487594527
   unique: 274, success, outsize: 144
unique: 275, opcode: LOOKUP (1), nodeid: 2, insize: 44, pid: 2613
extent_client_get 2 777 1003 1003isdir: 2 is a dir
extent_client_get 2 777 1003 1003isdir: 2 is a dir
extent_client_get 2 777 1003 1003extent_client_get 2 777 1003 1003extent_client_get 19 117 1003 1003isfile: 19 is not a file
extent_client_get 19 117 1003 1003isdir: 19 is a dir
getdir 0000000000000013
extent_client_get 19 117 1003 1003   getattr -> 1487594488 1487594531 1487594531
   unique: 275, success, outsize: 144
unique: 276, opcode: LOOKUP (1), nodeid: 19, insize: 45, pid: 2613
extent_client_get 19 117 1003 1003isdir: 19 is a dir
extent_client_get 19 117 1003 1003isdir: 19 is a dir
extent_client_get 19 117 1003 1003extent_client_get 19 117 1003 1003   unique: 276, error: -2 (No such file or directory), outsize: 16
unique: 277, opcode: MKDIR (9), nodeid: 19, insize: 53, pid: 2613
extent_client_get 19 117 1003 1003extent_client_get 19 117 1003 1003
in_mkdir 511 1 1 1extent_client_get 19 117 1003 1003isdir: 19 is a dir
extent_client_get 19 117 1003 1003isdir: 19 is a dir
extent_client_get 19 117 1003 1003isdir: 19 is a dir
extent_client_get 19 117 1003 1003extent_client_get 19 117 1003 1003extent_client_get 51 777 1005 1005isfile: 51 is not a file
extent_client_get 51 777 1005 1005isdir: 51 is a dir
getdir 0000000000000033
extent_client_get 51 777 1005 1005   getattr -> 1487594531 1487594531 1487594531
   unique: 277, success, outsize: 144
unique: 278, opcode: LOOKUP (1), nodeid: 1, insize: 46, pid: 2613
extent_client_get 1 777 0 0isdir: 1 is a dir
extent_client_get 1 777 0 0isdir: 1 is a dir
extent_client_get 1 777 0 0extent_client_get 1 777 0 0extent_client_get 2 777 1003 1003isfile: 2 is not a file
extent_client_get 2 777 1003 1003isdir: 2 is a dir
getdir 0000000000000002
extent_client_get 2 777 1003 1003   getattr -> 1487594470 1487594527 1487594527
   unique: 278, success, outsize: 144
unique: 279, opcode: LOOKUP (1), nodeid: 2, insize: 44, pid: 2613
extent_client_get 2 777 1003 1003isdir: 2 is a dir
extent_client_get 2 777 1003 1003isdir: 2 is a dir
extent_client_get 2 777 1003 1003extent_client_get 2 777 1003 1003extent_client_get 20 115 1003 1003isfile: 20 is not a file
extent_client_get 20 115 1003 1003isdir: 20 is a dir
getdir 0000000000000014
extent_client_get 20 115 1003 1003   getattr -> 1487594489 1487594530 1487594530
   unique: 279, success, outsize: 144
unique: 280, opcode: LOOKUP (1), nodeid: 20, insize: 46, pid: 2613
extent_client_get 20 115 1003 1003isdir: 20 is a dir
extent_client_get 20 115 1003 1003isdir: 20 is a dir
extent_client_get 20 115 1003 1003extent_client_get 20 115 1003 1003   unique: 280, error: -2 (No such file or directory), outsize: 16
unique: 281, opcode: CREATE (35), nodeid: 20, insize: 62, pid: 2613

in_createextent_client_get 20 115 1003 1003


directory 20 115 1003 1003


extent_client_get 20 115 1003 1003extent_client_get 20 115 1003 1003
in_create 115 1 0 1 end
   unique: 281, error: -13 (Permission denied), outsize: 16
unique: 282, opcode: LOOKUP (1), nodeid: 1, insize: 46, pid: 2613
extent_client_get 1 777 0 0isdir: 1 is a dir
extent_client_get 1 777 0 0isdir: 1 is a dir
extent_client_get 1 777 0 0extent_client_get 1 777 0 0extent_client_get 2 777 1003 1003isfile: 2 is not a file
extent_client_get 2 777 1003 1003isdir: 2 is a dir
getdir 0000000000000002
extent_client_get 2 777 1003 1003   getattr -> 1487594470 1487594527 1487594527
   unique: 282, success, outsize: 144
unique: 283, opcode: LOOKUP (1), nodeid: 2, insize: 44, pid: 2613
extent_client_get 2 777 1003 1003isdir: 2 is a dir
extent_client_get 2 777 1003 1003isdir: 2 is a dir
extent_client_get 2 777 1003 1003extent_client_get 2 777 1003 1003extent_client_get 21 113 1003 1003isfile: 21 is not a file
extent_client_get 21 113 1003 1003isdir: 21 is a dir
getdir 0000000000000015
extent_client_get 21 113 1003 1003   getattr -> 1487594490 1487594530 1487594530
   unique: 283, success, outsize: 144
unique: 284, opcode: LOOKUP (1), nodeid: 21, insize: 46, pid: 2613
extent_client_get 21 113 1003 1003isdir: 21 is a dir
extent_client_get 21 113 1003 1003isdir: 21 is a dir
extent_client_get 21 113 1003 1003extent_client_get 21 113 1003 1003   unique: 284, error: -2 (No such file or directory), outsize: 16
unique: 285, opcode: CREATE (35), nodeid: 21, insize: 62, pid: 2613

in_createextent_client_get 21 113 1003 1003


directory 21 113 1003 1003


extent_client_get 21 113 1003 1003extent_client_get 21 113 1003 1003
in_create 113 0 1 1 end
extent_client_get 21 113 1003 1003isdir: 21 is a dir
extent_client_get 21 113 1003 1003isdir: 21 is a dir
extent_client_get 21 113 1003 1003isdir: 21 is a dir
extent_client_get 21 113 1003 1003extent_client_get 21 113 1003 1003extent_client_get 52 666 1005 1005isfile: 52 is a file
getfile 0000000000000034
extent_client_get 52 666 1005 1005getfile 0000000000000034 -> sz 0
   getattr -> 0
   unique: 285, success, outsize: 160
OK: create returns.
unique: 286, opcode: LOOKUP (1), nodeid: 1, insize: 46, pid: 2613
extent_client_get 1 777 0 0isdir: 1 is a dir
extent_client_get 1 777 0 0isdir: 1 is a dir
extent_client_get 1 777 0 0extent_client_get 1 777 0 0extent_client_get 2 777 1003 1003isfile: 2 is not a file
extent_client_get 2 777 1003 1003isdir: 2 is a dir
getdir 0000000000000002
extent_client_get 2 777 1003 1003   getattr -> 1487594470 1487594527 1487594527
   unique: 286, success, outsize: 144
unique: 287, opcode: LOOKUP (1), nodeid: 2, insize: 44, pid: 2613
extent_client_get 2 777 1003 1003isdir: 2 is a dir
extent_client_get 2 777 1003 1003isdir: 2 is a dir
extent_client_get 2 777 1003 1003extent_client_get 2 777 1003 1003extent_client_get 21 113 1003 1003isfile: 21 is not a file
extent_client_get 21 113 1003 1003isdir: 21 is a dir
getdir 0000000000000015
extent_client_get 21 113 1003 1003   getattr -> 1487594490 1487594531 1487594531
   unique: 287, success, outsize: 144
unique: 288, opcode: LOOKUP (1), nodeid: 21, insize: 45, pid: 2613
extent_client_get 21 113 1003 1003isdir: 21 is a dir
extent_client_get 21 113 1003 1003isdir: 21 is a dir
extent_client_get 21 113 1003 1003extent_client_get 21 113 1003 1003   unique: 288, error: -2 (No such file or directory), outsize: 16
unique: 289, opcode: MKDIR (9), nodeid: 21, insize: 53, pid: 2613
extent_client_get 21 113 1003 1003extent_client_get 21 113 1003 1003
in_mkdir 511 0 1 1extent_client_get 21 113 1003 1003isdir: 21 is a dir
extent_client_get 21 113 1003 1003isdir: 21 is a dir
extent_client_get 21 113 1003 1003isdir: 21 is a dir
extent_client_get 21 113 1003 1003extent_client_get 21 113 1003 1003extent_client_get 53 777 1005 1005isfile: 53 is not a file
extent_client_get 53 777 1005 1005isdir: 53 is a dir
getdir 0000000000000035
extent_client_get 53 777 1005 1005   getattr -> 1487594531 1487594531 1487594531
   unique: 289, success, outsize: 144
unique: 290, opcode: LOOKUP (1), nodeid: 1, insize: 46, pid: 2613
extent_client_get 1 777 0 0isdir: 1 is a dir
extent_client_get 1 777 0 0isdir: 1 is a dir
extent_client_get 1 777 0 0extent_client_get 1 777 0 0extent_client_get 2 777 1003 1003isfile: 2 is not a file
extent_client_get 2 777 1003 1003isdir: 2 is a dir
getdir 0000000000000002
extent_client_get 2 777 1003 1003   getattr -> 1487594470 1487594527 1487594527
   unique: 290, success, outsize: 144
unique: 291, opcode: LOOKUP (1), nodeid: 2, insize: 44, pid: 2613
extent_client_get 2 777 1003 1003isdir: 2 is a dir
extent_client_get 2 777 1003 1003isdir: 2 is a dir
extent_client_get 2 777 1003 1003extent_client_get 2 777 1003 1003extent_client_get 19 117 1003 1003isfile: 19 is not a file
extent_client_get 19 117 1003 1003isdir: 19 is a dir
getdir 0000000000000013
extent_client_get 19 117 1003 1003   getattr -> 1487594488 1487594531 1487594531
   unique: 291, success, outsize: 144
unique: 292, opcode: OPENDIR (27), nodeid: 19, insize: 48, pid: 2613
   unique: 292, success, outsize: 32
unique: 293, opcode: READDIR (28), nodeid: 19, insize: 80, pid: 2613
fuseserver_readdir
extent_client_get 19 117 1003 1003isdir: 19 is a dir
extent_client_get 19 117 1003 1003isdir: 19 is a dir
extent_client_get 19 117 1003 1003extent_client_get 19 117 1003 1003   unique: 293, success, outsize: 144
unique: 294, opcode: LOOKUP (1), nodeid: 1, insize: 46, pid: 2613
extent_client_get 1 777 0 0isdir: 1 is a dir
extent_client_get 1 777 0 0isdir: 1 is a dir
extent_client_get 1 777 0 0extent_client_get 1 777 0 0extent_client_get 2 777 1003 1003isfile: 2 is not a file
extent_client_get 2 777 1003 1003isdir: 2 is a dir
getdir 0000000000000002
extent_client_get 2 777 1003 1003   getattr -> 1487594470 1487594527 1487594527
   unique: 294, success, outsize: 144
unique: 295, opcode: LOOKUP (1), nodeid: 2, insize: 44, pid: 2613
extent_client_get 2 777 1003 1003isdir: 2 is a dir
extent_client_get 2 777 1003 1003isdir: 2 is a dir
extent_client_get 2 777 1003 1003extent_client_get 2 777 1003 1003extent_client_get 20 115 1003 1003isfile: 20 is not a file
extent_client_get 20 115 1003 1003isdir: 20 is a dir
getdir 0000000000000014
extent_client_get 20 115 1003 1003   getattr -> 1487594489 1487594530 1487594530
   unique: 295, success, outsize: 144
unique: 296, opcode: OPENDIR (27), nodeid: 20, insize: 48, pid: 2613
   unique: 296, success, outsize: 32
unique: 297, opcode: READDIR (28), nodeid: 20, insize: 80, pid: 2613
fuseserver_readdir
extent_client_get 20 115 1003 1003isdir: 20 is a dir
extent_client_get 20 115 1003 1003isdir: 20 is a dir
extent_client_get 20 115 1003 1003extent_client_get 20 115 1003 1003   unique: 297, success, outsize: 80
unique: 298, opcode: LOOKUP (1), nodeid: 1, insize: 46, pid: 2613
extent_client_get 1 777 0 0isdir: 1 is a dir
extent_client_get 1 777 0 0isdir: 1 is a dir
extent_client_get 1 777 0 0extent_client_get 1 777 0 0extent_client_get 2 777 1003 1003isfile: 2 is not a file
extent_client_get 2 777 1003 1003isdir: 2 is a dir
getdir 0000000000000002
extent_client_get 2 777 1003 1003   getattr -> 1487594470 1487594527 1487594527
   unique: 298, success, outsize: 144
unique: 299, opcode: LOOKUP (1), nodeid: 2, insize: 44, pid: 2613
extent_client_get 2 777 1003 1003isdir: 2 is a dir
extent_client_get 2 777 1003 1003isdir: 2 is a dir
extent_client_get 2 777 1003 1003extent_client_get 2 777 1003 1003extent_client_get 21 113 1003 1003isfile: 21 is not a file
extent_client_get 21 113 1003 1003isdir: 21 is a dir
getdir 0000000000000015
extent_client_get 21 113 1003 1003   getattr -> 1487594490 1487594531 1487594531
   unique: 299, success, outsize: 144
unique: 300, opcode: OPENDIR (27), nodeid: 21, insize: 48, pid: 2613
   unique: 300, success, outsize: 32
unique: 301, opcode: READDIR (28), nodeid: 21, insize: 80, pid: 2613
fuseserver_readdir
extent_client_get 21 113 1003 1003isdir: 21 is a dir
extent_client_get 21 113 1003 1003isdir: 21 is a dir
extent_client_get 21 113 1003 1003extent_client_get 21 113 1003 1003   unique: 301, error: -13 (Permission denied), outsize: 16
unique: 302, opcode: RELEASE (18), nodeid: 10, insize: 64, pid: 0
   unique: 302, success, outsize: 16
unique: 303, opcode: RELEASE (18), nodeid: 12, insize: 64, pid: 0
   unique: 303, success, outsize: 16
unique: 304, opcode: RELEASE (18), nodeid: 11, insize: 64, pid: 0
   unique: 304, success, outsize: 16
unique: 305, opcode: RELEASE (18), nodeid: 10, insize: 64, pid: 0
   unique: 305, success, outsize: 16
unique: 306, opcode: RELEASE (18), nodeid: 12, insize: 64, pid: 0
   unique: 306, success, outsize: 16
unique: 307, opcode: RELEASE (18), nodeid: 22, insize: 64, pid: 0
   unique: 307, success, outsize: 16
unique: 308, opcode: RELEASE (18), nodeid: 22, insize: 64, pid: 0
   unique: 308, success, outsize: 16
unique: 309, opcode: RELEASE (18), nodeid: 22, insize: 64, pid: 0
   unique: 309, success, outsize: 16
unique: 310, opcode: RELEASE (18), nodeid: 22, insize: 64, pid: 0
   unique: 310, success, outsize: 16
unique: 311, opcode: RELEASE (18), nodeid: 23, insize: 64, pid: 0
   unique: 311, success, outsize: 16
unique: 312, opcode: RELEASE (18), nodeid: 50, insize: 64, pid: 0
   unique: 312, success, outsize: 16
unique: 313, opcode: RELEASE (18), nodeid: 52, insize: 64, pid: 0
   unique: 313, success, outsize: 16
unique: 314, opcode: RELEASEDIR (29), nodeid: 19, insize: 64, pid: 0
   unique: 314, success, outsize: 16
unique: 315, opcode: RELEASEDIR (29), nodeid: 20, insize: 64, pid: 0
   unique: 315, success, outsize: 16
unique: 316, opcode: RELEASEDIR (29), nodeid: 21, insize: 64, pid: 0
   unique: 316, success, outsize: 16
unique: 317, opcode: BATCH_FORGET (42), nodeid: 0, insize: 160, pid: 0
